  uic QtWidgetsApplication2.ui
  rcc QtWidgetsApplication2.qrc
  moc QtWidgetsApplication2.h
   RCC: Warning: No resources in 'C:\Users\andre\Desktop\oop\QtWidgetsApplication2\QtWidgetsApplication2\QtWidgetsApplication2.qrc'.
  GUI.cpp
  ListaNotificariGUI.cpp
  Modele.cpp
  MyGUIModel.cpp
  Observer.cpp
  Teste.cpp
  UI.cpp
  ValidareLocatar.cpp
  AbstractRepo.cpp
  ActiuneUndo.cpp
  Exceptii.cpp
  ExceptionRepo.cpp
C:\Users\andre\Desktop\Qt1\6.0.3\msvc2019_64\include\QtCore\qglobal.h(379,31): error C7525: inline variables require at least '/std:c++17' (compiling source file GUI.cpp)
C:\Users\andre\Desktop\Qt1\6.0.3\msvc2019_64\include\QtCore\qglobal.h(379,31): error C7525: inline variables require at least '/std:c++17' (compiling source file Modele.cpp)
C:\Users\andre\Desktop\Qt1\6.0.3\msvc2019_64\include\QtCore\qglobal.h(1253,65): error C7525: inline variables require at least '/std:c++17' (compiling source file GUI.cpp)
C:\Users\andre\Desktop\Qt1\6.0.3\msvc2019_64\include\QtCore\qglobal.h(1254,70): error C7525: inline variables require at least '/std:c++17' (compiling source file GUI.cpp)
C:\Users\andre\Desktop\Qt1\6.0.3\msvc2019_64\include\QtCore\qglobal.h(1255,73): error C7525: inline variables require at least '/std:c++17' (compiling source file GUI.cpp)
C:\Users\andre\Desktop\Qt1\6.0.3\msvc2019_64\include\QtCore\qglobal.h(379,31): error C7525: inline variables require at least '/std:c++17' (compiling source file ListaNotificariGUI.cpp)
C:\Users\andre\Desktop\Qt1\6.0.3\msvc2019_64\include\QtCore\qglobal.h(1253,65): error C7525: inline variables require at least '/std:c++17' (compiling source file Modele.cpp)
C:\Users\andre\Desktop\Qt1\6.0.3\msvc2019_64\include\QtCore\qglobal.h(1254,70): error C7525: inline variables require at least '/std:c++17' (compiling source file Modele.cpp)
C:\Users\andre\Desktop\Qt1\6.0.3\msvc2019_64\include\QtCore\qglobal.h(1255,73): error C7525: inline variables require at least '/std:c++17' (compiling source file Modele.cpp)
C:\Users\andre\Desktop\Qt1\6.0.3\msvc2019_64\include\QtCore\qglobal.h(1253,65): error C7525: inline variables require at least '/std:c++17' (compiling source file ListaNotificariGUI.cpp)
C:\Users\andre\Desktop\Qt1\6.0.3\msvc2019_64\include\QtCore\qglobal.h(1254,70): error C7525: inline variables require at least '/std:c++17' (compiling source file ListaNotificariGUI.cpp)
C:\Users\andre\Desktop\Qt1\6.0.3\msvc2019_64\include\QtCore\qglobal.h(1255,73): error C7525: inline variables require at least '/std:c++17' (compiling source file ListaNotificariGUI.cpp)
  The contents of <variant> are available only with C++17 or later.
  The contents of <optional> are available only with C++17 or later.
C:\Users\andre\Desktop\Qt1\6.0.3\msvc2019_64\include\QtCore\qtypeinfo.h(58,23): error C7525: inline variables require at least '/std:c++17' (compiling source file GUI.cpp)
  The contents of <variant> are available only with C++17 or later.
C:\Users\andre\Desktop\Qt1\6.0.3\msvc2019_64\include\QtCore\qtypeinfo.h(111,1): error C2429: language feature 'terse static assert' requires compiler flag '/std:c++17' (compiling source file GUI.cpp)
C:\Users\andre\Desktop\Qt1\6.0.3\msvc2019_64\include\QtCore\qtypeinfo.h(117): message : see reference to class template instantiation 'QTypeInfoMerger<T,Ts...>' being compiled (compiling source file GUI.cpp)
  The contents of <optional> are available only with C++17 or later.
C:\Users\andre\Desktop\Qt1\6.0.3\msvc2019_64\include\QtCore\qtypeinfo.h(58,23): error C7525: inline variables require at least '/std:c++17' (compiling source file Modele.cpp)
C:\Users\andre\Desktop\Qt1\6.0.3\msvc2019_64\include\QtCore\qtypeinfo.h(270,41): error C2039: 'optional': is not a member of 'std' (compiling source file GUI.cpp)
C:\Program Files (x86)\Microsoft Visual Studio\2019\Community\VC\Tools\MSVC\14.28.29910\include\tuple(21): message : see declaration of 'std' (compiling source file GUI.cpp)
C:\Users\andre\Desktop\Qt1\6.0.3\msvc2019_64\include\QtCore\qtypeinfo.h(111,1): error C2429: language feature 'terse static assert' requires compiler flag '/std:c++17' (compiling source file Modele.cpp)
C:\Users\andre\Desktop\Qt1\6.0.3\msvc2019_64\include\QtCore\qtypeinfo.h(117): message : see reference to class template instantiation 'QTypeInfoMerger<T,Ts...>' being compiled (compiling source file Modele.cpp)
C:\Users\andre\Desktop\Qt1\6.0.3\msvc2019_64\include\QtCore\qtypeinfo.h(270,1): error C2065: 'optional': undeclared identifier (compiling source file GUI.cpp)
  The contents of <variant> are available only with C++17 or later.
C:\Users\andre\Desktop\Qt1\6.0.3\msvc2019_64\include\QtCore\qtypeinfo.h(270,1): error C2974: 'QTypeTraits::detail::expand_operator_equal_tuple': invalid template argument for 'T', type expected (compiling source file GUI.cpp)
C:\Users\andre\Desktop\Qt1\6.0.3\msvc2019_64\include\QtCore\qtypeinfo.h(268): message : see declaration of 'QTypeTraits::detail::expand_operator_equal_tuple' (compiling source file GUI.cpp)
C:\Users\andre\Desktop\Qt1\6.0.3\msvc2019_64\include\QtCore\qtypeinfo.h(270,1): error C2988: unrecognizable template declaration/definition (compiling source file GUI.cpp)
C:\Users\andre\Desktop\Qt1\6.0.3\msvc2019_64\include\QtCore\qtypeinfo.h(270,1): error C2143: syntax error: missing ';' before '>' (compiling source file GUI.cpp)
C:\Users\andre\Desktop\Qt1\6.0.3\msvc2019_64\include\QtCore\qtypeinfo.h(270,1): error C2059: syntax error: '>' (compiling source file GUI.cpp)
  The contents of <optional> are available only with C++17 or later.
C:\Users\andre\Desktop\Qt1\6.0.3\msvc2019_64\include\QtCore\qtypeinfo.h(270,75): error C2065: 'T': undeclared identifier (compiling source file GUI.cpp)
C:\Users\andre\Desktop\Qt1\6.0.3\msvc2019_64\include\QtCore\qtypeinfo.h(270,41): error C2039: 'optional': is not a member of 'std' (compiling source file Modele.cpp)
C:\Program Files (x86)\Microsoft Visual Studio\2019\Community\VC\Tools\MSVC\14.28.29910\include\tuple(21): message : see declaration of 'std' (compiling source file Modele.cpp)
C:\Users\andre\Desktop\Qt1\6.0.3\msvc2019_64\include\QtCore\qtypeinfo.h(270,1): error C2065: 'optional': undeclared identifier (compiling source file Modele.cpp)
C:\Users\andre\Desktop\Qt1\6.0.3\msvc2019_64\include\QtCore\qtypeinfo.h(58,23): error C7525: inline variables require at least '/std:c++17' (compiling source file ListaNotificariGUI.cpp)
C:\Users\andre\Desktop\Qt1\6.0.3\msvc2019_64\include\QtCore\qtypeinfo.h(270,56): error C2923: 'QTypeTraits::detail::has_operator_equal': 'T' is not a valid template type argument for parameter '<unnamed-symbol>' (compiling source file GUI.cpp)
C:\Users\andre\Desktop\Qt1\6.0.3\msvc2019_64\include\QtCore\qtypeinfo.h(270,1): error C2974: 'QTypeTraits::detail::expand_operator_equal_tuple': invalid template argument for 'T', type expected (compiling source file Modele.cpp)
C:\Users\andre\Desktop\Qt1\6.0.3\msvc2019_64\include\QtCore\qtypeinfo.h(268): message : see declaration of 'QTypeTraits::detail::expand_operator_equal_tuple' (compiling source file Modele.cpp)
C:\Users\andre\Desktop\Qt1\6.0.3\msvc2019_64\include\QtCore\qtypeinfo.h(270,56): error C2976: 'QTypeTraits::detail::has_operator_equal': too few template arguments (compiling source file GUI.cpp)
C:\Users\andre\Desktop\Qt1\6.0.3\msvc2019_64\include\QtCore\qtypeinfo.h(239): message : see declaration of 'QTypeTraits::detail::has_operator_equal' (compiling source file GUI.cpp)
C:\Users\andre\Desktop\Qt1\6.0.3\msvc2019_64\include\QtCore\qtypeinfo.h(111,1): error C2429: language feature 'terse static assert' requires compiler flag '/std:c++17' (compiling source file ListaNotificariGUI.cpp)
C:\Users\andre\Desktop\Qt1\6.0.3\msvc2019_64\include\QtCore\qtypeinfo.h(117): message : see reference to class template instantiation 'QTypeInfoMerger<T,Ts...>' being compiled (compiling source file ListaNotificariGUI.cpp)
C:\Users\andre\Desktop\Qt1\6.0.3\msvc2019_64\include\QtCore\qtypeinfo.h(270,1): error C2988: unrecognizable template declaration/definition (compiling source file Modele.cpp)
C:\Users\andre\Desktop\Qt1\6.0.3\msvc2019_64\include\QtCore\qtypeinfo.h(270,1): error C2143: syntax error: missing ';' before '>' (compiling source file Modele.cpp)
C:\Users\andre\Desktop\Qt1\6.0.3\msvc2019_64\include\QtCore\qtypeinfo.h(270,1): error C2059: syntax error: '>' (compiling source file Modele.cpp)
C:\Users\andre\Desktop\Qt1\6.0.3\msvc2019_64\include\QtCore\qtypeinfo.h(270,56): error C2059: syntax error: 'function-style cast' (compiling source file GUI.cpp)
C:\Users\andre\Desktop\Qt1\6.0.3\msvc2019_64\include\QtCore\qtypeinfo.h(270,75): error C2065: 'T': undeclared identifier (compiling source file Modele.cpp)
C:\Users\andre\Desktop\Qt1\6.0.3\msvc2019_64\include\QtCore\qtypeinfo.h(270,78): error C2143: syntax error: missing ';' before '{' (compiling source file GUI.cpp)
C:\Users\andre\Desktop\Qt1\6.0.3\msvc2019_64\include\QtCore\qtypeinfo.h(270,78): error C2447: '{': missing function header (old-style formal list?) (compiling source file GUI.cpp)
C:\Users\andre\Desktop\Qt1\6.0.3\msvc2019_64\include\QtCore\qtypeinfo.h(270,56): error C2923: 'QTypeTraits::detail::has_operator_equal': 'T' is not a valid template type argument for parameter '<unnamed-symbol>' (compiling source file Modele.cpp)
C:\Users\andre\Desktop\Qt1\6.0.3\msvc2019_64\include\QtCore\qtypeinfo.h(270,56): error C2976: 'QTypeTraits::detail::has_operator_equal': too few template arguments (compiling source file Modele.cpp)
C:\Users\andre\Desktop\Qt1\6.0.3\msvc2019_64\include\QtCore\qtypeinfo.h(239): message : see declaration of 'QTypeTraits::detail::has_operator_equal' (compiling source file Modele.cpp)
C:\Users\andre\Desktop\Qt1\6.0.3\msvc2019_64\include\QtCore\qtypeinfo.h(276,41): error C2039: 'variant': is not a member of 'std' (compiling source file GUI.cpp)
C:\Program Files (x86)\Microsoft Visual Studio\2019\Community\VC\Tools\MSVC\14.28.29910\include\tuple(21): message : see declaration of 'std' (compiling source file GUI.cpp)
C:\Users\andre\Desktop\Qt1\6.0.3\msvc2019_64\include\QtCore\qtypeinfo.h(270,41): error C2039: 'optional': is not a member of 'std' (compiling source file ListaNotificariGUI.cpp)
C:\Program Files (x86)\Microsoft Visual Studio\2019\Community\VC\Tools\MSVC\14.28.29910\include\tuple(21): message : see declaration of 'std' (compiling source file ListaNotificariGUI.cpp)
C:\Users\andre\Desktop\Qt1\6.0.3\msvc2019_64\include\QtCore\qtypeinfo.h(276,1): error C2065: 'variant': undeclared identifier (compiling source file GUI.cpp)
C:\Users\andre\Desktop\Qt1\6.0.3\msvc2019_64\include\QtCore\qtypeinfo.h(270,1): error C2065: 'optional': undeclared identifier (compiling source file ListaNotificariGUI.cpp)
C:\Users\andre\Desktop\Qt1\6.0.3\msvc2019_64\include\QtCore\qtypeinfo.h(270,56): error C2059: syntax error: 'function-style cast' (compiling source file Modele.cpp)
C:\Users\andre\Desktop\Qt1\6.0.3\msvc2019_64\include\QtCore\qtypeinfo.h(270,78): error C2143: syntax error: missing ';' before '{' (compiling source file Modele.cpp)
C:\Users\andre\Desktop\Qt1\6.0.3\msvc2019_64\include\QtCore\qtypeinfo.h(276,1): error C2974: 'QTypeTraits::detail::expand_operator_equal_tuple': invalid template argument for 'T', type expected (compiling source file GUI.cpp)
C:\Users\andre\Desktop\Qt1\6.0.3\msvc2019_64\include\QtCore\qtypeinfo.h(268): message : see declaration of 'QTypeTraits::detail::expand_operator_equal_tuple' (compiling source file GUI.cpp)
C:\Users\andre\Desktop\Qt1\6.0.3\msvc2019_64\include\QtCore\qtypeinfo.h(270,78): error C2447: '{': missing function header (old-style formal list?) (compiling source file Modele.cpp)
C:\Users\andre\Desktop\Qt1\6.0.3\msvc2019_64\include\QtCore\qtypeinfo.h(270,1): error C2974: 'QTypeTraits::detail::expand_operator_equal_tuple': invalid template argument for 'T', type expected (compiling source file ListaNotificariGUI.cpp)
C:\Users\andre\Desktop\Qt1\6.0.3\msvc2019_64\include\QtCore\qtypeinfo.h(268): message : see declaration of 'QTypeTraits::detail::expand_operator_equal_tuple' (compiling source file ListaNotificariGUI.cpp)
C:\Users\andre\Desktop\Qt1\6.0.3\msvc2019_64\include\QtCore\qtypeinfo.h(276,1): error C2988: unrecognizable template declaration/definition (compiling source file GUI.cpp)
C:\Users\andre\Desktop\Qt1\6.0.3\msvc2019_64\include\QtCore\qtypeinfo.h(270,1): error C2988: unrecognizable template declaration/definition (compiling source file ListaNotificariGUI.cpp)
C:\Users\andre\Desktop\Qt1\6.0.3\msvc2019_64\include\QtCore\qtypeinfo.h(276,1): error C2143: syntax error: missing ';' before '>' (compiling source file GUI.cpp)
C:\Users\andre\Desktop\Qt1\6.0.3\msvc2019_64\include\QtCore\qtypeinfo.h(276,41): error C2039: 'variant': is not a member of 'std' (compiling source file Modele.cpp)
C:\Program Files (x86)\Microsoft Visual Studio\2019\Community\VC\Tools\MSVC\14.28.29910\include\tuple(21): message : see declaration of 'std' (compiling source file Modele.cpp)
C:\Users\andre\Desktop\Qt1\6.0.3\msvc2019_64\include\QtCore\qtypeinfo.h(270,1): error C2143: syntax error: missing ';' before '>' (compiling source file ListaNotificariGUI.cpp)
C:\Users\andre\Desktop\Qt1\6.0.3\msvc2019_64\include\QtCore\qtypeinfo.h(276,1): error C3855: 'QTypeTraits::detail::expand_operator_equal_tuple': template parameter 'T' is incompatible with the declaration (compiling source file GUI.cpp)
C:\Users\andre\Desktop\Qt1\6.0.3\msvc2019_64\include\QtCore\qtypeinfo.h(276,1): error C2065: 'variant': undeclared identifier (compiling source file Modele.cpp)
C:\Users\andre\Desktop\Qt1\6.0.3\msvc2019_64\include\QtCore\qtypeinfo.h(270,1): error C2059: syntax error: '>' (compiling source file ListaNotificariGUI.cpp)
C:\Users\andre\Desktop\Qt1\6.0.3\msvc2019_64\include\QtCore\qtypeinfo.h(270,75): error C2065: 'T': undeclared identifier (compiling source file ListaNotificariGUI.cpp)
C:\Users\andre\Desktop\Qt1\6.0.3\msvc2019_64\include\QtCore\qtypeinfo.h(276,1): error C2974: 'QTypeTraits::detail::expand_operator_equal_tuple': invalid template argument for 'T', type expected (compiling source file Modele.cpp)
C:\Users\andre\Desktop\Qt1\6.0.3\msvc2019_64\include\QtCore\qtypeinfo.h(268): message : see declaration of 'QTypeTraits::detail::expand_operator_equal_tuple' (compiling source file Modele.cpp)
C:\Users\andre\Desktop\Qt1\6.0.3\msvc2019_64\include\QtCore\qtypeinfo.h(276,1): error C2059: syntax error: '>' (compiling source file GUI.cpp)
C:\Users\andre\Desktop\Qt1\6.0.3\msvc2019_64\include\QtCore\qtypeinfo.h(270,56): error C2923: 'QTypeTraits::detail::has_operator_equal': 'T' is not a valid template type argument for parameter '<unnamed-symbol>' (compiling source file ListaNotificariGUI.cpp)
C:\Users\andre\Desktop\Qt1\6.0.3\msvc2019_64\include\QtCore\qtypeinfo.h(276,90): error C2065: 'T': undeclared identifier (compiling source file GUI.cpp)
C:\Users\andre\Desktop\Qt1\6.0.3\msvc2019_64\include\QtCore\qtypeinfo.h(276,94): error C3544: 'T': parameter pack expects a type template argument (compiling source file GUI.cpp)
C:\Users\andre\Desktop\Qt1\6.0.3\msvc2019_64\include\QtCore\qtypeinfo.h(270,56): error C2976: 'QTypeTraits::detail::has_operator_equal': too few template arguments (compiling source file ListaNotificariGUI.cpp)
C:\Users\andre\Desktop\Qt1\6.0.3\msvc2019_64\include\QtCore\qtypeinfo.h(239): message : see declaration of 'QTypeTraits::detail::has_operator_equal' (compiling source file ListaNotificariGUI.cpp)
C:\Users\andre\Desktop\Qt1\6.0.3\msvc2019_64\include\QtCore\qtypeinfo.h(276,1): error C2988: unrecognizable template declaration/definition (compiling source file Modele.cpp)
C:\Users\andre\Desktop\Qt1\6.0.3\msvc2019_64\include\QtCore\qtypeinfo.h(276,1): error C2143: syntax error: missing ';' before '>' (compiling source file Modele.cpp)
C:\Users\andre\Desktop\Qt1\6.0.3\msvc2019_64\include\QtCore\qtypeinfo.h(276,96): error C2059: syntax error: '{' (compiling source file GUI.cpp)
C:\Users\andre\Desktop\Qt1\6.0.3\msvc2019_64\include\QtCore\qtypeinfo.h(276,1): error C3855: 'QTypeTraits::detail::expand_operator_equal_tuple': template parameter 'T' is incompatible with the declaration (compiling source file Modele.cpp)
C:\Users\andre\Desktop\Qt1\6.0.3\msvc2019_64\include\QtCore\qtypeinfo.h(276,1): error C2059: syntax error: '>' (compiling source file Modele.cpp)
C:\Users\andre\Desktop\Qt1\6.0.3\msvc2019_64\include\QtCore\qtypeinfo.h(276,96): error C2143: syntax error: missing ';' before '{' (compiling source file GUI.cpp)
C:\Users\andre\Desktop\Qt1\6.0.3\msvc2019_64\include\QtCore\qtypeinfo.h(270,56): error C2059: syntax error: 'function-style cast' (compiling source file ListaNotificariGUI.cpp)
C:\Users\andre\Desktop\Qt1\6.0.3\msvc2019_64\include\QtCore\qtypeinfo.h(276,90): error C2065: 'T': undeclared identifier (compiling source file Modele.cpp)
C:\Users\andre\Desktop\Qt1\6.0.3\msvc2019_64\include\QtCore\qtypeinfo.h(276,96): error C2447: '{': missing function header (old-style formal list?) (compiling source file GUI.cpp)
C:\Users\andre\Desktop\Qt1\6.0.3\msvc2019_64\include\QtCore\qtypeinfo.h(270,78): error C2143: syntax error: missing ';' before '{' (compiling source file ListaNotificariGUI.cpp)
C:\Users\andre\Desktop\Qt1\6.0.3\msvc2019_64\include\QtCore\qtypeinfo.h(276,94): error C3544: 'T': parameter pack expects a type template argument (compiling source file Modele.cpp)
C:\Users\andre\Desktop\Qt1\6.0.3\msvc2019_64\include\QtCore\qtypeinfo.h(270,78): error C2447: '{': missing function header (old-style formal list?) (compiling source file ListaNotificariGUI.cpp)
C:\Users\andre\Desktop\Qt1\6.0.3\msvc2019_64\include\QtCore\qtypeinfo.h(276,96): error C2059: syntax error: '{' (compiling source file Modele.cpp)
C:\Users\andre\Desktop\Qt1\6.0.3\msvc2019_64\include\QtCore\qtypeinfo.h(276,96): error C2143: syntax error: missing ';' before '{' (compiling source file Modele.cpp)
C:\Users\andre\Desktop\Qt1\6.0.3\msvc2019_64\include\QtCore\qtypeinfo.h(276,96): error C2447: '{': missing function header (old-style formal list?) (compiling source file Modele.cpp)
C:\Users\andre\Desktop\Qt1\6.0.3\msvc2019_64\include\QtCore\qtypeinfo.h(276,41): error C2039: 'variant': is not a member of 'std' (compiling source file ListaNotificariGUI.cpp)
C:\Program Files (x86)\Microsoft Visual Studio\2019\Community\VC\Tools\MSVC\14.28.29910\include\tuple(21): message : see declaration of 'std' (compiling source file ListaNotificariGUI.cpp)
C:\Users\andre\Desktop\Qt1\6.0.3\msvc2019_64\include\QtCore\qtypeinfo.h(309,45): error C2039: 'variant': is not a member of 'std' (compiling source file GUI.cpp)
C:\Program Files (x86)\Microsoft Visual Studio\2019\Community\VC\Tools\MSVC\14.28.29910\include\tuple(21): message : see declaration of 'std' (compiling source file GUI.cpp)
C:\Users\andre\Desktop\Qt1\6.0.3\msvc2019_64\include\QtCore\qtypeinfo.h(276,1): error C2065: 'variant': undeclared identifier (compiling source file ListaNotificariGUI.cpp)
C:\Users\andre\Desktop\Qt1\6.0.3\msvc2019_64\include\QtCore\qtypeinfo.h(309,1): error C2065: 'variant': undeclared identifier (compiling source file GUI.cpp)
C:\Users\andre\Desktop\Qt1\6.0.3\msvc2019_64\include\QtCore\qglobal.h(379,31): error C7525: inline variables require at least '/std:c++17' (compiling source file MyGUIModel.cpp)
C:\Users\andre\Desktop\Qt1\6.0.3\msvc2019_64\include\QtCore\qtypeinfo.h(276,1): error C2974: 'QTypeTraits::detail::expand_operator_equal_tuple': invalid template argument for 'T', type expected (compiling source file ListaNotificariGUI.cpp)
C:\Users\andre\Desktop\Qt1\6.0.3\msvc2019_64\include\QtCore\qtypeinfo.h(268): message : see declaration of 'QTypeTraits::detail::expand_operator_equal_tuple' (compiling source file ListaNotificariGUI.cpp)
C:\Users\andre\Desktop\Qt1\6.0.3\msvc2019_64\include\QtCore\qtypeinfo.h(309,1): error C2974: 'QTypeTraits::detail::expand_operator_less_than_tuple': invalid template argument for 'T', type expected (compiling source file GUI.cpp)
C:\Users\andre\Desktop\Qt1\6.0.3\msvc2019_64\include\QtCore\qtypeinfo.h(303): message : see declaration of 'QTypeTraits::detail::expand_operator_less_than_tuple' (compiling source file GUI.cpp)
C:\Users\andre\Desktop\Qt1\6.0.3\msvc2019_64\include\QtCore\qtypeinfo.h(309,45): error C2039: 'variant': is not a member of 'std' (compiling source file Modele.cpp)
C:\Program Files (x86)\Microsoft Visual Studio\2019\Community\VC\Tools\MSVC\14.28.29910\include\tuple(21): message : see declaration of 'std' (compiling source file Modele.cpp)
C:\Users\andre\Desktop\Qt1\6.0.3\msvc2019_64\include\QtCore\qtypeinfo.h(309,1): error C2065: 'variant': undeclared identifier (compiling source file Modele.cpp)
C:\Users\andre\Desktop\Qt1\6.0.3\msvc2019_64\include\QtCore\qtypeinfo.h(309,1): error C2988: unrecognizable template declaration/definition (compiling source file GUI.cpp)
C:\Users\andre\Desktop\Qt1\6.0.3\msvc2019_64\include\QtCore\qtypeinfo.h(276,1): error C2988: unrecognizable template declaration/definition (compiling source file ListaNotificariGUI.cpp)
C:\Users\andre\Desktop\Qt1\6.0.3\msvc2019_64\include\QtCore\qtypeinfo.h(309,1): error C2974: 'QTypeTraits::detail::expand_operator_less_than_tuple': invalid template argument for 'T', type expected (compiling source file Modele.cpp)
C:\Users\andre\Desktop\Qt1\6.0.3\msvc2019_64\include\QtCore\qtypeinfo.h(303): message : see declaration of 'QTypeTraits::detail::expand_operator_less_than_tuple' (compiling source file Modele.cpp)
C:\Users\andre\Desktop\Qt1\6.0.3\msvc2019_64\include\QtCore\qtypeinfo.h(309,1): error C2143: syntax error: missing ';' before '>' (compiling source file GUI.cpp)
C:\Users\andre\Desktop\Qt1\6.0.3\msvc2019_64\include\QtCore\qtypeinfo.h(276,1): error C2143: syntax error: missing ';' before '>' (compiling source file ListaNotificariGUI.cpp)
C:\Users\andre\Desktop\Qt1\6.0.3\msvc2019_64\include\QtCore\qtypeinfo.h(309,1): error C3855: 'QTypeTraits::detail::expand_operator_less_than_tuple': template parameter 'T' is incompatible with the declaration (compiling source file GUI.cpp)
C:\Users\andre\Desktop\Qt1\6.0.3\msvc2019_64\include\QtCore\qtypeinfo.h(309,1): error C2059: syntax error: '>' (compiling source file GUI.cpp)
C:\Users\andre\Desktop\Qt1\6.0.3\msvc2019_64\include\QtCore\qtypeinfo.h(276,1): error C3855: 'QTypeTraits::detail::expand_operator_equal_tuple': template parameter 'T' is incompatible with the declaration (compiling source file ListaNotificariGUI.cpp)
C:\Users\andre\Desktop\Qt1\6.0.3\msvc2019_64\include\QtCore\qtypeinfo.h(309,98): error C2065: 'T': undeclared identifier (compiling source file GUI.cpp)
C:\Users\andre\Desktop\Qt1\6.0.3\msvc2019_64\include\QtCore\qtypeinfo.h(309,1): error C2988: unrecognizable template declaration/definition (compiling source file Modele.cpp)
C:\Users\andre\Desktop\Qt1\6.0.3\msvc2019_64\include\QtCore\qtypeinfo.h(276,1): error C2059: syntax error: '>' (compiling source file ListaNotificariGUI.cpp)
C:\Users\andre\Desktop\Qt1\6.0.3\msvc2019_64\include\QtCore\qtypeinfo.h(309,1): error C2143: syntax error: missing ';' before '>' (compiling source file Modele.cpp)
C:\Users\andre\Desktop\Qt1\6.0.3\msvc2019_64\include\QtCore\qtypeinfo.h(309,102): error C3544: 'T': parameter pack expects a type template argument (compiling source file GUI.cpp)
C:\Users\andre\Desktop\Qt1\6.0.3\msvc2019_64\include\QtCore\qtypeinfo.h(276,90): error C2065: 'T': undeclared identifier (compiling source file ListaNotificariGUI.cpp)
C:\Users\andre\Desktop\Qt1\6.0.3\msvc2019_64\include\QtCore\qtypeinfo.h(309,1): error C3855: 'QTypeTraits::detail::expand_operator_less_than_tuple': template parameter 'T' is incompatible with the declaration (compiling source file Modele.cpp)
C:\Users\andre\Desktop\Qt1\6.0.3\msvc2019_64\include\QtCore\qtypeinfo.h(309,104): error C2059: syntax error: '{' (compiling source file GUI.cpp)
C:\Users\andre\Desktop\Qt1\6.0.3\msvc2019_64\include\QtCore\qtypeinfo.h(276,94): error C3544: 'T': parameter pack expects a type template argument (compiling source file ListaNotificariGUI.cpp)
C:\Users\andre\Desktop\Qt1\6.0.3\msvc2019_64\include\QtCore\qtypeinfo.h(309,104): error C2143: syntax error: missing ';' before '{' (compiling source file GUI.cpp)
C:\Users\andre\Desktop\Qt1\6.0.3\msvc2019_64\include\QtCore\qtypeinfo.h(309,1): error C2059: syntax error: '>' (compiling source file Modele.cpp)
C:\Users\andre\Desktop\Qt1\6.0.3\msvc2019_64\include\QtCore\qtypeinfo.h(276,96): error C2059: syntax error: '{' (compiling source file ListaNotificariGUI.cpp)
C:\Users\andre\Desktop\Qt1\6.0.3\msvc2019_64\include\QtCore\qtypeinfo.h(309,98): error C2065: 'T': undeclared identifier (compiling source file Modele.cpp)
C:\Users\andre\Desktop\Qt1\6.0.3\msvc2019_64\include\QtCore\qtypeinfo.h(309,104): error C2447: '{': missing function header (old-style formal list?) (compiling source file GUI.cpp)
C:\Users\andre\Desktop\Qt1\6.0.3\msvc2019_64\include\QtCore\qtypeinfo.h(276,96): error C2143: syntax error: missing ';' before '{' (compiling source file ListaNotificariGUI.cpp)
C:\Users\andre\Desktop\Qt1\6.0.3\msvc2019_64\include\QtCore\qtypeinfo.h(309,102): error C3544: 'T': parameter pack expects a type template argument (compiling source file Modele.cpp)
C:\Users\andre\Desktop\Qt1\6.0.3\msvc2019_64\include\QtCore\qtypeinfo.h(276,96): error C2447: '{': missing function header (old-style formal list?) (compiling source file ListaNotificariGUI.cpp)
C:\Users\andre\Desktop\Qt1\6.0.3\msvc2019_64\include\QtCore\qtypeinfo.h(309,104): error C2059: syntax error: '{' (compiling source file Modele.cpp)
C:\Users\andre\Desktop\Qt1\6.0.3\msvc2019_64\include\QtCore\qtypeinfo.h(321,23): error C7525: inline variables require at least '/std:c++17' (compiling source file GUI.cpp)
C:\Users\andre\Desktop\Qt1\6.0.3\msvc2019_64\include\QtCore\qtypeinfo.h(309,104): error C2143: syntax error: missing ';' before '{' (compiling source file Modele.cpp)
C:\Users\andre\Desktop\Qt1\6.0.3\msvc2019_64\include\QtCore\qtypeinfo.h(309,104): error C2447: '{': missing function header (old-style formal list?) (compiling source file Modele.cpp)
C:\Users\andre\Desktop\Qt1\6.0.3\msvc2019_64\include\QtCore\qtypeinfo.h(326,23): error C7525: inline variables require at least '/std:c++17' (compiling source file GUI.cpp)
C:\Users\andre\Desktop\Qt1\6.0.3\msvc2019_64\include\QtCore\qtypeinfo.h(331,23): error C7525: inline variables require at least '/std:c++17' (compiling source file GUI.cpp)
C:\Users\andre\Desktop\Qt1\6.0.3\msvc2019_64\include\QtCore\qtypeinfo.h(321,23): error C7525: inline variables require at least '/std:c++17' (compiling source file Modele.cpp)
C:\Users\andre\Desktop\Qt1\6.0.3\msvc2019_64\include\QtCore\qtypeinfo.h(326,23): error C7525: inline variables require at least '/std:c++17' (compiling source file Modele.cpp)
C:\Users\andre\Desktop\Qt1\6.0.3\msvc2019_64\include\QtCore\qtypeinfo.h(309,45): error C2039: 'variant': is not a member of 'std' (compiling source file ListaNotificariGUI.cpp)
C:\Program Files (x86)\Microsoft Visual Studio\2019\Community\VC\Tools\MSVC\14.28.29910\include\tuple(21): message : see declaration of 'std' (compiling source file ListaNotificariGUI.cpp)
C:\Users\andre\Desktop\Qt1\6.0.3\msvc2019_64\include\QtCore\qtypeinfo.h(354,23): error C7525: inline variables require at least '/std:c++17' (compiling source file GUI.cpp)
C:\Users\andre\Desktop\Qt1\6.0.3\msvc2019_64\include\QtCore\qtypeinfo.h(331,23): error C7525: inline variables require at least '/std:c++17' (compiling source file Modele.cpp)
C:\Users\andre\Desktop\Qt1\6.0.3\msvc2019_64\include\QtCore\qtypeinfo.h(309,1): error C2065: 'variant': undeclared identifier (compiling source file ListaNotificariGUI.cpp)
C:\Users\andre\Desktop\Qt1\6.0.3\msvc2019_64\include\QtCore\qtypeinfo.h(362,23): error C7525: inline variables require at least '/std:c++17' (compiling source file GUI.cpp)
C:\Users\andre\Desktop\Qt1\6.0.3\msvc2019_64\include\QtCore\qtypeinfo.h(309,1): error C2974: 'QTypeTraits::detail::expand_operator_less_than_tuple': invalid template argument for 'T', type expected (compiling source file ListaNotificariGUI.cpp)
C:\Users\andre\Desktop\Qt1\6.0.3\msvc2019_64\include\QtCore\qtypeinfo.h(303): message : see declaration of 'QTypeTraits::detail::expand_operator_less_than_tuple' (compiling source file ListaNotificariGUI.cpp)
C:\Users\andre\Desktop\Qt1\6.0.3\msvc2019_64\include\QtCore\qtypeinfo.h(365,23): error C7525: inline variables require at least '/std:c++17' (compiling source file GUI.cpp)
C:\Users\andre\Desktop\Qt1\6.0.3\msvc2019_64\include\QtCore\qtypeinfo.h(354,23): error C7525: inline variables require at least '/std:c++17' (compiling source file Modele.cpp)
C:\Users\andre\Desktop\Qt1\6.0.3\msvc2019_64\include\QtCore\qglobal.h(1253,65): error C7525: inline variables require at least '/std:c++17' (compiling source file MyGUIModel.cpp)
C:\Users\andre\Desktop\Qt1\6.0.3\msvc2019_64\include\QtCore\qglobal.h(1254,70): error C7525: inline variables require at least '/std:c++17' (compiling source file MyGUIModel.cpp)
C:\Users\andre\Desktop\Qt1\6.0.3\msvc2019_64\include\QtCore\qtypeinfo.h(362,23): error C7525: inline variables require at least '/std:c++17' (compiling source file Modele.cpp)
C:\Users\andre\Desktop\Qt1\6.0.3\msvc2019_64\include\QtCore\qtypeinfo.h(309,1): error C2988: unrecognizable template declaration/definition (compiling source file ListaNotificariGUI.cpp)
C:\Users\andre\Desktop\Qt1\6.0.3\msvc2019_64\include\QtCore\qglobal.h(1255,73): error C7525: inline variables require at least '/std:c++17' (compiling source file MyGUIModel.cpp)
C:\Users\andre\Desktop\Qt1\6.0.3\msvc2019_64\include\QtCore\qtypeinfo.h(365,23): error C7525: inline variables require at least '/std:c++17' (compiling source file Modele.cpp)
C:\Users\andre\Desktop\Qt1\6.0.3\msvc2019_64\include\QtCore\qtypeinfo.h(309,1): error C2143: syntax error: missing ';' before '>' (compiling source file ListaNotificariGUI.cpp)
C:\Users\andre\Desktop\Qt1\6.0.3\msvc2019_64\include\QtCore\qtypeinfo.h(309,1): error C3855: 'QTypeTraits::detail::expand_operator_less_than_tuple': template parameter 'T' is incompatible with the declaration (compiling source file ListaNotificariGUI.cpp)
C:\Users\andre\Desktop\Qt1\6.0.3\msvc2019_64\include\QtCore\qtypeinfo.h(309,1): error C2059: syntax error: '>' (compiling source file ListaNotificariGUI.cpp)
C:\Users\andre\Desktop\Qt1\6.0.3\msvc2019_64\include\QtCore\qtypeinfo.h(309,98): error C2065: 'T': undeclared identifier (compiling source file ListaNotificariGUI.cpp)
C:\Users\andre\Desktop\Qt1\6.0.3\msvc2019_64\include\QtCore\qtypeinfo.h(309,102): error C3544: 'T': parameter pack expects a type template argument (compiling source file ListaNotificariGUI.cpp)
C:\Users\andre\Desktop\Qt1\6.0.3\msvc2019_64\include\QtCore\qtypeinfo.h(309,104): error C2059: syntax error: '{' (compiling source file ListaNotificariGUI.cpp)
C:\Users\andre\Desktop\Qt1\6.0.3\msvc2019_64\include\QtCore\qtypeinfo.h(309,104): error C2143: syntax error: missing ';' before '{' (compiling source file ListaNotificariGUI.cpp)
C:\Users\andre\Desktop\Qt1\6.0.3\msvc2019_64\include\QtCore\qtypeinfo.h(309,104): error C2447: '{': missing function header (old-style formal list?) (compiling source file ListaNotificariGUI.cpp)
C:\Users\andre\Desktop\Qt1\6.0.3\msvc2019_64\include\QtCore\qtypeinfo.h(321,23): error C7525: inline variables require at least '/std:c++17' (compiling source file ListaNotificariGUI.cpp)
C:\Users\andre\Desktop\Qt1\6.0.3\msvc2019_64\include\QtCore\qtypeinfo.h(326,23): error C7525: inline variables require at least '/std:c++17' (compiling source file ListaNotificariGUI.cpp)
C:\Users\andre\Desktop\Qt1\6.0.3\msvc2019_64\include\QtCore\qtypeinfo.h(331,23): error C7525: inline variables require at least '/std:c++17' (compiling source file ListaNotificariGUI.cpp)
C:\Users\andre\Desktop\Qt1\6.0.3\msvc2019_64\include\QtCore\qtypeinfo.h(354,23): error C7525: inline variables require at least '/std:c++17' (compiling source file ListaNotificariGUI.cpp)
C:\Users\andre\Desktop\Qt1\6.0.3\msvc2019_64\include\QtCore\qtypeinfo.h(362,23): error C7525: inline variables require at least '/std:c++17' (compiling source file ListaNotificariGUI.cpp)
C:\Users\andre\Desktop\Qt1\6.0.3\msvc2019_64\include\QtCore\qtypeinfo.h(365,23): error C7525: inline variables require at least '/std:c++17' (compiling source file ListaNotificariGUI.cpp)
  The contents of <variant> are available only with C++17 or later.
  The contents of <optional> are available only with C++17 or later.
C:\Users\andre\Desktop\Qt1\6.0.3\msvc2019_64\include\QtCore\qtypeinfo.h(58,23): error C7525: inline variables require at least '/std:c++17' (compiling source file MyGUIModel.cpp)
C:\Users\andre\Desktop\Qt1\6.0.3\msvc2019_64\include\QtCore\qtypeinfo.h(111,1): error C2429: language feature 'terse static assert' requires compiler flag '/std:c++17' (compiling source file MyGUIModel.cpp)
C:\Users\andre\Desktop\Qt1\6.0.3\msvc2019_64\include\QtCore\qtypeinfo.h(117): message : see reference to class template instantiation 'QTypeInfoMerger<T,Ts...>' being compiled (compiling source file MyGUIModel.cpp)
C:\Users\andre\Desktop\Qt1\6.0.3\msvc2019_64\include\QtCore\qtypeinfo.h(270,41): error C2039: 'optional': is not a member of 'std' (compiling source file MyGUIModel.cpp)
C:\Program Files (x86)\Microsoft Visual Studio\2019\Community\VC\Tools\MSVC\14.28.29910\include\tuple(21): message : see declaration of 'std' (compiling source file MyGUIModel.cpp)
C:\Users\andre\Desktop\Qt1\6.0.3\msvc2019_64\include\QtCore\qtypeinfo.h(270,1): error C2065: 'optional': undeclared identifier (compiling source file MyGUIModel.cpp)
C:\Users\andre\Desktop\Qt1\6.0.3\msvc2019_64\include\QtCore\qtypeinfo.h(270,1): error C2974: 'QTypeTraits::detail::expand_operator_equal_tuple': invalid template argument for 'T', type expected (compiling source file MyGUIModel.cpp)
C:\Users\andre\Desktop\Qt1\6.0.3\msvc2019_64\include\QtCore\qtypeinfo.h(268): message : see declaration of 'QTypeTraits::detail::expand_operator_equal_tuple' (compiling source file MyGUIModel.cpp)
C:\Users\andre\Desktop\Qt1\6.0.3\msvc2019_64\include\QtCore\qtypeinfo.h(270,1): error C2988: unrecognizable template declaration/definition (compiling source file MyGUIModel.cpp)
C:\Users\andre\Desktop\Qt1\6.0.3\msvc2019_64\include\QtCore\qtypeinfo.h(270,1): error C2143: syntax error: missing ';' before '>' (compiling source file MyGUIModel.cpp)
C:\Users\andre\Desktop\Qt1\6.0.3\msvc2019_64\include\QtCore\qtypeinfo.h(270,1): error C2059: syntax error: '>' (compiling source file MyGUIModel.cpp)
C:\Users\andre\Desktop\Qt1\6.0.3\msvc2019_64\include\QtCore\qtypeinfo.h(270,75): error C2065: 'T': undeclared identifier (compiling source file MyGUIModel.cpp)
C:\Users\andre\Desktop\Qt1\6.0.3\msvc2019_64\include\QtCore\qtypeinfo.h(270,56): error C2923: 'QTypeTraits::detail::has_operator_equal': 'T' is not a valid template type argument for parameter '<unnamed-symbol>' (compiling source file MyGUIModel.cpp)
C:\Users\andre\Desktop\Qt1\6.0.3\msvc2019_64\include\QtCore\qtypeinfo.h(270,56): error C2976: 'QTypeTraits::detail::has_operator_equal': too few template arguments (compiling source file MyGUIModel.cpp)
C:\Users\andre\Desktop\Qt1\6.0.3\msvc2019_64\include\QtCore\qtypeinfo.h(239): message : see declaration of 'QTypeTraits::detail::has_operator_equal' (compiling source file MyGUIModel.cpp)
C:\Users\andre\Desktop\Qt1\6.0.3\msvc2019_64\include\QtCore\qtypeinfo.h(270,56): error C2059: syntax error: 'function-style cast' (compiling source file MyGUIModel.cpp)
C:\Users\andre\Desktop\Qt1\6.0.3\msvc2019_64\include\QtCore\qtypeinfo.h(270,78): error C2143: syntax error: missing ';' before '{' (compiling source file MyGUIModel.cpp)
C:\Users\andre\Desktop\Qt1\6.0.3\msvc2019_64\include\QtCore\qtypeinfo.h(270,78): error C2447: '{': missing function header (old-style formal list?) (compiling source file MyGUIModel.cpp)
C:\Users\andre\Desktop\Qt1\6.0.3\msvc2019_64\include\QtCore\qtypeinfo.h(276,41): error C2039: 'variant': is not a member of 'std' (compiling source file MyGUIModel.cpp)
C:\Program Files (x86)\Microsoft Visual Studio\2019\Community\VC\Tools\MSVC\14.28.29910\include\tuple(21): message : see declaration of 'std' (compiling source file MyGUIModel.cpp)
C:\Users\andre\Desktop\Qt1\6.0.3\msvc2019_64\include\QtCore\qtypeinfo.h(276,1): error C2065: 'variant': undeclared identifier (compiling source file MyGUIModel.cpp)
C:\Users\andre\Desktop\Qt1\6.0.3\msvc2019_64\include\QtCore\qtypeinfo.h(276,1): error C2974: 'QTypeTraits::detail::expand_operator_equal_tuple': invalid template argument for 'T', type expected (compiling source file MyGUIModel.cpp)
C:\Users\andre\Desktop\Qt1\6.0.3\msvc2019_64\include\QtCore\qtypeinfo.h(268): message : see declaration of 'QTypeTraits::detail::expand_operator_equal_tuple' (compiling source file MyGUIModel.cpp)
C:\Users\andre\Desktop\Qt1\6.0.3\msvc2019_64\include\QtCore\qtypeinfo.h(276,1): error C2988: unrecognizable template declaration/definition (compiling source file MyGUIModel.cpp)
C:\Users\andre\Desktop\Qt1\6.0.3\msvc2019_64\include\QtCore\qtypeinfo.h(276,1): error C2143: syntax error: missing ';' before '>' (compiling source file MyGUIModel.cpp)
C:\Users\andre\Desktop\Qt1\6.0.3\msvc2019_64\include\QtCore\qtypeinfo.h(276,1): error C3855: 'QTypeTraits::detail::expand_operator_equal_tuple': template parameter 'T' is incompatible with the declaration (compiling source file MyGUIModel.cpp)
C:\Users\andre\Desktop\Qt1\6.0.3\msvc2019_64\include\QtCore\qtypeinfo.h(276,1): error C2059: syntax error: '>' (compiling source file MyGUIModel.cpp)
C:\Users\andre\Desktop\Qt1\6.0.3\msvc2019_64\include\QtCore\qtypeinfo.h(276,90): error C2065: 'T': undeclared identifier (compiling source file MyGUIModel.cpp)
C:\Users\andre\Desktop\Qt1\6.0.3\msvc2019_64\include\QtCore\qtypeinfo.h(276,94): error C3544: 'T': parameter pack expects a type template argument (compiling source file MyGUIModel.cpp)
C:\Users\andre\Desktop\Qt1\6.0.3\msvc2019_64\include\QtCore\qtypeinfo.h(276,96): error C2059: syntax error: '{' (compiling source file MyGUIModel.cpp)
C:\Users\andre\Desktop\Qt1\6.0.3\msvc2019_64\include\QtCore\qtypeinfo.h(276,96): error C2143: syntax error: missing ';' before '{' (compiling source file MyGUIModel.cpp)
C:\Users\andre\Desktop\Qt1\6.0.3\msvc2019_64\include\QtCore\qtypeinfo.h(276,96): error C2447: '{': missing function header (old-style formal list?) (compiling source file MyGUIModel.cpp)
C:\Users\andre\Desktop\Qt1\6.0.3\msvc2019_64\include\QtCore\qtypeinfo.h(309,45): error C2039: 'variant': is not a member of 'std' (compiling source file MyGUIModel.cpp)
C:\Program Files (x86)\Microsoft Visual Studio\2019\Community\VC\Tools\MSVC\14.28.29910\include\tuple(21): message : see declaration of 'std' (compiling source file MyGUIModel.cpp)
C:\Users\andre\Desktop\Qt1\6.0.3\msvc2019_64\include\QtCore\qtypeinfo.h(309,1): error C2065: 'variant': undeclared identifier (compiling source file MyGUIModel.cpp)
C:\Users\andre\Desktop\Qt1\6.0.3\msvc2019_64\include\QtCore\qtypeinfo.h(309,1): error C2974: 'QTypeTraits::detail::expand_operator_less_than_tuple': invalid template argument for 'T', type expected (compiling source file MyGUIModel.cpp)
C:\Users\andre\Desktop\Qt1\6.0.3\msvc2019_64\include\QtCore\qtypeinfo.h(303): message : see declaration of 'QTypeTraits::detail::expand_operator_less_than_tuple' (compiling source file MyGUIModel.cpp)
C:\Users\andre\Desktop\Qt1\6.0.3\msvc2019_64\include\QtCore\qtypeinfo.h(309,1): error C2988: unrecognizable template declaration/definition (compiling source file MyGUIModel.cpp)
C:\Users\andre\Desktop\Qt1\6.0.3\msvc2019_64\include\QtCore\qtypeinfo.h(309,1): error C2143: syntax error: missing ';' before '>' (compiling source file MyGUIModel.cpp)
C:\Users\andre\Desktop\Qt1\6.0.3\msvc2019_64\include\QtCore\qtypeinfo.h(309,1): error C3855: 'QTypeTraits::detail::expand_operator_less_than_tuple': template parameter 'T' is incompatible with the declaration (compiling source file MyGUIModel.cpp)
C:\Users\andre\Desktop\Qt1\6.0.3\msvc2019_64\include\QtCore\qtypeinfo.h(309,1): error C2059: syntax error: '>' (compiling source file MyGUIModel.cpp)
C:\Users\andre\Desktop\Qt1\6.0.3\msvc2019_64\include\QtCore\qtypeinfo.h(309,98): error C2065: 'T': undeclared identifier (compiling source file MyGUIModel.cpp)
C:\Users\andre\Desktop\Qt1\6.0.3\msvc2019_64\include\QtCore\qtypeinfo.h(309,102): error C3544: 'T': parameter pack expects a type template argument (compiling source file MyGUIModel.cpp)
C:\Users\andre\Desktop\Qt1\6.0.3\msvc2019_64\include\QtCore\qtypeinfo.h(309,104): error C2059: syntax error: '{' (compiling source file MyGUIModel.cpp)
C:\Users\andre\Desktop\Qt1\6.0.3\msvc2019_64\include\QtCore\qtypeinfo.h(309,104): error C2143: syntax error: missing ';' before '{' (compiling source file MyGUIModel.cpp)
C:\Users\andre\Desktop\Qt1\6.0.3\msvc2019_64\include\QtCore\qtypeinfo.h(309,104): error C2447: '{': missing function header (old-style formal list?) (compiling source file MyGUIModel.cpp)
C:\Users\andre\Desktop\Qt1\6.0.3\msvc2019_64\include\QtCore\qtypeinfo.h(321,23): error C7525: inline variables require at least '/std:c++17' (compiling source file MyGUIModel.cpp)
C:\Users\andre\Desktop\Qt1\6.0.3\msvc2019_64\include\QtCore\qtypeinfo.h(326,23): error C7525: inline variables require at least '/std:c++17' (compiling source file MyGUIModel.cpp)
C:\Users\andre\Desktop\Qt1\6.0.3\msvc2019_64\include\QtCore\qtypeinfo.h(331,23): error C7525: inline variables require at least '/std:c++17' (compiling source file MyGUIModel.cpp)
C:\Users\andre\Desktop\Qt1\6.0.3\msvc2019_64\include\QtCore\qtypeinfo.h(354,23): error C7525: inline variables require at least '/std:c++17' (compiling source file MyGUIModel.cpp)
C:\Users\andre\Desktop\Qt1\6.0.3\msvc2019_64\include\QtCore\qtypeinfo.h(362,23): error C7525: inline variables require at least '/std:c++17' (compiling source file MyGUIModel.cpp)
C:\Users\andre\Desktop\Qt1\6.0.3\msvc2019_64\include\QtCore\qtypeinfo.h(365,23): error C7525: inline variables require at least '/std:c++17' (compiling source file MyGUIModel.cpp)
C:\Users\andre\Desktop\Qt1\6.0.3\msvc2019_64\include\QtCore\qnamespace.h(1608,7): warning C5051: attribute 'maybe_unused' requires at least '/std:c++17'; ignored (compiling source file ListaNotificariGUI.cpp)
C:\Users\andre\Desktop\Qt1\6.0.3\msvc2019_64\include\QtCore\qnamespace.h(1608,61): error C7525: inline variables require at least '/std:c++17' (compiling source file ListaNotificariGUI.cpp)
C:\Users\andre\Desktop\Qt1\6.0.3\msvc2019_64\include\QtCore\qnamespace.h(1608,7): warning C5051: attribute 'maybe_unused' requires at least '/std:c++17'; ignored (compiling source file GUI.cpp)
C:\Users\andre\Desktop\Qt1\6.0.3\msvc2019_64\include\QtCore\qnamespace.h(1608,61): error C7525: inline variables require at least '/std:c++17' (compiling source file GUI.cpp)
C:\Users\andre\Desktop\Qt1\6.0.3\msvc2019_64\include\QtCore\qnamespace.h(1608,7): warning C5051: attribute 'maybe_unused' requires at least '/std:c++17'; ignored (compiling source file Modele.cpp)
C:\Users\andre\Desktop\Qt1\6.0.3\msvc2019_64\include\QtCore\qnamespace.h(1608,61): error C7525: inline variables require at least '/std:c++17' (compiling source file Modele.cpp)
C:\Users\andre\Desktop\Qt1\6.0.3\msvc2019_64\include\QtCore\qnamespace.h(1608,7): warning C5051: attribute 'maybe_unused' requires at least '/std:c++17'; ignored (compiling source file MyGUIModel.cpp)
C:\Users\andre\Desktop\Qt1\6.0.3\msvc2019_64\include\QtCore\qnamespace.h(1608,61): error C7525: inline variables require at least '/std:c++17' (compiling source file MyGUIModel.cpp)
C:\Users\andre\Desktop\Qt1\6.0.3\msvc2019_64\include\QtCore\qbytearrayview.h(55): error C2065: 'byte': undeclared identifier (compiling source file ListaNotificariGUI.cpp)
C:\Users\andre\Desktop\Qt1\6.0.3\msvc2019_64\include\QtCore\qbytearrayview.h(59): message : see reference to class template instantiation 'QtPrivate::IsCompatibleByteTypeHelper<Byte>' being compiled (compiling source file ListaNotificariGUI.cpp)
C:\Users\andre\Desktop\Qt1\6.0.3\msvc2019_64\include\QtCore\qbytearrayview.h(59,35): error C2923: 'std::is_same_v': 'byte' is not a valid template type argument for parameter '<unnamed-symbol>' (compiling source file ListaNotificariGUI.cpp)
C:\Users\andre\Desktop\Qt1\6.0.3\msvc2019_64\include\QtCore\qbytearrayview.h(55): error C2062: type 'unknown-type' unexpected (compiling source file ListaNotificariGUI.cpp)
C:\Users\andre\Desktop\Qt1\6.0.3\msvc2019_64\include\QtCore\qbytearrayview.h(59,63): error C3770: 'unknown-type': is not a valid base class (compiling source file ListaNotificariGUI.cpp)
C:\Users\andre\Desktop\Qt1\6.0.3\msvc2019_64\include\QtCore\qbytearrayview.h(153,32): error C3615: constexpr function 'QByteArrayView::lengthHelperCharArray' cannot result in a constant expression (compiling source file ListaNotificariGUI.cpp)
C:\Users\andre\Desktop\Qt1\6.0.3\msvc2019_64\include\QtCore\qbytearrayview.h(155,53): message : failure was caused by call of undefined function or one not declared 'constexpr' (compiling source file ListaNotificariGUI.cpp)
C:\Users\andre\Desktop\Qt1\6.0.3\msvc2019_64\include\QtCore\qbytearrayview.h(155,53): message : see usage of 'std::_Narrow_char_traits<char,int>::find' (compiling source file ListaNotificariGUI.cpp)
C:\Users\andre\Desktop\Qt1\6.0.3\msvc2019_64\include\QtCore\qbytearrayview.h(157,39): message : failure was caused by call of undefined function or one not declared 'constexpr' (compiling source file ListaNotificariGUI.cpp)
C:\Users\andre\Desktop\Qt1\6.0.3\msvc2019_64\include\QtCore\qbytearrayview.h(157,39): message : see usage of 'std::distance' (compiling source file ListaNotificariGUI.cpp)
C:\Users\andre\Desktop\Qt1\6.0.3\msvc2019_64\include\QtCore\qbytearrayview.h(59,56): error C2039: 'byte': is not a member of 'std' (compiling source file ListaNotificariGUI.cpp)
C:\Program Files (x86)\Microsoft Visual Studio\2019\Community\VC\Tools\MSVC\14.28.29910\include\string(24): message : see declaration of 'std' (compiling source file ListaNotificariGUI.cpp)
C:\Users\andre\Desktop\Qt1\6.0.3\msvc2019_64\include\QtCore\qbytearrayview.h(64): message : see reference to class template instantiation 'QtPrivate::IsCompatibleByteTypeHelper<char>' being compiled (compiling source file ListaNotificariGUI.cpp)
C:\Users\andre\Desktop\Qt1\6.0.3\msvc2019_64\include\QtCore\qbytearrayview.h(228): message : see reference to class template instantiation 'QtPrivate::IsCompatibleByteType<const QByteArrayView::value_type>' being compiled (compiling source file ListaNotificariGUI.cpp)
C:\Users\andre\Desktop\Qt1\6.0.3\msvc2019_64\include\QtCore\qbytearrayview.h(172): message : see reference to alias template instantiation 'QByteArrayView::if_compatible_byte<const QByteArrayView::value_type>' being compiled (compiling source file ListaNotificariGUI.cpp)
C:\Users\andre\Desktop\Qt1\6.0.3\msvc2019_64\include\QtCore\qbytearrayview.h(228,5): error C2440: '<function-style-cast>': cannot convert from 'initializer list' to 'QByteArrayView' (compiling source file ListaNotificariGUI.cpp)
C:\Users\andre\Desktop\Qt1\6.0.3\msvc2019_64\include\QtCore\qbytearrayview.h(228,5): message : No constructor could take the source type, or constructor overload resolution was ambiguous (compiling source file ListaNotificariGUI.cpp)
C:\Users\andre\Desktop\Qt1\6.0.3\msvc2019_64\include\QtCore\qbytearrayview.h(227,44): error C3615: constexpr function 'QByteArrayView::first' cannot result in a constant expression (compiling source file ListaNotificariGUI.cpp)
C:\Users\andre\Desktop\Qt1\6.0.3\msvc2019_64\include\QtCore\qbytearrayview.h(228): message : failure was caused by control reaching the end of a constexpr function (compiling source file ListaNotificariGUI.cpp)
C:\Users\andre\Desktop\Qt1\6.0.3\msvc2019_64\include\QtCore\qbytearrayview.h(230,5): error C2440: '<function-style-cast>': cannot convert from 'initializer list' to 'QByteArrayView' (compiling source file ListaNotificariGUI.cpp)
C:\Users\andre\Desktop\Qt1\6.0.3\msvc2019_64\include\QtCore\qbytearrayview.h(230,5): message : No constructor could take the source type, or constructor overload resolution was ambiguous (compiling source file ListaNotificariGUI.cpp)
C:\Users\andre\Desktop\Qt1\6.0.3\msvc2019_64\include\QtCore\qbytearrayview.h(229,44): error C3615: constexpr function 'QByteArrayView::last' cannot result in a constant expression (compiling source file ListaNotificariGUI.cpp)
C:\Users\andre\Desktop\Qt1\6.0.3\msvc2019_64\include\QtCore\qbytearrayview.h(230): message : failure was caused by control reaching the end of a constexpr function (compiling source file ListaNotificariGUI.cpp)
C:\Users\andre\Desktop\Qt1\6.0.3\msvc2019_64\include\QtCore\qbytearrayview.h(232,5): error C2440: '<function-style-cast>': cannot convert from 'initializer list' to 'QByteArrayView' (compiling source file ListaNotificariGUI.cpp)
C:\Users\andre\Desktop\Qt1\6.0.3\msvc2019_64\include\QtCore\qbytearrayview.h(232,5): message : No constructor could take the source type, or constructor overload resolution was ambiguous (compiling source file ListaNotificariGUI.cpp)
C:\Users\andre\Desktop\Qt1\6.0.3\msvc2019_64\include\QtCore\qbytearrayview.h(231,44): error C3615: constexpr function 'QByteArrayView::sliced' cannot result in a constant expression (compiling source file ListaNotificariGUI.cpp)
C:\Users\andre\Desktop\Qt1\6.0.3\msvc2019_64\include\QtCore\qbytearrayview.h(232): message : failure was caused by control reaching the end of a constexpr function (compiling source file ListaNotificariGUI.cpp)
C:\Users\andre\Desktop\Qt1\6.0.3\msvc2019_64\include\QtCore\qbytearrayview.h(234,5): error C2440: '<function-style-cast>': cannot convert from 'initializer list' to 'QByteArrayView' (compiling source file ListaNotificariGUI.cpp)
C:\Users\andre\Desktop\Qt1\6.0.3\msvc2019_64\include\QtCore\qbytearrayview.h(234,5): message : No constructor could take the source type, or constructor overload resolution was ambiguous (compiling source file ListaNotificariGUI.cpp)
C:\Users\andre\Desktop\Qt1\6.0.3\msvc2019_64\include\QtCore\qbytearrayview.h(233,44): error C3615: constexpr function 'QByteArrayView::sliced' cannot result in a constant expression (compiling source file ListaNotificariGUI.cpp)
C:\Users\andre\Desktop\Qt1\6.0.3\msvc2019_64\include\QtCore\qbytearrayview.h(234): message : failure was caused by control reaching the end of a constexpr function (compiling source file ListaNotificariGUI.cpp)
C:\Users\andre\Desktop\Qt1\6.0.3\msvc2019_64\include\QtCore\qbytearrayview.h(256,5): error C2440: '<function-style-cast>': cannot convert from 'initializer list' to 'QByteArrayView' (compiling source file ListaNotificariGUI.cpp)
C:\Users\andre\Desktop\Qt1\6.0.3\msvc2019_64\include\QtCore\qbytearrayview.h(256,5): message : No constructor could take the source type, or constructor overload resolution was ambiguous (compiling source file ListaNotificariGUI.cpp)
C:\Users\andre\Desktop\Qt1\6.0.3\msvc2019_64\include\QtCore\qbytearrayview.h(256,5): error C2660: 'QtPrivate::findByteArray': function does not take 2 arguments (compiling source file ListaNotificariGUI.cpp)
C:\Users\andre\Desktop\Qt1\6.0.3\msvc2019_64\include\QtCore\qbytearrayalgorithms.h(62,11): message : see declaration of 'QtPrivate::findByteArray' (compiling source file ListaNotificariGUI.cpp)
C:\Users\andre\Desktop\Qt1\6.0.3\msvc2019_64\include\QtCore\qbytearrayview.h(55): error C2065: 'byte': undeclared identifier (compiling source file MyGUIModel.cpp)
C:\Users\andre\Desktop\Qt1\6.0.3\msvc2019_64\include\QtCore\qbytearrayview.h(59): message : see reference to class template instantiation 'QtPrivate::IsCompatibleByteTypeHelper<Byte>' being compiled (compiling source file MyGUIModel.cpp)
C:\Users\andre\Desktop\Qt1\6.0.3\msvc2019_64\include\QtCore\qbytearrayview.h(266,5): error C2440: '<function-style-cast>': cannot convert from 'initializer list' to 'QByteArrayView' (compiling source file ListaNotificariGUI.cpp)
C:\Users\andre\Desktop\Qt1\6.0.3\msvc2019_64\include\QtCore\qbytearrayview.h(266,5): message : No constructor could take the source type, or constructor overload resolution was ambiguous (compiling source file ListaNotificariGUI.cpp)
C:\Users\andre\Desktop\Qt1\6.0.3\msvc2019_64\include\QtCore\qbytearrayview.h(59,35): error C2923: 'std::is_same_v': 'byte' is not a valid template type argument for parameter '<unnamed-symbol>' (compiling source file MyGUIModel.cpp)
C:\Users\andre\Desktop\Qt1\6.0.3\msvc2019_64\include\QtCore\qbytearrayview.h(55): error C2062: type 'unknown-type' unexpected (compiling source file MyGUIModel.cpp)
C:\Users\andre\Desktop\Qt1\6.0.3\msvc2019_64\include\QtCore\qbytearrayview.h(266,5): error C2660: 'QtPrivate::lastIndexOf': function does not take 2 arguments (compiling source file ListaNotificariGUI.cpp)
C:\Users\andre\Desktop\Qt1\6.0.3\msvc2019_64\include\QtCore\qbytearrayalgorithms.h(65,11): message : see declaration of 'QtPrivate::lastIndexOf' (compiling source file ListaNotificariGUI.cpp)
C:\Users\andre\Desktop\Qt1\6.0.3\msvc2019_64\include\QtCore\qbytearrayview.h(59,63): error C3770: 'unknown-type': is not a valid base class (compiling source file MyGUIModel.cpp)
C:\Users\andre\Desktop\Qt1\6.0.3\msvc2019_64\include\QtCore\qbytearrayview.h(271,5): error C2440: '<function-style-cast>': cannot convert from 'initializer list' to 'QByteArrayView' (compiling source file ListaNotificariGUI.cpp)
C:\Users\andre\Desktop\Qt1\6.0.3\msvc2019_64\include\QtCore\qbytearrayview.h(271,5): message : No constructor could take the source type, or constructor overload resolution was ambiguous (compiling source file ListaNotificariGUI.cpp)
C:\Users\andre\Desktop\Qt1\6.0.3\msvc2019_64\include\QtCore\qbytearrayview.h(271,5): error C2660: 'QtPrivate::count': function does not take 1 arguments (compiling source file ListaNotificariGUI.cpp)
C:\Users\andre\Desktop\Qt1\6.0.3\msvc2019_64\include\QtCore\qbytearrayalgorithms.h(68,11): message : see declaration of 'QtPrivate::count' (compiling source file ListaNotificariGUI.cpp)
C:\Users\andre\Desktop\Qt1\6.0.3\msvc2019_64\include\QtCore\qbytearrayview.h(280,52): error C3615: constexpr function 'QByteArrayView::rbegin' cannot result in a constant expression (compiling source file ListaNotificariGUI.cpp)
C:\Users\andre\Desktop\Qt1\6.0.3\msvc2019_64\include\QtCore\qbytearrayview.h(280,108): message : failure was caused by call of undefined function or one not declared 'constexpr' (compiling source file ListaNotificariGUI.cpp)
C:\Users\andre\Desktop\Qt1\6.0.3\msvc2019_64\include\QtCore\qbytearrayview.h(280,108): message : see usage of 'std::reverse_iterator<QByteArrayView::iterator>::reverse_iterator' (compiling source file ListaNotificariGUI.cpp)
C:\Users\andre\Desktop\Qt1\6.0.3\msvc2019_64\include\QtCore\qbytearrayview.h(281,52): error C3615: constexpr function 'QByteArrayView::rend' cannot result in a constant expression (compiling source file ListaNotificariGUI.cpp)
C:\Users\andre\Desktop\Qt1\6.0.3\msvc2019_64\include\QtCore\qbytearrayview.h(281,108): message : failure was caused by call of undefined function or one not declared 'constexpr' (compiling source file ListaNotificariGUI.cpp)
C:\Users\andre\Desktop\Qt1\6.0.3\msvc2019_64\include\QtCore\qbytearrayview.h(281,108): message : see usage of 'std::reverse_iterator<QByteArrayView::iterator>::reverse_iterator' (compiling source file ListaNotificariGUI.cpp)
C:\Users\andre\Desktop\Qt1\6.0.3\msvc2019_64\include\QtCore\qbytearrayview.h(153,32): error C3615: constexpr function 'QByteArrayView::lengthHelperCharArray' cannot result in a constant expression (compiling source file MyGUIModel.cpp)
C:\Users\andre\Desktop\Qt1\6.0.3\msvc2019_64\include\QtCore\qbytearrayview.h(155,53): message : failure was caused by call of undefined function or one not declared 'constexpr' (compiling source file MyGUIModel.cpp)
C:\Users\andre\Desktop\Qt1\6.0.3\msvc2019_64\include\QtCore\qbytearrayview.h(155,53): message : see usage of 'std::_Narrow_char_traits<char,int>::find' (compiling source file MyGUIModel.cpp)
C:\Users\andre\Desktop\Qt1\6.0.3\msvc2019_64\include\QtCore\qbytearrayview.h(157,39): message : failure was caused by call of undefined function or one not declared 'constexpr' (compiling source file MyGUIModel.cpp)
C:\Users\andre\Desktop\Qt1\6.0.3\msvc2019_64\include\QtCore\qbytearrayview.h(157,39): message : see usage of 'std::distance' (compiling source file MyGUIModel.cpp)
C:\Users\andre\Desktop\Qt1\6.0.3\msvc2019_64\include\QtCore\qbytearrayview.h(59,56): error C2039: 'byte': is not a member of 'std' (compiling source file MyGUIModel.cpp)
C:\Program Files (x86)\Microsoft Visual Studio\2019\Community\VC\Tools\MSVC\14.28.29910\include\string(24): message : see declaration of 'std' (compiling source file MyGUIModel.cpp)
C:\Users\andre\Desktop\Qt1\6.0.3\msvc2019_64\include\QtCore\qbytearrayview.h(64): message : see reference to class template instantiation 'QtPrivate::IsCompatibleByteTypeHelper<char>' being compiled (compiling source file MyGUIModel.cpp)
C:\Users\andre\Desktop\Qt1\6.0.3\msvc2019_64\include\QtCore\qbytearrayview.h(228): message : see reference to class template instantiation 'QtPrivate::IsCompatibleByteType<const QByteArrayView::value_type>' being compiled (compiling source file MyGUIModel.cpp)
C:\Users\andre\Desktop\Qt1\6.0.3\msvc2019_64\include\QtCore\qbytearrayview.h(172): message : see reference to alias template instantiation 'QByteArrayView::if_compatible_byte<const QByteArrayView::value_type>' being compiled (compiling source file MyGUIModel.cpp)
C:\Users\andre\Desktop\Qt1\6.0.3\msvc2019_64\include\QtCore\qbytearray.h(120,41): error C2440: '<function-style-cast>': cannot convert from 'initializer list' to 'QByteArrayView' (compiling source file ListaNotificariGUI.cpp)
C:\Users\andre\Desktop\Qt1\6.0.3\msvc2019_64\include\QtCore\qbytearray.h(120,41): message : No constructor could take the source type, or constructor overload resolution was ambiguous (compiling source file ListaNotificariGUI.cpp)
C:\Users\andre\Desktop\Qt1\6.0.3\msvc2019_64\include\QtCore\qbytearrayview.h(228,5): error C2440: '<function-style-cast>': cannot convert from 'initializer list' to 'QByteArrayView' (compiling source file MyGUIModel.cpp)
C:\Users\andre\Desktop\Qt1\6.0.3\msvc2019_64\include\QtCore\qbytearrayview.h(228,5): message : No constructor could take the source type, or constructor overload resolution was ambiguous (compiling source file MyGUIModel.cpp)
C:\Users\andre\Desktop\Qt1\6.0.3\msvc2019_64\include\QtCore\qbytearrayview.h(227,44): error C3615: constexpr function 'QByteArrayView::first' cannot result in a constant expression (compiling source file MyGUIModel.cpp)
C:\Users\andre\Desktop\Qt1\6.0.3\msvc2019_64\include\QtCore\qbytearrayview.h(228): message : failure was caused by control reaching the end of a constexpr function (compiling source file MyGUIModel.cpp)
C:\Users\andre\Desktop\Qt1\6.0.3\msvc2019_64\include\QtCore\qbytearrayview.h(230,5): error C2440: '<function-style-cast>': cannot convert from 'initializer list' to 'QByteArrayView' (compiling source file MyGUIModel.cpp)
C:\Users\andre\Desktop\Qt1\6.0.3\msvc2019_64\include\QtCore\qbytearrayview.h(230,5): message : No constructor could take the source type, or constructor overload resolution was ambiguous (compiling source file MyGUIModel.cpp)
C:\Users\andre\Desktop\Qt1\6.0.3\msvc2019_64\include\QtCore\qbytearrayview.h(229,44): error C3615: constexpr function 'QByteArrayView::last' cannot result in a constant expression (compiling source file MyGUIModel.cpp)
C:\Users\andre\Desktop\Qt1\6.0.3\msvc2019_64\include\QtCore\qbytearrayview.h(230): message : failure was caused by control reaching the end of a constexpr function (compiling source file MyGUIModel.cpp)
C:\Users\andre\Desktop\Qt1\6.0.3\msvc2019_64\include\QtCore\qbytearrayview.h(232,5): error C2440: '<function-style-cast>': cannot convert from 'initializer list' to 'QByteArrayView' (compiling source file MyGUIModel.cpp)
C:\Users\andre\Desktop\Qt1\6.0.3\msvc2019_64\include\QtCore\qbytearrayview.h(232,5): message : No constructor could take the source type, or constructor overload resolution was ambiguous (compiling source file MyGUIModel.cpp)
C:\Users\andre\Desktop\Qt1\6.0.3\msvc2019_64\include\QtCore\qbytearrayview.h(231,44): error C3615: constexpr function 'QByteArrayView::sliced' cannot result in a constant expression (compiling source file MyGUIModel.cpp)
C:\Users\andre\Desktop\Qt1\6.0.3\msvc2019_64\include\QtCore\qbytearrayview.h(232): message : failure was caused by control reaching the end of a constexpr function (compiling source file MyGUIModel.cpp)
C:\Users\andre\Desktop\Qt1\6.0.3\msvc2019_64\include\QtCore\qbytearrayview.h(234,5): error C2440: '<function-style-cast>': cannot convert from 'initializer list' to 'QByteArrayView' (compiling source file MyGUIModel.cpp)
C:\Users\andre\Desktop\Qt1\6.0.3\msvc2019_64\include\QtCore\qbytearrayview.h(234,5): message : No constructor could take the source type, or constructor overload resolution was ambiguous (compiling source file MyGUIModel.cpp)
C:\Users\andre\Desktop\Qt1\6.0.3\msvc2019_64\include\QtCore\qbytearrayview.h(233,44): error C3615: constexpr function 'QByteArrayView::sliced' cannot result in a constant expression (compiling source file MyGUIModel.cpp)
C:\Users\andre\Desktop\Qt1\6.0.3\msvc2019_64\include\QtCore\qbytearrayview.h(234): message : failure was caused by control reaching the end of a constexpr function (compiling source file MyGUIModel.cpp)
C:\Users\andre\Desktop\Qt1\6.0.3\msvc2019_64\include\QtCore\qbytearrayview.h(256,5): error C2440: '<function-style-cast>': cannot convert from 'initializer list' to 'QByteArrayView' (compiling source file MyGUIModel.cpp)
C:\Users\andre\Desktop\Qt1\6.0.3\msvc2019_64\include\QtCore\qbytearrayview.h(256,5): message : No constructor could take the source type, or constructor overload resolution was ambiguous (compiling source file MyGUIModel.cpp)
C:\Users\andre\Desktop\Qt1\6.0.3\msvc2019_64\include\QtCore\qbytearrayview.h(256,5): error C2660: 'QtPrivate::findByteArray': function does not take 2 arguments (compiling source file MyGUIModel.cpp)
C:\Users\andre\Desktop\Qt1\6.0.3\msvc2019_64\include\QtCore\qbytearrayalgorithms.h(62,11): message : see declaration of 'QtPrivate::findByteArray' (compiling source file MyGUIModel.cpp)
C:\Users\andre\Desktop\Qt1\6.0.3\msvc2019_64\include\QtCore\qbytearrayview.h(55): error C2065: 'byte': undeclared identifier (compiling source file GUI.cpp)
C:\Users\andre\Desktop\Qt1\6.0.3\msvc2019_64\include\QtCore\qbytearrayview.h(59): message : see reference to class template instantiation 'QtPrivate::IsCompatibleByteTypeHelper<Byte>' being compiled (compiling source file GUI.cpp)
C:\Users\andre\Desktop\Qt1\6.0.3\msvc2019_64\include\QtCore\qbytearrayview.h(59,35): error C2923: 'std::is_same_v': 'byte' is not a valid template type argument for parameter '<unnamed-symbol>' (compiling source file GUI.cpp)
C:\Users\andre\Desktop\Qt1\6.0.3\msvc2019_64\include\QtCore\qbytearrayview.h(55): error C2062: type 'unknown-type' unexpected (compiling source file GUI.cpp)
C:\Users\andre\Desktop\Qt1\6.0.3\msvc2019_64\include\QtCore\qbytearrayview.h(59,63): error C3770: 'unknown-type': is not a valid base class (compiling source file GUI.cpp)
C:\Users\andre\Desktop\Qt1\6.0.3\msvc2019_64\include\QtCore\qbytearrayview.h(266,5): error C2440: '<function-style-cast>': cannot convert from 'initializer list' to 'QByteArrayView' (compiling source file MyGUIModel.cpp)
C:\Users\andre\Desktop\Qt1\6.0.3\msvc2019_64\include\QtCore\qbytearrayview.h(266,5): message : No constructor could take the source type, or constructor overload resolution was ambiguous (compiling source file MyGUIModel.cpp)
C:\Users\andre\Desktop\Qt1\6.0.3\msvc2019_64\include\QtCore\qbytearrayview.h(266,5): error C2660: 'QtPrivate::lastIndexOf': function does not take 2 arguments (compiling source file MyGUIModel.cpp)
C:\Users\andre\Desktop\Qt1\6.0.3\msvc2019_64\include\QtCore\qbytearrayalgorithms.h(65,11): message : see declaration of 'QtPrivate::lastIndexOf' (compiling source file MyGUIModel.cpp)
C:\Users\andre\Desktop\Qt1\6.0.3\msvc2019_64\include\QtCore\qbytearrayview.h(271,5): error C2440: '<function-style-cast>': cannot convert from 'initializer list' to 'QByteArrayView' (compiling source file MyGUIModel.cpp)
C:\Users\andre\Desktop\Qt1\6.0.3\msvc2019_64\include\QtCore\qbytearrayview.h(271,5): message : No constructor could take the source type, or constructor overload resolution was ambiguous (compiling source file MyGUIModel.cpp)
C:\Users\andre\Desktop\Qt1\6.0.3\msvc2019_64\include\QtCore\qbytearrayview.h(271,5): error C2660: 'QtPrivate::count': function does not take 1 arguments (compiling source file MyGUIModel.cpp)
C:\Users\andre\Desktop\Qt1\6.0.3\msvc2019_64\include\QtCore\qbytearrayalgorithms.h(68,11): message : see declaration of 'QtPrivate::count' (compiling source file MyGUIModel.cpp)
C:\Users\andre\Desktop\Qt1\6.0.3\msvc2019_64\include\QtCore\qbytearrayview.h(153,32): error C3615: constexpr function 'QByteArrayView::lengthHelperCharArray' cannot result in a constant expression (compiling source file GUI.cpp)
C:\Users\andre\Desktop\Qt1\6.0.3\msvc2019_64\include\QtCore\qbytearrayview.h(155,53): message : failure was caused by call of undefined function or one not declared 'constexpr' (compiling source file GUI.cpp)
C:\Users\andre\Desktop\Qt1\6.0.3\msvc2019_64\include\QtCore\qbytearrayview.h(155,53): message : see usage of 'std::_Narrow_char_traits<char,int>::find' (compiling source file GUI.cpp)
C:\Users\andre\Desktop\Qt1\6.0.3\msvc2019_64\include\QtCore\qbytearrayview.h(280,52): error C3615: constexpr function 'QByteArrayView::rbegin' cannot result in a constant expression (compiling source file MyGUIModel.cpp)
C:\Users\andre\Desktop\Qt1\6.0.3\msvc2019_64\include\QtCore\qbytearrayview.h(280,108): message : failure was caused by call of undefined function or one not declared 'constexpr' (compiling source file MyGUIModel.cpp)
C:\Users\andre\Desktop\Qt1\6.0.3\msvc2019_64\include\QtCore\qbytearrayview.h(280,108): message : see usage of 'std::reverse_iterator<QByteArrayView::iterator>::reverse_iterator' (compiling source file MyGUIModel.cpp)
C:\Users\andre\Desktop\Qt1\6.0.3\msvc2019_64\include\QtCore\qbytearrayview.h(157,39): message : failure was caused by call of undefined function or one not declared 'constexpr' (compiling source file GUI.cpp)
C:\Users\andre\Desktop\Qt1\6.0.3\msvc2019_64\include\QtCore\qbytearrayview.h(157,39): message : see usage of 'std::distance' (compiling source file GUI.cpp)
C:\Users\andre\Desktop\Qt1\6.0.3\msvc2019_64\include\QtCore\qbytearrayview.h(281,52): error C3615: constexpr function 'QByteArrayView::rend' cannot result in a constant expression (compiling source file MyGUIModel.cpp)
C:\Users\andre\Desktop\Qt1\6.0.3\msvc2019_64\include\QtCore\qbytearrayview.h(281,108): message : failure was caused by call of undefined function or one not declared 'constexpr' (compiling source file MyGUIModel.cpp)
C:\Users\andre\Desktop\Qt1\6.0.3\msvc2019_64\include\QtCore\qbytearrayview.h(281,108): message : see usage of 'std::reverse_iterator<QByteArrayView::iterator>::reverse_iterator' (compiling source file MyGUIModel.cpp)
C:\Users\andre\Desktop\Qt1\6.0.3\msvc2019_64\include\QtCore\qbytearrayview.h(59,56): error C2039: 'byte': is not a member of 'std' (compiling source file GUI.cpp)
C:\Program Files (x86)\Microsoft Visual Studio\2019\Community\VC\Tools\MSVC\14.28.29910\include\string(24): message : see declaration of 'std' (compiling source file GUI.cpp)
C:\Users\andre\Desktop\Qt1\6.0.3\msvc2019_64\include\QtCore\qbytearrayview.h(64): message : see reference to class template instantiation 'QtPrivate::IsCompatibleByteTypeHelper<char>' being compiled (compiling source file GUI.cpp)
C:\Users\andre\Desktop\Qt1\6.0.3\msvc2019_64\include\QtCore\qbytearrayview.h(228): message : see reference to class template instantiation 'QtPrivate::IsCompatibleByteType<const QByteArrayView::value_type>' being compiled (compiling source file GUI.cpp)
C:\Users\andre\Desktop\Qt1\6.0.3\msvc2019_64\include\QtCore\qbytearrayview.h(172): message : see reference to alias template instantiation 'QByteArrayView::if_compatible_byte<const QByteArrayView::value_type>' being compiled (compiling source file GUI.cpp)
C:\Users\andre\Desktop\Qt1\6.0.3\msvc2019_64\include\QtCore\qbytearrayview.h(228,5): error C2440: '<function-style-cast>': cannot convert from 'initializer list' to 'QByteArrayView' (compiling source file GUI.cpp)
C:\Users\andre\Desktop\Qt1\6.0.3\msvc2019_64\include\QtCore\qbytearrayview.h(228,5): message : No constructor could take the source type, or constructor overload resolution was ambiguous (compiling source file GUI.cpp)
C:\Users\andre\Desktop\Qt1\6.0.3\msvc2019_64\include\QtCore\qbytearrayview.h(227,44): error C3615: constexpr function 'QByteArrayView::first' cannot result in a constant expression (compiling source file GUI.cpp)
C:\Users\andre\Desktop\Qt1\6.0.3\msvc2019_64\include\QtCore\qbytearrayview.h(228): message : failure was caused by control reaching the end of a constexpr function (compiling source file GUI.cpp)
C:\Users\andre\Desktop\Qt1\6.0.3\msvc2019_64\include\QtCore\qbytearray.h(120,41): error C2440: '<function-style-cast>': cannot convert from 'initializer list' to 'QByteArrayView' (compiling source file MyGUIModel.cpp)
C:\Users\andre\Desktop\Qt1\6.0.3\msvc2019_64\include\QtCore\qbytearray.h(120,41): message : No constructor could take the source type, or constructor overload resolution was ambiguous (compiling source file MyGUIModel.cpp)
C:\Users\andre\Desktop\Qt1\6.0.3\msvc2019_64\include\QtCore\qbytearrayview.h(230,5): error C2440: '<function-style-cast>': cannot convert from 'initializer list' to 'QByteArrayView' (compiling source file GUI.cpp)
C:\Users\andre\Desktop\Qt1\6.0.3\msvc2019_64\include\QtCore\qbytearrayview.h(230,5): message : No constructor could take the source type, or constructor overload resolution was ambiguous (compiling source file GUI.cpp)
C:\Users\andre\Desktop\Qt1\6.0.3\msvc2019_64\include\QtCore\qbytearrayview.h(229,44): error C3615: constexpr function 'QByteArrayView::last' cannot result in a constant expression (compiling source file GUI.cpp)
C:\Users\andre\Desktop\Qt1\6.0.3\msvc2019_64\include\QtCore\qbytearrayview.h(230): message : failure was caused by control reaching the end of a constexpr function (compiling source file GUI.cpp)
C:\Users\andre\Desktop\Qt1\6.0.3\msvc2019_64\include\QtCore\qbytearrayview.h(232,5): error C2440: '<function-style-cast>': cannot convert from 'initializer list' to 'QByteArrayView' (compiling source file GUI.cpp)
C:\Users\andre\Desktop\Qt1\6.0.3\msvc2019_64\include\QtCore\qbytearrayview.h(232,5): message : No constructor could take the source type, or constructor overload resolution was ambiguous (compiling source file GUI.cpp)
C:\Users\andre\Desktop\Qt1\6.0.3\msvc2019_64\include\QtCore\qbytearrayview.h(231,44): error C3615: constexpr function 'QByteArrayView::sliced' cannot result in a constant expression (compiling source file GUI.cpp)
C:\Users\andre\Desktop\Qt1\6.0.3\msvc2019_64\include\QtCore\qbytearrayview.h(232): message : failure was caused by control reaching the end of a constexpr function (compiling source file GUI.cpp)
C:\Users\andre\Desktop\Qt1\6.0.3\msvc2019_64\include\QtCore\qbytearrayview.h(234,5): error C2440: '<function-style-cast>': cannot convert from 'initializer list' to 'QByteArrayView' (compiling source file GUI.cpp)
C:\Users\andre\Desktop\Qt1\6.0.3\msvc2019_64\include\QtCore\qbytearrayview.h(234,5): message : No constructor could take the source type, or constructor overload resolution was ambiguous (compiling source file GUI.cpp)
C:\Users\andre\Desktop\Qt1\6.0.3\msvc2019_64\include\QtCore\qbytearrayview.h(233,44): error C3615: constexpr function 'QByteArrayView::sliced' cannot result in a constant expression (compiling source file GUI.cpp)
C:\Users\andre\Desktop\Qt1\6.0.3\msvc2019_64\include\QtCore\qbytearrayview.h(234): message : failure was caused by control reaching the end of a constexpr function (compiling source file GUI.cpp)
C:\Users\andre\Desktop\Qt1\6.0.3\msvc2019_64\include\QtCore\qbytearrayview.h(256,5): error C2440: '<function-style-cast>': cannot convert from 'initializer list' to 'QByteArrayView' (compiling source file GUI.cpp)
C:\Users\andre\Desktop\Qt1\6.0.3\msvc2019_64\include\QtCore\qbytearrayview.h(256,5): message : No constructor could take the source type, or constructor overload resolution was ambiguous (compiling source file GUI.cpp)
C:\Users\andre\Desktop\Qt1\6.0.3\msvc2019_64\include\QtCore\qbytearrayview.h(256,5): error C2660: 'QtPrivate::findByteArray': function does not take 2 arguments (compiling source file GUI.cpp)
C:\Users\andre\Desktop\Qt1\6.0.3\msvc2019_64\include\QtCore\qbytearrayalgorithms.h(62,11): message : see declaration of 'QtPrivate::findByteArray' (compiling source file GUI.cpp)
C:\Users\andre\Desktop\Qt1\6.0.3\msvc2019_64\include\QtCore\qbytearrayview.h(266,5): error C2440: '<function-style-cast>': cannot convert from 'initializer list' to 'QByteArrayView' (compiling source file GUI.cpp)
C:\Users\andre\Desktop\Qt1\6.0.3\msvc2019_64\include\QtCore\qbytearrayview.h(266,5): message : No constructor could take the source type, or constructor overload resolution was ambiguous (compiling source file GUI.cpp)
C:\Users\andre\Desktop\Qt1\6.0.3\msvc2019_64\include\QtCore\qbytearray.h(280,5): error C2440: '<function-style-cast>': cannot convert from 'initializer list' to 'QByteArrayView' (compiling source file ListaNotificariGUI.cpp)
C:\Users\andre\Desktop\Qt1\6.0.3\msvc2019_64\include\QtCore\qbytearray.h(280,5): message : No constructor could take the source type, or constructor overload resolution was ambiguous (compiling source file ListaNotificariGUI.cpp)
C:\Users\andre\Desktop\Qt1\6.0.3\msvc2019_64\include\QtCore\qbytearrayview.h(266,5): error C2660: 'QtPrivate::lastIndexOf': function does not take 2 arguments (compiling source file GUI.cpp)
C:\Users\andre\Desktop\Qt1\6.0.3\msvc2019_64\include\QtCore\qbytearrayalgorithms.h(65,11): message : see declaration of 'QtPrivate::lastIndexOf' (compiling source file GUI.cpp)
C:\Users\andre\Desktop\Qt1\6.0.3\msvc2019_64\include\QtCore\qbytearray.h(280,5): error C2661: 'QByteArray::insert': no overloaded function takes 1 arguments (compiling source file ListaNotificariGUI.cpp)
C:\Users\andre\Desktop\Qt1\6.0.3\msvc2019_64\include\QtCore\qbytearray.h(283,5): error C2440: '<function-style-cast>': cannot convert from 'initializer list' to 'QByteArrayView' (compiling source file ListaNotificariGUI.cpp)
C:\Users\andre\Desktop\Qt1\6.0.3\msvc2019_64\include\QtCore\qbytearray.h(283,5): message : No constructor could take the source type, or constructor overload resolution was ambiguous (compiling source file ListaNotificariGUI.cpp)
C:\Users\andre\Desktop\Qt1\6.0.3\msvc2019_64\include\QtCore\qbytearrayview.h(55): error C2065: 'byte': undeclared identifier (compiling source file Modele.cpp)
C:\Users\andre\Desktop\Qt1\6.0.3\msvc2019_64\include\QtCore\qbytearrayview.h(59): message : see reference to class template instantiation 'QtPrivate::IsCompatibleByteTypeHelper<Byte>' being compiled (compiling source file Modele.cpp)
C:\Users\andre\Desktop\Qt1\6.0.3\msvc2019_64\include\QtCore\qbytearray.h(283,5): error C2661: 'QByteArray::insert': no overloaded function takes 1 arguments (compiling source file ListaNotificariGUI.cpp)
C:\Users\andre\Desktop\Qt1\6.0.3\msvc2019_64\include\QtCore\qbytearrayview.h(59,35): error C2923: 'std::is_same_v': 'byte' is not a valid template type argument for parameter '<unnamed-symbol>' (compiling source file Modele.cpp)
C:\Users\andre\Desktop\Qt1\6.0.3\msvc2019_64\include\QtCore\qbytearrayview.h(271,5): error C2440: '<function-style-cast>': cannot convert from 'initializer list' to 'QByteArrayView' (compiling source file GUI.cpp)
C:\Users\andre\Desktop\Qt1\6.0.3\msvc2019_64\include\QtCore\qbytearrayview.h(271,5): message : No constructor could take the source type, or constructor overload resolution was ambiguous (compiling source file GUI.cpp)
C:\Users\andre\Desktop\Qt1\6.0.3\msvc2019_64\include\QtCore\qbytearrayview.h(55): error C2062: type 'unknown-type' unexpected (compiling source file Modele.cpp)
C:\Users\andre\Desktop\Qt1\6.0.3\msvc2019_64\include\QtCore\qbytearrayview.h(271,5): error C2660: 'QtPrivate::count': function does not take 1 arguments (compiling source file GUI.cpp)
C:\Users\andre\Desktop\Qt1\6.0.3\msvc2019_64\include\QtCore\qbytearrayalgorithms.h(68,11): message : see declaration of 'QtPrivate::count' (compiling source file GUI.cpp)
C:\Users\andre\Desktop\Qt1\6.0.3\msvc2019_64\include\QtCore\qbytearrayview.h(59,63): error C3770: 'unknown-type': is not a valid base class (compiling source file Modele.cpp)
C:\Users\andre\Desktop\Qt1\6.0.3\msvc2019_64\include\QtCore\qbytearray.h(285,5): error C2440: '<function-style-cast>': cannot convert from 'initializer list' to 'QByteArrayView' (compiling source file ListaNotificariGUI.cpp)
C:\Users\andre\Desktop\Qt1\6.0.3\msvc2019_64\include\QtCore\qbytearray.h(285,5): message : No constructor could take the source type, or constructor overload resolution was ambiguous (compiling source file ListaNotificariGUI.cpp)
C:\Users\andre\Desktop\Qt1\6.0.3\msvc2019_64\include\QtCore\qbytearray.h(280,5): error C2440: '<function-style-cast>': cannot convert from 'initializer list' to 'QByteArrayView' (compiling source file MyGUIModel.cpp)
C:\Users\andre\Desktop\Qt1\6.0.3\msvc2019_64\include\QtCore\qbytearray.h(280,5): message : No constructor could take the source type, or constructor overload resolution was ambiguous (compiling source file MyGUIModel.cpp)
C:\Users\andre\Desktop\Qt1\6.0.3\msvc2019_64\include\QtCore\qbytearrayview.h(280,52): error C3615: constexpr function 'QByteArrayView::rbegin' cannot result in a constant expression (compiling source file GUI.cpp)
C:\Users\andre\Desktop\Qt1\6.0.3\msvc2019_64\include\QtCore\qbytearrayview.h(280,108): message : failure was caused by call of undefined function or one not declared 'constexpr' (compiling source file GUI.cpp)
C:\Users\andre\Desktop\Qt1\6.0.3\msvc2019_64\include\QtCore\qbytearrayview.h(280,108): message : see usage of 'std::reverse_iterator<QByteArrayView::iterator>::reverse_iterator' (compiling source file GUI.cpp)
C:\Users\andre\Desktop\Qt1\6.0.3\msvc2019_64\include\QtCore\qbytearray.h(280,5): error C2661: 'QByteArray::insert': no overloaded function takes 1 arguments (compiling source file MyGUIModel.cpp)
C:\Users\andre\Desktop\Qt1\6.0.3\msvc2019_64\include\QtCore\qbytearray.h(283,5): error C2440: '<function-style-cast>': cannot convert from 'initializer list' to 'QByteArrayView' (compiling source file MyGUIModel.cpp)
C:\Users\andre\Desktop\Qt1\6.0.3\msvc2019_64\include\QtCore\qbytearray.h(283,5): message : No constructor could take the source type, or constructor overload resolution was ambiguous (compiling source file MyGUIModel.cpp)
C:\Users\andre\Desktop\Qt1\6.0.3\msvc2019_64\include\QtCore\qbytearray.h(285,5): error C2661: 'QByteArray::insert': no overloaded function takes 1 arguments (compiling source file ListaNotificariGUI.cpp)
C:\Users\andre\Desktop\Qt1\6.0.3\msvc2019_64\include\QtCore\qbytearray.h(283,5): error C2661: 'QByteArray::insert': no overloaded function takes 1 arguments (compiling source file MyGUIModel.cpp)
C:\Users\andre\Desktop\Qt1\6.0.3\msvc2019_64\include\QtCore\qbytearray.h(285,5): error C2440: '<function-style-cast>': cannot convert from 'initializer list' to 'QByteArrayView' (compiling source file MyGUIModel.cpp)
C:\Users\andre\Desktop\Qt1\6.0.3\msvc2019_64\include\QtCore\qbytearray.h(285,5): message : No constructor could take the source type, or constructor overload resolution was ambiguous (compiling source file MyGUIModel.cpp)
C:\Users\andre\Desktop\Qt1\6.0.3\msvc2019_64\include\QtCore\qbytearray.h(285,5): error C2661: 'QByteArray::insert': no overloaded function takes 1 arguments (compiling source file MyGUIModel.cpp)
C:\Users\andre\Desktop\Qt1\6.0.3\msvc2019_64\include\QtCore\qbytearrayview.h(281,52): error C3615: constexpr function 'QByteArrayView::rend' cannot result in a constant expression (compiling source file GUI.cpp)
C:\Users\andre\Desktop\Qt1\6.0.3\msvc2019_64\include\QtCore\qbytearrayview.h(281,108): message : failure was caused by call of undefined function or one not declared 'constexpr' (compiling source file GUI.cpp)
C:\Users\andre\Desktop\Qt1\6.0.3\msvc2019_64\include\QtCore\qbytearrayview.h(281,108): message : see usage of 'std::reverse_iterator<QByteArrayView::iterator>::reverse_iterator' (compiling source file GUI.cpp)
C:\Users\andre\Desktop\Qt1\6.0.3\msvc2019_64\include\QtCore\qbytearray.h(293,5): error C2440: '<function-style-cast>': cannot convert from 'initializer list' to 'QByteArrayView' (compiling source file ListaNotificariGUI.cpp)
C:\Users\andre\Desktop\Qt1\6.0.3\msvc2019_64\include\QtCore\qbytearray.h(293,5): message : No constructor could take the source type, or constructor overload resolution was ambiguous (compiling source file ListaNotificariGUI.cpp)
C:\Users\andre\Desktop\Qt1\6.0.3\msvc2019_64\include\QtCore\qbytearray.h(295,5): error C2440: '<function-style-cast>': cannot convert from 'initializer list' to 'QByteArrayView' (compiling source file ListaNotificariGUI.cpp)
C:\Users\andre\Desktop\Qt1\6.0.3\msvc2019_64\include\QtCore\qbytearray.h(295,5): message : No constructor could take the source type, or constructor overload resolution was ambiguous (compiling source file ListaNotificariGUI.cpp)
C:\Users\andre\Desktop\Qt1\6.0.3\msvc2019_64\include\QtCore\qbytearrayview.h(153,32): error C3615: constexpr function 'QByteArrayView::lengthHelperCharArray' cannot result in a constant expression (compiling source file Modele.cpp)
C:\Users\andre\Desktop\Qt1\6.0.3\msvc2019_64\include\QtCore\qbytearrayview.h(155,53): message : failure was caused by call of undefined function or one not declared 'constexpr' (compiling source file Modele.cpp)
C:\Users\andre\Desktop\Qt1\6.0.3\msvc2019_64\include\QtCore\qbytearrayview.h(155,53): message : see usage of 'std::_Narrow_char_traits<char,int>::find' (compiling source file Modele.cpp)
C:\Users\andre\Desktop\Qt1\6.0.3\msvc2019_64\include\QtCore\qbytearrayview.h(157,39): message : failure was caused by call of undefined function or one not declared 'constexpr' (compiling source file Modele.cpp)
C:\Users\andre\Desktop\Qt1\6.0.3\msvc2019_64\include\QtCore\qbytearrayview.h(157,39): message : see usage of 'std::distance' (compiling source file Modele.cpp)
C:\Users\andre\Desktop\Qt1\6.0.3\msvc2019_64\include\QtCore\qbytearrayview.h(59,56): error C2039: 'byte': is not a member of 'std' (compiling source file Modele.cpp)
C:\Program Files (x86)\Microsoft Visual Studio\2019\Community\VC\Tools\MSVC\14.28.29910\include\string(24): message : see declaration of 'std' (compiling source file Modele.cpp)
C:\Users\andre\Desktop\Qt1\6.0.3\msvc2019_64\include\QtCore\qbytearrayview.h(64): message : see reference to class template instantiation 'QtPrivate::IsCompatibleByteTypeHelper<char>' being compiled (compiling source file Modele.cpp)
C:\Users\andre\Desktop\Qt1\6.0.3\msvc2019_64\include\QtCore\qbytearray.h(120,41): error C2440: '<function-style-cast>': cannot convert from 'initializer list' to 'QByteArrayView' (compiling source file GUI.cpp)
C:\Users\andre\Desktop\Qt1\6.0.3\msvc2019_64\include\QtCore\qbytearray.h(120,41): message : No constructor could take the source type, or constructor overload resolution was ambiguous (compiling source file GUI.cpp)
C:\Users\andre\Desktop\Qt1\6.0.3\msvc2019_64\include\QtCore\qbytearray.h(293,5): error C2440: '<function-style-cast>': cannot convert from 'initializer list' to 'QByteArrayView' (compiling source file MyGUIModel.cpp)
C:\Users\andre\Desktop\Qt1\6.0.3\msvc2019_64\include\QtCore\qbytearray.h(293,5): message : No constructor could take the source type, or constructor overload resolution was ambiguous (compiling source file MyGUIModel.cpp)
C:\Users\andre\Desktop\Qt1\6.0.3\msvc2019_64\include\QtCore\qbytearrayview.h(228): message : see reference to class template instantiation 'QtPrivate::IsCompatibleByteType<const QByteArrayView::value_type>' being compiled (compiling source file Modele.cpp)
C:\Users\andre\Desktop\Qt1\6.0.3\msvc2019_64\include\QtCore\qbytearrayview.h(172): message : see reference to alias template instantiation 'QByteArrayView::if_compatible_byte<const QByteArrayView::value_type>' being compiled (compiling source file Modele.cpp)
C:\Users\andre\Desktop\Qt1\6.0.3\msvc2019_64\include\QtCore\qbytearray.h(302,5): error C2440: '<function-style-cast>': cannot convert from 'const char *' to 'QByteArrayView' (compiling source file ListaNotificariGUI.cpp)
C:\Users\andre\Desktop\Qt1\6.0.3\msvc2019_64\include\QtCore\qbytearray.h(302,5): message : No constructor could take the source type, or constructor overload resolution was ambiguous (compiling source file ListaNotificariGUI.cpp)
C:\Users\andre\Desktop\Qt1\6.0.3\msvc2019_64\include\QtCore\qbytearray.h(302,5): error C2661: 'QByteArray::insert': no overloaded function takes 1 arguments (compiling source file ListaNotificariGUI.cpp)
C:\Users\andre\Desktop\Qt1\6.0.3\msvc2019_64\include\QtCore\qbytearrayview.h(228,5): error C2440: '<function-style-cast>': cannot convert from 'initializer list' to 'QByteArrayView' (compiling source file Modele.cpp)
C:\Users\andre\Desktop\Qt1\6.0.3\msvc2019_64\include\QtCore\qbytearrayview.h(228,5): message : No constructor could take the source type, or constructor overload resolution was ambiguous (compiling source file Modele.cpp)
C:\Users\andre\Desktop\Qt1\6.0.3\msvc2019_64\include\QtCore\qbytearrayview.h(227,44): error C3615: constexpr function 'QByteArrayView::first' cannot result in a constant expression (compiling source file Modele.cpp)
C:\Users\andre\Desktop\Qt1\6.0.3\msvc2019_64\include\QtCore\qbytearrayview.h(228): message : failure was caused by control reaching the end of a constexpr function (compiling source file Modele.cpp)
C:\Users\andre\Desktop\Qt1\6.0.3\msvc2019_64\include\QtCore\qbytearray.h(295,5): error C2440: '<function-style-cast>': cannot convert from 'initializer list' to 'QByteArrayView' (compiling source file MyGUIModel.cpp)
C:\Users\andre\Desktop\Qt1\6.0.3\msvc2019_64\include\QtCore\qbytearray.h(295,5): message : No constructor could take the source type, or constructor overload resolution was ambiguous (compiling source file MyGUIModel.cpp)
C:\Users\andre\Desktop\Qt1\6.0.3\msvc2019_64\include\QtCore\qbytearrayview.h(230,5): error C2440: '<function-style-cast>': cannot convert from 'initializer list' to 'QByteArrayView' (compiling source file Modele.cpp)
C:\Users\andre\Desktop\Qt1\6.0.3\msvc2019_64\include\QtCore\qbytearrayview.h(230,5): message : No constructor could take the source type, or constructor overload resolution was ambiguous (compiling source file Modele.cpp)
C:\Users\andre\Desktop\Qt1\6.0.3\msvc2019_64\include\QtCore\qbytearrayview.h(229,44): error C3615: constexpr function 'QByteArrayView::last' cannot result in a constant expression (compiling source file Modele.cpp)
C:\Users\andre\Desktop\Qt1\6.0.3\msvc2019_64\include\QtCore\qbytearrayview.h(230): message : failure was caused by control reaching the end of a constexpr function (compiling source file Modele.cpp)
C:\Users\andre\Desktop\Qt1\6.0.3\msvc2019_64\include\QtCore\qbytearrayview.h(232,5): error C2440: '<function-style-cast>': cannot convert from 'initializer list' to 'QByteArrayView' (compiling source file Modele.cpp)
C:\Users\andre\Desktop\Qt1\6.0.3\msvc2019_64\include\QtCore\qbytearrayview.h(232,5): message : No constructor could take the source type, or constructor overload resolution was ambiguous (compiling source file Modele.cpp)
C:\Users\andre\Desktop\Qt1\6.0.3\msvc2019_64\include\QtCore\qbytearrayview.h(231,44): error C3615: constexpr function 'QByteArrayView::sliced' cannot result in a constant expression (compiling source file Modele.cpp)
C:\Users\andre\Desktop\Qt1\6.0.3\msvc2019_64\include\QtCore\qbytearrayview.h(232): message : failure was caused by control reaching the end of a constexpr function (compiling source file Modele.cpp)
C:\Users\andre\Desktop\Qt1\6.0.3\msvc2019_64\include\QtCore\qbytearrayview.h(234,5): error C2440: '<function-style-cast>': cannot convert from 'initializer list' to 'QByteArrayView' (compiling source file Modele.cpp)
C:\Users\andre\Desktop\Qt1\6.0.3\msvc2019_64\include\QtCore\qbytearrayview.h(234,5): message : No constructor could take the source type, or constructor overload resolution was ambiguous (compiling source file Modele.cpp)
C:\Users\andre\Desktop\Qt1\6.0.3\msvc2019_64\include\QtCore\qbytearrayview.h(233,44): error C3615: constexpr function 'QByteArrayView::sliced' cannot result in a constant expression (compiling source file Modele.cpp)
C:\Users\andre\Desktop\Qt1\6.0.3\msvc2019_64\include\QtCore\qbytearrayview.h(234): message : failure was caused by control reaching the end of a constexpr function (compiling source file Modele.cpp)
C:\Users\andre\Desktop\Qt1\6.0.3\msvc2019_64\include\QtCore\qbytearrayview.h(256,5): error C2440: '<function-style-cast>': cannot convert from 'initializer list' to 'QByteArrayView' (compiling source file Modele.cpp)
C:\Users\andre\Desktop\Qt1\6.0.3\msvc2019_64\include\QtCore\qbytearrayview.h(256,5): message : No constructor could take the source type, or constructor overload resolution was ambiguous (compiling source file Modele.cpp)
C:\Users\andre\Desktop\Qt1\6.0.3\msvc2019_64\include\QtCore\qbytearrayview.h(256,5): error C2660: 'QtPrivate::findByteArray': function does not take 2 arguments (compiling source file Modele.cpp)
C:\Users\andre\Desktop\Qt1\6.0.3\msvc2019_64\include\QtCore\qbytearrayalgorithms.h(62,11): message : see declaration of 'QtPrivate::findByteArray' (compiling source file Modele.cpp)
C:\Users\andre\Desktop\Qt1\6.0.3\msvc2019_64\include\QtCore\qbytearray.h(302,5): error C2440: '<function-style-cast>': cannot convert from 'const char *' to 'QByteArrayView' (compiling source file MyGUIModel.cpp)
C:\Users\andre\Desktop\Qt1\6.0.3\msvc2019_64\include\QtCore\qbytearray.h(302,5): message : No constructor could take the source type, or constructor overload resolution was ambiguous (compiling source file MyGUIModel.cpp)
C:\Users\andre\Desktop\Qt1\6.0.3\msvc2019_64\include\QtCore\qbytearray.h(302,5): error C2661: 'QByteArray::insert': no overloaded function takes 1 arguments (compiling source file MyGUIModel.cpp)
C:\Users\andre\Desktop\Qt1\6.0.3\msvc2019_64\include\QtCore\qbytearrayview.h(266,5): error C2440: '<function-style-cast>': cannot convert from 'initializer list' to 'QByteArrayView' (compiling source file Modele.cpp)
C:\Users\andre\Desktop\Qt1\6.0.3\msvc2019_64\include\QtCore\qbytearrayview.h(266,5): message : No constructor could take the source type, or constructor overload resolution was ambiguous (compiling source file Modele.cpp)
C:\Users\andre\Desktop\Qt1\6.0.3\msvc2019_64\include\QtCore\qbytearrayview.h(266,5): error C2660: 'QtPrivate::lastIndexOf': function does not take 2 arguments (compiling source file Modele.cpp)
C:\Users\andre\Desktop\Qt1\6.0.3\msvc2019_64\include\QtCore\qbytearrayalgorithms.h(65,11): message : see declaration of 'QtPrivate::lastIndexOf' (compiling source file Modele.cpp)
C:\Users\andre\Desktop\Qt1\6.0.3\msvc2019_64\include\QtCore\qbytearrayview.h(271,5): error C2440: '<function-style-cast>': cannot convert from 'initializer list' to 'QByteArrayView' (compiling source file Modele.cpp)
C:\Users\andre\Desktop\Qt1\6.0.3\msvc2019_64\include\QtCore\qbytearrayview.h(271,5): message : No constructor could take the source type, or constructor overload resolution was ambiguous (compiling source file Modele.cpp)
C:\Users\andre\Desktop\Qt1\6.0.3\msvc2019_64\include\QtCore\qbytearrayview.h(271,5): error C2660: 'QtPrivate::count': function does not take 1 arguments (compiling source file Modele.cpp)
C:\Users\andre\Desktop\Qt1\6.0.3\msvc2019_64\include\QtCore\qbytearrayalgorithms.h(68,11): message : see declaration of 'QtPrivate::count' (compiling source file Modele.cpp)
C:\Program Files (x86)\Microsoft Visual Studio\2019\Community\VC\Tools\MSVC\14.28.29910\include\type_traits(62,61): error C2039: 'value': is not a member of 'QtPrivate::IsCompatibleByteArrayPointer<const char *>' (compiling source file ListaNotificariGUI.cpp)
C:\Users\andre\Desktop\Qt1\6.0.3\msvc2019_64\include\QtCore\qbytearrayview.h(129): message : see declaration of 'QtPrivate::IsCompatibleByteArrayPointer<const char *>' (compiling source file ListaNotificariGUI.cpp)
C:\Program Files (x86)\Microsoft Visual Studio\2019\Community\VC\Tools\MSVC\14.28.29910\include\type_traits(67): message : see reference to class template instantiation 'std::conjunction<QtPrivate::IsCompatibleByteArrayPointer<const char *>,std::is_convertible<qsizetype,qsizetype>,QtPrivate::IsCompatibleByteType<const QByteArrayView::value_type>,std::is_convertible<bool,bool>,std::negation<std::is_same<QByteArray,QByteArray>>,std::negation<std::is_array<QByteArray>>,std::negation<std::is_same<QByteArray,QByteArrayView>>>' being compiled (compiling source file ListaNotificariGUI.cpp)
C:\Program Files (x86)\Microsoft Visual Studio\2019\Community\VC\Tools\MSVC\14.28.29910\include\type_traits(62,61): error C2039: 'value': is not a member of 'QtPrivate::IsCompatibleByteArrayPointer<const char *>' (compiling source file MyGUIModel.cpp)
C:\Users\andre\Desktop\Qt1\6.0.3\msvc2019_64\include\QtCore\qbytearrayview.h(129): message : see declaration of 'QtPrivate::IsCompatibleByteArrayPointer<const char *>' (compiling source file MyGUIModel.cpp)
C:\Program Files (x86)\Microsoft Visual Studio\2019\Community\VC\Tools\MSVC\14.28.29910\include\type_traits(67): message : see reference to class template instantiation 'std::conjunction<QtPrivate::IsCompatibleByteArrayPointer<const char *>,std::is_convertible<qsizetype,qsizetype>,QtPrivate::IsCompatibleByteType<const QByteArrayView::value_type>,std::is_convertible<bool,bool>,std::negation<std::is_same<QByteArray,QByteArray>>,std::negation<std::is_array<QByteArray>>,std::negation<std::is_same<QByteArray,QByteArrayView>>>' being compiled (compiling source file MyGUIModel.cpp)
C:\Program Files (x86)\Microsoft Visual Studio\2019\Community\VC\Tools\MSVC\14.28.29910\include\type_traits(62): message : see reference to variable template 'const bool conjunction_v<QtPrivate::IsCompatibleByteArrayPointer<char const *>,std::is_convertible<__int64,__int64>,QtPrivate::IsCompatibleByteType<char>,std::is_convertible<bool,bool>,std::negation<std::is_same<QByteArray,QByteArray> >,std::negation<std::is_array<QByteArray> >,std::negation<std::is_same<QByteArray,QByteArrayView> > >' being compiled (compiling source file MyGUIModel.cpp)
C:\Users\andre\Desktop\Qt1\6.0.3\msvc2019_64\include\QtCore\qbytearrayview.h(280,52): error C3615: constexpr function 'QByteArrayView::rbegin' cannot result in a constant expression (compiling source file Modele.cpp)
C:\Users\andre\Desktop\Qt1\6.0.3\msvc2019_64\include\QtCore\qbytearrayview.h(280,108): message : failure was caused by call of undefined function or one not declared 'constexpr' (compiling source file Modele.cpp)
C:\Users\andre\Desktop\Qt1\6.0.3\msvc2019_64\include\QtCore\qbytearrayview.h(280,108): message : see usage of 'std::reverse_iterator<QByteArrayView::iterator>::reverse_iterator' (compiling source file Modele.cpp)
C:\Program Files (x86)\Microsoft Visual Studio\2019\Community\VC\Tools\MSVC\14.28.29910\include\type_traits(62): message : see reference to variable template 'const bool conjunction_v<QtPrivate::IsCompatibleByteArrayPointer<char const *>,std::is_convertible<__int64,__int64>,QtPrivate::IsCompatibleByteType<char>,std::is_convertible<bool,bool>,std::negation<std::is_same<QByteArray,QByteArray> >,std::negation<std::is_array<QByteArray> >,std::negation<std::is_same<QByteArray,QByteArrayView> > >' being compiled (compiling source file ListaNotificariGUI.cpp)
C:\Users\andre\Desktop\Qt1\6.0.3\msvc2019_64\include\QtCore\qbytearray.h(280,5): error C2440: '<function-style-cast>': cannot convert from 'initializer list' to 'QByteArrayView' (compiling source file GUI.cpp)
C:\Users\andre\Desktop\Qt1\6.0.3\msvc2019_64\include\QtCore\qbytearray.h(280,5): message : No constructor could take the source type, or constructor overload resolution was ambiguous (compiling source file GUI.cpp)
C:\Users\andre\Desktop\Qt1\6.0.3\msvc2019_64\include\QtCore\qbytearrayview.h(199): message : see reference to alias template instantiation 'QByteArrayView::if_compatible_container<QByteArray>' being compiled (compiling source file MyGUIModel.cpp)
C:\Users\andre\Desktop\Qt1\6.0.3\msvc2019_64\include\QtCore\qbytearrayview.h(199): message : see reference to alias template instantiation 'QByteArrayView::if_compatible_container<QByteArray>' being compiled (compiling source file ListaNotificariGUI.cpp)
C:\Program Files (x86)\Microsoft Visual Studio\2019\Community\VC\Tools\MSVC\14.28.29910\include\type_traits(62,92): error C2065: 'value': undeclared identifier (compiling source file MyGUIModel.cpp)
C:\Users\andre\Desktop\Qt1\6.0.3\msvc2019_64\include\QtCore\qbytearrayview.h(281,52): error C3615: constexpr function 'QByteArrayView::rend' cannot result in a constant expression (compiling source file Modele.cpp)
C:\Users\andre\Desktop\Qt1\6.0.3\msvc2019_64\include\QtCore\qbytearrayview.h(281,108): message : failure was caused by call of undefined function or one not declared 'constexpr' (compiling source file Modele.cpp)
C:\Users\andre\Desktop\Qt1\6.0.3\msvc2019_64\include\QtCore\qbytearrayview.h(281,108): message : see usage of 'std::reverse_iterator<QByteArrayView::iterator>::reverse_iterator' (compiling source file Modele.cpp)
C:\Program Files (x86)\Microsoft Visual Studio\2019\Community\VC\Tools\MSVC\14.28.29910\include\type_traits(62,92): error C2065: 'value': undeclared identifier (compiling source file ListaNotificariGUI.cpp)
C:\Users\andre\Desktop\Qt1\6.0.3\msvc2019_64\include\QtCore\qbytearray.h(280,5): error C2661: 'QByteArray::insert': no overloaded function takes 1 arguments (compiling source file GUI.cpp)
C:\Program Files (x86)\Microsoft Visual Studio\2019\Community\VC\Tools\MSVC\14.28.29910\include\type_traits(62,92): error C2975: '_First_value': invalid template argument for 'std::_Conjunction', expected compile-time constant expression (compiling source file MyGUIModel.cpp)
C:\Program Files (x86)\Microsoft Visual Studio\2019\Community\VC\Tools\MSVC\14.28.29910\include\type_traits(48): message : see declaration of '_First_value' (compiling source file MyGUIModel.cpp)
C:\Program Files (x86)\Microsoft Visual Studio\2019\Community\VC\Tools\MSVC\14.28.29910\include\type_traits(62,92): error C2975: '_First_value': invalid template argument for 'std::_Conjunction', expected compile-time constant expression (compiling source file ListaNotificariGUI.cpp)
C:\Program Files (x86)\Microsoft Visual Studio\2019\Community\VC\Tools\MSVC\14.28.29910\include\type_traits(48): message : see declaration of '_First_value' (compiling source file ListaNotificariGUI.cpp)
C:\Users\andre\Desktop\Qt1\6.0.3\msvc2019_64\include\QtCore\qbytearray.h(283,5): error C2440: '<function-style-cast>': cannot convert from 'initializer list' to 'QByteArrayView' (compiling source file GUI.cpp)
C:\Users\andre\Desktop\Qt1\6.0.3\msvc2019_64\include\QtCore\qbytearray.h(283,5): message : No constructor could take the source type, or constructor overload resolution was ambiguous (compiling source file GUI.cpp)
C:\Users\andre\Desktop\Qt1\6.0.3\msvc2019_64\include\QtCore\qbytearray.h(283,5): error C2661: 'QByteArray::insert': no overloaded function takes 1 arguments (compiling source file GUI.cpp)
C:\Program Files (x86)\Microsoft Visual Studio\2019\Community\VC\Tools\MSVC\14.28.29910\include\type_traits(67,69): error C2039: 'value': is not a member of 'std::conjunction<QtPrivate::IsCompatibleByteArrayPointer<const char *>,std::is_convertible<qsizetype,qsizetype>,QtPrivate::IsCompatibleByteType<const QByteArrayView::value_type>,std::is_convertible<bool,bool>,std::negation<std::is_same<QByteArray,QByteArray>>,std::negation<std::is_array<QByteArray>>,std::negation<std::is_same<QByteArray,QByteArrayView>>>' (compiling source file MyGUIModel.cpp)
C:\Program Files (x86)\Microsoft Visual Studio\2019\Community\VC\Tools\MSVC\14.28.29910\include\type_traits(67): message : see declaration of 'std::conjunction<QtPrivate::IsCompatibleByteArrayPointer<const char *>,std::is_convertible<qsizetype,qsizetype>,QtPrivate::IsCompatibleByteType<const QByteArrayView::value_type>,std::is_convertible<bool,bool>,std::negation<std::is_same<QByteArray,QByteArray>>,std::negation<std::is_array<QByteArray>>,std::negation<std::is_same<QByteArray,QByteArrayView>>>' (compiling source file MyGUIModel.cpp)
C:\Program Files (x86)\Microsoft Visual Studio\2019\Community\VC\Tools\MSVC\14.28.29910\include\type_traits(67,69): error C2039: 'value': is not a member of 'std::conjunction<QtPrivate::IsCompatibleByteArrayPointer<const char *>,std::is_convertible<qsizetype,qsizetype>,QtPrivate::IsCompatibleByteType<const QByteArrayView::value_type>,std::is_convertible<bool,bool>,std::negation<std::is_same<QByteArray,QByteArray>>,std::negation<std::is_array<QByteArray>>,std::negation<std::is_same<QByteArray,QByteArrayView>>>' (compiling source file ListaNotificariGUI.cpp)
C:\Program Files (x86)\Microsoft Visual Studio\2019\Community\VC\Tools\MSVC\14.28.29910\include\type_traits(67): message : see declaration of 'std::conjunction<QtPrivate::IsCompatibleByteArrayPointer<const char *>,std::is_convertible<qsizetype,qsizetype>,QtPrivate::IsCompatibleByteType<const QByteArrayView::value_type>,std::is_convertible<bool,bool>,std::negation<std::is_same<QByteArray,QByteArray>>,std::negation<std::is_array<QByteArray>>,std::negation<std::is_same<QByteArray,QByteArrayView>>>' (compiling source file ListaNotificariGUI.cpp)
C:\Program Files (x86)\Microsoft Visual Studio\2019\Community\VC\Tools\MSVC\14.28.29910\include\type_traits(67,44): error C2065: 'value': undeclared identifier (compiling source file MyGUIModel.cpp)
C:\Users\andre\Desktop\Qt1\6.0.3\msvc2019_64\include\QtCore\qbytearray.h(285,5): error C2440: '<function-style-cast>': cannot convert from 'initializer list' to 'QByteArrayView' (compiling source file GUI.cpp)
C:\Users\andre\Desktop\Qt1\6.0.3\msvc2019_64\include\QtCore\qbytearray.h(285,5): message : No constructor could take the source type, or constructor overload resolution was ambiguous (compiling source file GUI.cpp)
C:\Program Files (x86)\Microsoft Visual Studio\2019\Community\VC\Tools\MSVC\14.28.29910\include\type_traits(67,44): error C2065: 'value': undeclared identifier (compiling source file ListaNotificariGUI.cpp)
C:\Users\andre\Desktop\Qt1\6.0.3\msvc2019_64\include\QtCore\qbytearray.h(285,5): error C2661: 'QByteArray::insert': no overloaded function takes 1 arguments (compiling source file GUI.cpp)
C:\Program Files (x86)\Microsoft Visual Studio\2019\Community\VC\Tools\MSVC\14.28.29910\include\type_traits(67,44): error C2131: expression did not evaluate to a constant (compiling source file MyGUIModel.cpp)
C:\Program Files (x86)\Microsoft Visual Studio\2019\Community\VC\Tools\MSVC\14.28.29910\include\type_traits(67,44): message : a non-constant (sub-)expression was encountered (compiling source file MyGUIModel.cpp)
C:\Program Files (x86)\Microsoft Visual Studio\2019\Community\VC\Tools\MSVC\14.28.29910\include\type_traits(67,44): error C2131: expression did not evaluate to a constant (compiling source file ListaNotificariGUI.cpp)
C:\Program Files (x86)\Microsoft Visual Studio\2019\Community\VC\Tools\MSVC\14.28.29910\include\type_traits(67,44): message : a non-constant (sub-)expression was encountered (compiling source file ListaNotificariGUI.cpp)
C:\Users\andre\Desktop\Qt1\6.0.3\msvc2019_64\include\QtCore\qbytearray.h(293,5): error C2440: '<function-style-cast>': cannot convert from 'initializer list' to 'QByteArrayView' (compiling source file GUI.cpp)
C:\Users\andre\Desktop\Qt1\6.0.3\msvc2019_64\include\QtCore\qbytearray.h(293,5): message : No constructor could take the source type, or constructor overload resolution was ambiguous (compiling source file GUI.cpp)
C:\Users\andre\Desktop\Qt1\6.0.3\msvc2019_64\include\QtCore\qbytearray.h(295,5): error C2440: '<function-style-cast>': cannot convert from 'initializer list' to 'QByteArrayView' (compiling source file GUI.cpp)
C:\Users\andre\Desktop\Qt1\6.0.3\msvc2019_64\include\QtCore\qbytearray.h(295,5): message : No constructor could take the source type, or constructor overload resolution was ambiguous (compiling source file GUI.cpp)
C:\Users\andre\Desktop\Qt1\6.0.3\msvc2019_64\include\QtCore\qbytearray.h(304,5): error C2440: '<function-style-cast>': cannot convert from 'const QByteArray' to 'QByteArrayView' (compiling source file ListaNotificariGUI.cpp)
C:\Users\andre\Desktop\Qt1\6.0.3\msvc2019_64\include\QtCore\qbytearray.h(304,5): message : No constructor could take the source type, or constructor overload resolution was ambiguous (compiling source file ListaNotificariGUI.cpp)
C:\Users\andre\Desktop\Qt1\6.0.3\msvc2019_64\include\QtCore\qbytearray.h(304,5): error C2661: 'QByteArray::insert': no overloaded function takes 1 arguments (compiling source file ListaNotificariGUI.cpp)
C:\Users\andre\Desktop\Qt1\6.0.3\msvc2019_64\include\QtCore\qbytearray.h(307,5): error C2440: '<function-style-cast>': cannot convert from 'initializer list' to 'QByteArrayView' (compiling source file ListaNotificariGUI.cpp)
C:\Users\andre\Desktop\Qt1\6.0.3\msvc2019_64\include\QtCore\qbytearray.h(307,5): message : No constructor could take the source type, or constructor overload resolution was ambiguous (compiling source file ListaNotificariGUI.cpp)
C:\Users\andre\Desktop\Qt1\6.0.3\msvc2019_64\include\QtCore\qbytearray.h(307,5): error C2661: 'QByteArray::insert': no overloaded function takes 1 arguments (compiling source file ListaNotificariGUI.cpp)
C:\Users\andre\Desktop\Qt1\6.0.3\msvc2019_64\include\QtCore\qbytearray.h(309,5): error C2440: '<function-style-cast>': cannot convert from 'initializer list' to 'QByteArrayView' (compiling source file ListaNotificariGUI.cpp)
C:\Users\andre\Desktop\Qt1\6.0.3\msvc2019_64\include\QtCore\qbytearray.h(309,5): message : No constructor could take the source type, or constructor overload resolution was ambiguous (compiling source file ListaNotificariGUI.cpp)
C:\Users\andre\Desktop\Qt1\6.0.3\msvc2019_64\include\QtCore\qbytearray.h(309,5): error C2661: 'QByteArray::insert': no overloaded function takes 1 arguments (compiling source file ListaNotificariGUI.cpp)
C:\Users\andre\Desktop\Qt1\6.0.3\msvc2019_64\include\QtCore\qbytearray.h(302,5): error C2440: '<function-style-cast>': cannot convert from 'const char *' to 'QByteArrayView' (compiling source file GUI.cpp)
C:\Users\andre\Desktop\Qt1\6.0.3\msvc2019_64\include\QtCore\qbytearray.h(302,5): message : No constructor could take the source type, or constructor overload resolution was ambiguous (compiling source file GUI.cpp)
C:\Users\andre\Desktop\Qt1\6.0.3\msvc2019_64\include\QtCore\qbytearray.h(302,5): error C2661: 'QByteArray::insert': no overloaded function takes 1 arguments (compiling source file GUI.cpp)
C:\Users\andre\Desktop\Qt1\6.0.3\msvc2019_64\include\QtCore\qbytearray.h(314,5): error C2440: '<function-style-cast>': cannot convert from 'initializer list' to 'QByteArrayView' (compiling source file ListaNotificariGUI.cpp)
C:\Users\andre\Desktop\Qt1\6.0.3\msvc2019_64\include\QtCore\qbytearray.h(314,5): message : No constructor could take the source type, or constructor overload resolution was ambiguous (compiling source file ListaNotificariGUI.cpp)
C:\Program Files (x86)\Microsoft Visual Studio\2019\Community\VC\Tools\MSVC\14.28.29910\include\type_traits(62,61): error C2039: 'value': is not a member of 'QtPrivate::IsCompatibleByteArrayPointer<const char *>' (compiling source file GUI.cpp)
C:\Users\andre\Desktop\Qt1\6.0.3\msvc2019_64\include\QtCore\qbytearrayview.h(129): message : see declaration of 'QtPrivate::IsCompatibleByteArrayPointer<const char *>' (compiling source file GUI.cpp)
C:\Program Files (x86)\Microsoft Visual Studio\2019\Community\VC\Tools\MSVC\14.28.29910\include\type_traits(67): message : see reference to class template instantiation 'std::conjunction<QtPrivate::IsCompatibleByteArrayPointer<const char *>,std::is_convertible<qsizetype,qsizetype>,QtPrivate::IsCompatibleByteType<const QByteArrayView::value_type>,std::is_convertible<bool,bool>,std::negation<std::is_same<QByteArray,QByteArray>>,std::negation<std::is_array<QByteArray>>,std::negation<std::is_same<QByteArray,QByteArrayView>>>' being compiled (compiling source file GUI.cpp)
C:\Users\andre\Desktop\Qt1\6.0.3\msvc2019_64\include\QtCore\qbytearray.h(304,5): error C2440: '<function-style-cast>': cannot convert from 'const QByteArray' to 'QByteArrayView' (compiling source file MyGUIModel.cpp)
C:\Users\andre\Desktop\Qt1\6.0.3\msvc2019_64\include\QtCore\qbytearray.h(304,5): message : No constructor could take the source type, or constructor overload resolution was ambiguous (compiling source file MyGUIModel.cpp)
C:\Users\andre\Desktop\Qt1\6.0.3\msvc2019_64\include\QtCore\qbytearray.h(317,5): error C2440: '<function-style-cast>': cannot convert from 'initializer list' to 'QByteArrayView' (compiling source file ListaNotificariGUI.cpp)
C:\Users\andre\Desktop\Qt1\6.0.3\msvc2019_64\include\QtCore\qbytearray.h(317,5): message : No constructor could take the source type, or constructor overload resolution was ambiguous (compiling source file ListaNotificariGUI.cpp)
C:\Program Files (x86)\Microsoft Visual Studio\2019\Community\VC\Tools\MSVC\14.28.29910\include\type_traits(62): message : see reference to variable template 'const bool conjunction_v<QtPrivate::IsCompatibleByteArrayPointer<char const *>,std::is_convertible<__int64,__int64>,QtPrivate::IsCompatibleByteType<char>,std::is_convertible<bool,bool>,std::negation<std::is_same<QByteArray,QByteArray> >,std::negation<std::is_array<QByteArray> >,std::negation<std::is_same<QByteArray,QByteArrayView> > >' being compiled (compiling source file GUI.cpp)
C:\Users\andre\Desktop\Qt1\6.0.3\msvc2019_64\include\QtCore\qbytearray.h(304,5): error C2661: 'QByteArray::insert': no overloaded function takes 1 arguments (compiling source file MyGUIModel.cpp)
C:\Users\andre\Desktop\Qt1\6.0.3\msvc2019_64\include\QtCore\qbytearrayview.h(199): message : see reference to alias template instantiation 'QByteArrayView::if_compatible_container<QByteArray>' being compiled (compiling source file GUI.cpp)
C:\Program Files (x86)\Microsoft Visual Studio\2019\Community\VC\Tools\MSVC\14.28.29910\include\type_traits(62,92): error C2065: 'value': undeclared identifier (compiling source file GUI.cpp)
C:\Users\andre\Desktop\Qt1\6.0.3\msvc2019_64\include\QtCore\qbytearray.h(319,5): error C2440: '<function-style-cast>': cannot convert from 'initializer list' to 'QByteArrayView' (compiling source file ListaNotificariGUI.cpp)
C:\Users\andre\Desktop\Qt1\6.0.3\msvc2019_64\include\QtCore\qbytearray.h(319,5): message : No constructor could take the source type, or constructor overload resolution was ambiguous (compiling source file ListaNotificariGUI.cpp)
C:\Program Files (x86)\Microsoft Visual Studio\2019\Community\VC\Tools\MSVC\14.28.29910\include\type_traits(62,92): error C2975: '_First_value': invalid template argument for 'std::_Conjunction', expected compile-time constant expression (compiling source file GUI.cpp)
C:\Program Files (x86)\Microsoft Visual Studio\2019\Community\VC\Tools\MSVC\14.28.29910\include\type_traits(48): message : see declaration of '_First_value' (compiling source file GUI.cpp)
C:\Users\andre\Desktop\Qt1\6.0.3\msvc2019_64\include\QtCore\qbytearray.h(307,5): error C2440: '<function-style-cast>': cannot convert from 'initializer list' to 'QByteArrayView' (compiling source file MyGUIModel.cpp)
C:\Users\andre\Desktop\Qt1\6.0.3\msvc2019_64\include\QtCore\qbytearray.h(307,5): message : No constructor could take the source type, or constructor overload resolution was ambiguous (compiling source file MyGUIModel.cpp)
C:\Users\andre\Desktop\Qt1\6.0.3\msvc2019_64\include\QtCore\qbytearray.h(307,5): error C2661: 'QByteArray::insert': no overloaded function takes 1 arguments (compiling source file MyGUIModel.cpp)
C:\Users\andre\Desktop\Qt1\6.0.3\msvc2019_64\include\QtCore\qbytearray.h(319,5): error C2661: 'QByteArray::replace': no overloaded function takes 1 arguments (compiling source file ListaNotificariGUI.cpp)
C:\Program Files (x86)\Microsoft Visual Studio\2019\Community\VC\Tools\MSVC\14.28.29910\include\type_traits(67,69): error C2039: 'value': is not a member of 'std::conjunction<QtPrivate::IsCompatibleByteArrayPointer<const char *>,std::is_convertible<qsizetype,qsizetype>,QtPrivate::IsCompatibleByteType<const QByteArrayView::value_type>,std::is_convertible<bool,bool>,std::negation<std::is_same<QByteArray,QByteArray>>,std::negation<std::is_array<QByteArray>>,std::negation<std::is_same<QByteArray,QByteArrayView>>>' (compiling source file GUI.cpp)
C:\Program Files (x86)\Microsoft Visual Studio\2019\Community\VC\Tools\MSVC\14.28.29910\include\type_traits(67): message : see declaration of 'std::conjunction<QtPrivate::IsCompatibleByteArrayPointer<const char *>,std::is_convertible<qsizetype,qsizetype>,QtPrivate::IsCompatibleByteType<const QByteArrayView::value_type>,std::is_convertible<bool,bool>,std::negation<std::is_same<QByteArray,QByteArray>>,std::negation<std::is_array<QByteArray>>,std::negation<std::is_same<QByteArray,QByteArrayView>>>' (compiling source file GUI.cpp)
C:\Users\andre\Desktop\Qt1\6.0.3\msvc2019_64\include\QtCore\qbytearray.h(309,5): error C2440: '<function-style-cast>': cannot convert from 'initializer list' to 'QByteArrayView' (compiling source file MyGUIModel.cpp)
C:\Users\andre\Desktop\Qt1\6.0.3\msvc2019_64\include\QtCore\qbytearray.h(309,5): message : No constructor could take the source type, or constructor overload resolution was ambiguous (compiling source file MyGUIModel.cpp)
C:\Users\andre\Desktop\Qt1\6.0.3\msvc2019_64\include\QtCore\qbytearray.h(120,41): error C2440: '<function-style-cast>': cannot convert from 'initializer list' to 'QByteArrayView' (compiling source file Modele.cpp)
C:\Users\andre\Desktop\Qt1\6.0.3\msvc2019_64\include\QtCore\qbytearray.h(120,41): message : No constructor could take the source type, or constructor overload resolution was ambiguous (compiling source file Modele.cpp)
C:\Program Files (x86)\Microsoft Visual Studio\2019\Community\VC\Tools\MSVC\14.28.29910\include\type_traits(67,44): error C2065: 'value': undeclared identifier (compiling source file GUI.cpp)
C:\Users\andre\Desktop\Qt1\6.0.3\msvc2019_64\include\QtCore\qbytearray.h(309,5): error C2661: 'QByteArray::insert': no overloaded function takes 1 arguments (compiling source file MyGUIModel.cpp)
C:\Program Files (x86)\Microsoft Visual Studio\2019\Community\VC\Tools\MSVC\14.28.29910\include\type_traits(67,44): error C2131: expression did not evaluate to a constant (compiling source file GUI.cpp)
C:\Program Files (x86)\Microsoft Visual Studio\2019\Community\VC\Tools\MSVC\14.28.29910\include\type_traits(67,44): message : a non-constant (sub-)expression was encountered (compiling source file GUI.cpp)
C:\Users\andre\Desktop\Qt1\6.0.3\msvc2019_64\include\QtCore\qbytearray.h(314,5): error C2440: '<function-style-cast>': cannot convert from 'initializer list' to 'QByteArrayView' (compiling source file MyGUIModel.cpp)
C:\Users\andre\Desktop\Qt1\6.0.3\msvc2019_64\include\QtCore\qbytearray.h(314,5): message : No constructor could take the source type, or constructor overload resolution was ambiguous (compiling source file MyGUIModel.cpp)
C:\Users\andre\Desktop\Qt1\6.0.3\msvc2019_64\include\QtCore\qbytearray.h(304,5): error C2440: '<function-style-cast>': cannot convert from 'const QByteArray' to 'QByteArrayView' (compiling source file GUI.cpp)
C:\Users\andre\Desktop\Qt1\6.0.3\msvc2019_64\include\QtCore\qbytearray.h(304,5): message : No constructor could take the source type, or constructor overload resolution was ambiguous (compiling source file GUI.cpp)
C:\Users\andre\Desktop\Qt1\6.0.3\msvc2019_64\include\QtCore\qbytearray.h(304,5): error C2661: 'QByteArray::insert': no overloaded function takes 1 arguments (compiling source file GUI.cpp)
C:\Users\andre\Desktop\Qt1\6.0.3\msvc2019_64\include\QtCore\qbytearray.h(317,5): error C2440: '<function-style-cast>': cannot convert from 'initializer list' to 'QByteArrayView' (compiling source file MyGUIModel.cpp)
C:\Users\andre\Desktop\Qt1\6.0.3\msvc2019_64\include\QtCore\qbytearray.h(317,5): message : No constructor could take the source type, or constructor overload resolution was ambiguous (compiling source file MyGUIModel.cpp)
C:\Users\andre\Desktop\Qt1\6.0.3\msvc2019_64\include\QtCore\qbytearray.h(307,5): error C2440: '<function-style-cast>': cannot convert from 'initializer list' to 'QByteArrayView' (compiling source file GUI.cpp)
C:\Users\andre\Desktop\Qt1\6.0.3\msvc2019_64\include\QtCore\qbytearray.h(307,5): message : No constructor could take the source type, or constructor overload resolution was ambiguous (compiling source file GUI.cpp)
C:\Users\andre\Desktop\Qt1\6.0.3\msvc2019_64\include\QtCore\qbytearray.h(319,5): error C2440: '<function-style-cast>': cannot convert from 'initializer list' to 'QByteArrayView' (compiling source file MyGUIModel.cpp)
C:\Users\andre\Desktop\Qt1\6.0.3\msvc2019_64\include\QtCore\qbytearray.h(319,5): message : No constructor could take the source type, or constructor overload resolution was ambiguous (compiling source file MyGUIModel.cpp)
C:\Users\andre\Desktop\Qt1\6.0.3\msvc2019_64\include\QtCore\qbytearray.h(307,5): error C2661: 'QByteArray::insert': no overloaded function takes 1 arguments (compiling source file GUI.cpp)
C:\Users\andre\Desktop\Qt1\6.0.3\msvc2019_64\include\QtCore\qbytearray.h(309,5): error C2440: '<function-style-cast>': cannot convert from 'initializer list' to 'QByteArrayView' (compiling source file GUI.cpp)
C:\Users\andre\Desktop\Qt1\6.0.3\msvc2019_64\include\QtCore\qbytearray.h(309,5): message : No constructor could take the source type, or constructor overload resolution was ambiguous (compiling source file GUI.cpp)
C:\Users\andre\Desktop\Qt1\6.0.3\msvc2019_64\include\QtCore\qbytearray.h(319,5): error C2661: 'QByteArray::replace': no overloaded function takes 1 arguments (compiling source file MyGUIModel.cpp)
C:\Users\andre\Desktop\Qt1\6.0.3\msvc2019_64\include\QtCore\qbytearray.h(309,5): error C2661: 'QByteArray::insert': no overloaded function takes 1 arguments (compiling source file GUI.cpp)
C:\Users\andre\Desktop\Qt1\6.0.3\msvc2019_64\include\QtCore\qbytearray.h(314,5): error C2440: '<function-style-cast>': cannot convert from 'initializer list' to 'QByteArrayView' (compiling source file GUI.cpp)
C:\Users\andre\Desktop\Qt1\6.0.3\msvc2019_64\include\QtCore\qbytearray.h(314,5): message : No constructor could take the source type, or constructor overload resolution was ambiguous (compiling source file GUI.cpp)
C:\Users\andre\Desktop\Qt1\6.0.3\msvc2019_64\include\QtCore\qbytearray.h(345,5): error C2440: '<function-style-cast>': cannot convert from 'const QByteArray' to 'QByteArrayView' (compiling source file MyGUIModel.cpp)
C:\Users\andre\Desktop\Qt1\6.0.3\msvc2019_64\include\QtCore\qbytearray.h(345,5): message : No constructor could take the source type, or constructor overload resolution was ambiguous (compiling source file MyGUIModel.cpp)
C:\Users\andre\Desktop\Qt1\6.0.3\msvc2019_64\include\QtCore\qbytearray.h(317,5): error C2440: '<function-style-cast>': cannot convert from 'initializer list' to 'QByteArrayView' (compiling source file GUI.cpp)
C:\Users\andre\Desktop\Qt1\6.0.3\msvc2019_64\include\QtCore\qbytearray.h(317,5): message : No constructor could take the source type, or constructor overload resolution was ambiguous (compiling source file GUI.cpp)
C:\Users\andre\Desktop\Qt1\6.0.3\msvc2019_64\include\QtCore\qbytearray.h(319,5): error C2440: '<function-style-cast>': cannot convert from 'initializer list' to 'QByteArrayView' (compiling source file GUI.cpp)
C:\Users\andre\Desktop\Qt1\6.0.3\msvc2019_64\include\QtCore\qbytearray.h(319,5): message : No constructor could take the source type, or constructor overload resolution was ambiguous (compiling source file GUI.cpp)
C:\Users\andre\Desktop\Qt1\6.0.3\msvc2019_64\include\QtCore\qbytearray.h(347,5): error C2664: 'int QtPrivate::compareMemory(QByteArrayView,QByteArrayView)': cannot convert argument 1 from 'const QByteArray' to 'QByteArrayView' (compiling source file MyGUIModel.cpp)
C:\Users\andre\Desktop\Qt1\6.0.3\msvc2019_64\include\QtCore\qbytearray.h(347,44): message : No user-defined-conversion operator available that can perform this conversion, or the operator cannot be called (compiling source file MyGUIModel.cpp)
C:\Users\andre\Desktop\Qt1\6.0.3\msvc2019_64\include\QtCore\qbytearrayalgorithms.h(70,33): message : see declaration of 'QtPrivate::compareMemory' (compiling source file MyGUIModel.cpp)
C:\Users\andre\Desktop\Qt1\6.0.3\msvc2019_64\include\QtCore\qbytearray.h(319,5): error C2661: 'QByteArray::replace': no overloaded function takes 1 arguments (compiling source file GUI.cpp)
C:\Users\andre\Desktop\Qt1\6.0.3\msvc2019_64\include\QtCore\qbytearray.h(349,5): error C2664: 'int QtPrivate::compareMemory(QByteArrayView,QByteArrayView)': cannot convert argument 1 from 'const char *' to 'QByteArrayView' (compiling source file MyGUIModel.cpp)
C:\Users\andre\Desktop\Qt1\6.0.3\msvc2019_64\include\QtCore\qbytearray.h(349,5): fatal error C1003: error count exceeds 100; stopping compilation (compiling source file MyGUIModel.cpp)
C:\Users\andre\Desktop\Qt1\6.0.3\msvc2019_64\include\QtCore\qbytearray.h(280,5): error C2440: '<function-style-cast>': cannot convert from 'initializer list' to 'QByteArrayView' (compiling source file Modele.cpp)
C:\Users\andre\Desktop\Qt1\6.0.3\msvc2019_64\include\QtCore\qbytearray.h(280,5): message : No constructor could take the source type, or constructor overload resolution was ambiguous (compiling source file Modele.cpp)
C:\Users\andre\Desktop\Qt1\6.0.3\msvc2019_64\include\QtCore\qbytearray.h(280,5): error C2661: 'QByteArray::insert': no overloaded function takes 1 arguments (compiling source file Modele.cpp)
C:\Users\andre\Desktop\Qt1\6.0.3\msvc2019_64\include\QtCore\qbytearray.h(345,5): error C2440: '<function-style-cast>': cannot convert from 'const QByteArray' to 'QByteArrayView' (compiling source file GUI.cpp)
C:\Users\andre\Desktop\Qt1\6.0.3\msvc2019_64\include\QtCore\qbytearray.h(345,5): message : No constructor could take the source type, or constructor overload resolution was ambiguous (compiling source file GUI.cpp)
C:\Users\andre\Desktop\Qt1\6.0.3\msvc2019_64\include\QtCore\qbytearray.h(283,5): error C2440: '<function-style-cast>': cannot convert from 'initializer list' to 'QByteArrayView' (compiling source file Modele.cpp)
C:\Users\andre\Desktop\Qt1\6.0.3\msvc2019_64\include\QtCore\qbytearray.h(283,5): message : No constructor could take the source type, or constructor overload resolution was ambiguous (compiling source file Modele.cpp)
C:\Users\andre\Desktop\Qt1\6.0.3\msvc2019_64\include\QtCore\qbytearray.h(283,5): error C2661: 'QByteArray::insert': no overloaded function takes 1 arguments (compiling source file Modele.cpp)
C:\Users\andre\Desktop\Qt1\6.0.3\msvc2019_64\include\QtCore\qbytearray.h(345,5): error C2440: '<function-style-cast>': cannot convert from 'const QByteArray' to 'QByteArrayView' (compiling source file ListaNotificariGUI.cpp)
C:\Users\andre\Desktop\Qt1\6.0.3\msvc2019_64\include\QtCore\qbytearray.h(345,5): message : No constructor could take the source type, or constructor overload resolution was ambiguous (compiling source file ListaNotificariGUI.cpp)
C:\Users\andre\Desktop\Qt1\6.0.3\msvc2019_64\include\QtCore\qbytearray.h(285,5): error C2440: '<function-style-cast>': cannot convert from 'initializer list' to 'QByteArrayView' (compiling source file Modele.cpp)
C:\Users\andre\Desktop\Qt1\6.0.3\msvc2019_64\include\QtCore\qbytearray.h(285,5): message : No constructor could take the source type, or constructor overload resolution was ambiguous (compiling source file Modele.cpp)
C:\Users\andre\Desktop\Qt1\6.0.3\msvc2019_64\include\QtCore\qbytearray.h(285,5): error C2661: 'QByteArray::insert': no overloaded function takes 1 arguments (compiling source file Modele.cpp)
C:\Users\andre\Desktop\Qt1\6.0.3\msvc2019_64\include\QtCore\qbytearray.h(347,5): error C2664: 'int QtPrivate::compareMemory(QByteArrayView,QByteArrayView)': cannot convert argument 1 from 'const QByteArray' to 'QByteArrayView' (compiling source file GUI.cpp)
C:\Users\andre\Desktop\Qt1\6.0.3\msvc2019_64\include\QtCore\qbytearray.h(347,44): message : No user-defined-conversion operator available that can perform this conversion, or the operator cannot be called (compiling source file GUI.cpp)
C:\Users\andre\Desktop\Qt1\6.0.3\msvc2019_64\include\QtCore\qbytearrayalgorithms.h(70,33): message : see declaration of 'QtPrivate::compareMemory' (compiling source file GUI.cpp)
C:\Users\andre\Desktop\Qt1\6.0.3\msvc2019_64\include\QtCore\qbytearray.h(293,5): error C2440: '<function-style-cast>': cannot convert from 'initializer list' to 'QByteArrayView' (compiling source file Modele.cpp)
C:\Users\andre\Desktop\Qt1\6.0.3\msvc2019_64\include\QtCore\qbytearray.h(293,5): message : No constructor could take the source type, or constructor overload resolution was ambiguous (compiling source file Modele.cpp)
C:\Users\andre\Desktop\Qt1\6.0.3\msvc2019_64\include\QtCore\qbytearray.h(347,5): error C2664: 'int QtPrivate::compareMemory(QByteArrayView,QByteArrayView)': cannot convert argument 1 from 'const QByteArray' to 'QByteArrayView' (compiling source file ListaNotificariGUI.cpp)
C:\Users\andre\Desktop\Qt1\6.0.3\msvc2019_64\include\QtCore\qbytearray.h(347,44): message : No user-defined-conversion operator available that can perform this conversion, or the operator cannot be called (compiling source file ListaNotificariGUI.cpp)
C:\Users\andre\Desktop\Qt1\6.0.3\msvc2019_64\include\QtCore\qbytearrayalgorithms.h(70,33): message : see declaration of 'QtPrivate::compareMemory' (compiling source file ListaNotificariGUI.cpp)
C:\Users\andre\Desktop\Qt1\6.0.3\msvc2019_64\include\QtCore\qbytearray.h(349,5): error C2664: 'int QtPrivate::compareMemory(QByteArrayView,QByteArrayView)': cannot convert argument 1 from 'const char *' to 'QByteArrayView' (compiling source file GUI.cpp)
C:\Users\andre\Desktop\Qt1\6.0.3\msvc2019_64\include\QtCore\qbytearray.h(349,5): fatal error C1003: error count exceeds 100; stopping compilation (compiling source file GUI.cpp)
C:\Users\andre\Desktop\Qt1\6.0.3\msvc2019_64\include\QtCore\qbytearray.h(295,5): error C2440: '<function-style-cast>': cannot convert from 'initializer list' to 'QByteArrayView' (compiling source file Modele.cpp)
C:\Users\andre\Desktop\Qt1\6.0.3\msvc2019_64\include\QtCore\qbytearray.h(295,5): message : No constructor could take the source type, or constructor overload resolution was ambiguous (compiling source file Modele.cpp)
C:\Users\andre\Desktop\Qt1\6.0.3\msvc2019_64\include\QtCore\qbytearray.h(349,5): error C2664: 'int QtPrivate::compareMemory(QByteArrayView,QByteArrayView)': cannot convert argument 1 from 'const char *' to 'QByteArrayView' (compiling source file ListaNotificariGUI.cpp)
C:\Users\andre\Desktop\Qt1\6.0.3\msvc2019_64\include\QtCore\qbytearray.h(349,5): fatal error C1003: error count exceeds 100; stopping compilation (compiling source file ListaNotificariGUI.cpp)
C:\Users\andre\Desktop\Qt1\6.0.3\msvc2019_64\include\QtCore\qbytearray.h(302,5): error C2440: '<function-style-cast>': cannot convert from 'const char *' to 'QByteArrayView' (compiling source file Modele.cpp)
C:\Users\andre\Desktop\Qt1\6.0.3\msvc2019_64\include\QtCore\qbytearray.h(302,5): message : No constructor could take the source type, or constructor overload resolution was ambiguous (compiling source file Modele.cpp)
C:\Users\andre\Desktop\Qt1\6.0.3\msvc2019_64\include\QtCore\qbytearray.h(302,5): error C2661: 'QByteArray::insert': no overloaded function takes 1 arguments (compiling source file Modele.cpp)
C:\Program Files (x86)\Microsoft Visual Studio\2019\Community\VC\Tools\MSVC\14.28.29910\include\type_traits(62,61): error C2039: 'value': is not a member of 'QtPrivate::IsCompatibleByteArrayPointer<const char *>' (compiling source file Modele.cpp)
C:\Users\andre\Desktop\Qt1\6.0.3\msvc2019_64\include\QtCore\qbytearrayview.h(129): message : see declaration of 'QtPrivate::IsCompatibleByteArrayPointer<const char *>' (compiling source file Modele.cpp)
C:\Program Files (x86)\Microsoft Visual Studio\2019\Community\VC\Tools\MSVC\14.28.29910\include\type_traits(67): message : see reference to class template instantiation 'std::conjunction<QtPrivate::IsCompatibleByteArrayPointer<const char *>,std::is_convertible<qsizetype,qsizetype>,QtPrivate::IsCompatibleByteType<const QByteArrayView::value_type>,std::is_convertible<bool,bool>,std::negation<std::is_same<QByteArray,QByteArray>>,std::negation<std::is_array<QByteArray>>,std::negation<std::is_same<QByteArray,QByteArrayView>>>' being compiled (compiling source file Modele.cpp)
C:\Program Files (x86)\Microsoft Visual Studio\2019\Community\VC\Tools\MSVC\14.28.29910\include\type_traits(62): message : see reference to variable template 'const bool conjunction_v<QtPrivate::IsCompatibleByteArrayPointer<char const *>,std::is_convertible<__int64,__int64>,QtPrivate::IsCompatibleByteType<char>,std::is_convertible<bool,bool>,std::negation<std::is_same<QByteArray,QByteArray> >,std::negation<std::is_array<QByteArray> >,std::negation<std::is_same<QByteArray,QByteArrayView> > >' being compiled (compiling source file Modele.cpp)
C:\Users\andre\Desktop\Qt1\6.0.3\msvc2019_64\include\QtCore\qbytearrayview.h(199): message : see reference to alias template instantiation 'QByteArrayView::if_compatible_container<QByteArray>' being compiled (compiling source file Modele.cpp)
C:\Program Files (x86)\Microsoft Visual Studio\2019\Community\VC\Tools\MSVC\14.28.29910\include\type_traits(62,92): error C2065: 'value': undeclared identifier (compiling source file Modele.cpp)
C:\Program Files (x86)\Microsoft Visual Studio\2019\Community\VC\Tools\MSVC\14.28.29910\include\type_traits(62,92): error C2975: '_First_value': invalid template argument for 'std::_Conjunction', expected compile-time constant expression (compiling source file Modele.cpp)
C:\Program Files (x86)\Microsoft Visual Studio\2019\Community\VC\Tools\MSVC\14.28.29910\include\type_traits(48): message : see declaration of '_First_value' (compiling source file Modele.cpp)
C:\Program Files (x86)\Microsoft Visual Studio\2019\Community\VC\Tools\MSVC\14.28.29910\include\type_traits(67,69): error C2039: 'value': is not a member of 'std::conjunction<QtPrivate::IsCompatibleByteArrayPointer<const char *>,std::is_convertible<qsizetype,qsizetype>,QtPrivate::IsCompatibleByteType<const QByteArrayView::value_type>,std::is_convertible<bool,bool>,std::negation<std::is_same<QByteArray,QByteArray>>,std::negation<std::is_array<QByteArray>>,std::negation<std::is_same<QByteArray,QByteArrayView>>>' (compiling source file Modele.cpp)
C:\Program Files (x86)\Microsoft Visual Studio\2019\Community\VC\Tools\MSVC\14.28.29910\include\type_traits(67): message : see declaration of 'std::conjunction<QtPrivate::IsCompatibleByteArrayPointer<const char *>,std::is_convertible<qsizetype,qsizetype>,QtPrivate::IsCompatibleByteType<const QByteArrayView::value_type>,std::is_convertible<bool,bool>,std::negation<std::is_same<QByteArray,QByteArray>>,std::negation<std::is_array<QByteArray>>,std::negation<std::is_same<QByteArray,QByteArrayView>>>' (compiling source file Modele.cpp)
C:\Program Files (x86)\Microsoft Visual Studio\2019\Community\VC\Tools\MSVC\14.28.29910\include\type_traits(67,44): error C2065: 'value': undeclared identifier (compiling source file Modele.cpp)
C:\Program Files (x86)\Microsoft Visual Studio\2019\Community\VC\Tools\MSVC\14.28.29910\include\type_traits(67,44): error C2131: expression did not evaluate to a constant (compiling source file Modele.cpp)
C:\Program Files (x86)\Microsoft Visual Studio\2019\Community\VC\Tools\MSVC\14.28.29910\include\type_traits(67,44): message : a non-constant (sub-)expression was encountered (compiling source file Modele.cpp)
C:\Users\andre\Desktop\Qt1\6.0.3\msvc2019_64\include\QtCore\qbytearray.h(304,5): error C2440: '<function-style-cast>': cannot convert from 'const QByteArray' to 'QByteArrayView' (compiling source file Modele.cpp)
C:\Users\andre\Desktop\Qt1\6.0.3\msvc2019_64\include\QtCore\qbytearray.h(304,5): message : No constructor could take the source type, or constructor overload resolution was ambiguous (compiling source file Modele.cpp)
C:\Users\andre\Desktop\Qt1\6.0.3\msvc2019_64\include\QtCore\qbytearray.h(304,5): error C2661: 'QByteArray::insert': no overloaded function takes 1 arguments (compiling source file Modele.cpp)
C:\Users\andre\Desktop\Qt1\6.0.3\msvc2019_64\include\QtCore\qbytearray.h(307,5): error C2440: '<function-style-cast>': cannot convert from 'initializer list' to 'QByteArrayView' (compiling source file Modele.cpp)
C:\Users\andre\Desktop\Qt1\6.0.3\msvc2019_64\include\QtCore\qbytearray.h(307,5): message : No constructor could take the source type, or constructor overload resolution was ambiguous (compiling source file Modele.cpp)
C:\Users\andre\Desktop\Qt1\6.0.3\msvc2019_64\include\QtCore\qbytearray.h(307,5): error C2661: 'QByteArray::insert': no overloaded function takes 1 arguments (compiling source file Modele.cpp)
C:\Users\andre\Desktop\Qt1\6.0.3\msvc2019_64\include\QtCore\qbytearray.h(309,5): error C2440: '<function-style-cast>': cannot convert from 'initializer list' to 'QByteArrayView' (compiling source file Modele.cpp)
C:\Users\andre\Desktop\Qt1\6.0.3\msvc2019_64\include\QtCore\qbytearray.h(309,5): message : No constructor could take the source type, or constructor overload resolution was ambiguous (compiling source file Modele.cpp)
C:\Users\andre\Desktop\Qt1\6.0.3\msvc2019_64\include\QtCore\qbytearray.h(309,5): error C2661: 'QByteArray::insert': no overloaded function takes 1 arguments (compiling source file Modele.cpp)
C:\Users\andre\Desktop\Qt1\6.0.3\msvc2019_64\include\QtCore\qbytearray.h(314,5): error C2440: '<function-style-cast>': cannot convert from 'initializer list' to 'QByteArrayView' (compiling source file Modele.cpp)
C:\Users\andre\Desktop\Qt1\6.0.3\msvc2019_64\include\QtCore\qbytearray.h(314,5): message : No constructor could take the source type, or constructor overload resolution was ambiguous (compiling source file Modele.cpp)
C:\Users\andre\Desktop\Qt1\6.0.3\msvc2019_64\include\QtCore\qbytearray.h(317,5): error C2440: '<function-style-cast>': cannot convert from 'initializer list' to 'QByteArrayView' (compiling source file Modele.cpp)
C:\Users\andre\Desktop\Qt1\6.0.3\msvc2019_64\include\QtCore\qbytearray.h(317,5): message : No constructor could take the source type, or constructor overload resolution was ambiguous (compiling source file Modele.cpp)
C:\Users\andre\Desktop\Qt1\6.0.3\msvc2019_64\include\QtCore\qbytearray.h(319,5): error C2440: '<function-style-cast>': cannot convert from 'initializer list' to 'QByteArrayView' (compiling source file Modele.cpp)
C:\Users\andre\Desktop\Qt1\6.0.3\msvc2019_64\include\QtCore\qbytearray.h(319,5): message : No constructor could take the source type, or constructor overload resolution was ambiguous (compiling source file Modele.cpp)
C:\Users\andre\Desktop\Qt1\6.0.3\msvc2019_64\include\QtCore\qbytearray.h(319,5): error C2661: 'QByteArray::replace': no overloaded function takes 1 arguments (compiling source file Modele.cpp)
C:\Users\andre\Desktop\Qt1\6.0.3\msvc2019_64\include\QtCore\qbytearray.h(345,5): error C2440: '<function-style-cast>': cannot convert from 'const QByteArray' to 'QByteArrayView' (compiling source file Modele.cpp)
C:\Users\andre\Desktop\Qt1\6.0.3\msvc2019_64\include\QtCore\qbytearray.h(345,5): message : No constructor could take the source type, or constructor overload resolution was ambiguous (compiling source file Modele.cpp)
C:\Users\andre\Desktop\Qt1\6.0.3\msvc2019_64\include\QtCore\qbytearray.h(347,5): error C2664: 'int QtPrivate::compareMemory(QByteArrayView,QByteArrayView)': cannot convert argument 1 from 'const QByteArray' to 'QByteArrayView' (compiling source file Modele.cpp)
C:\Users\andre\Desktop\Qt1\6.0.3\msvc2019_64\include\QtCore\qbytearray.h(347,44): message : No user-defined-conversion operator available that can perform this conversion, or the operator cannot be called (compiling source file Modele.cpp)
C:\Users\andre\Desktop\Qt1\6.0.3\msvc2019_64\include\QtCore\qbytearrayalgorithms.h(70,33): message : see declaration of 'QtPrivate::compareMemory' (compiling source file Modele.cpp)
C:\Users\andre\Desktop\Qt1\6.0.3\msvc2019_64\include\QtCore\qbytearray.h(349,5): error C2664: 'int QtPrivate::compareMemory(QByteArrayView,QByteArrayView)': cannot convert argument 1 from 'const char *' to 'QByteArrayView' (compiling source file Modele.cpp)
C:\Users\andre\Desktop\Qt1\6.0.3\msvc2019_64\include\QtCore\qbytearray.h(349,5): fatal error C1003: error count exceeds 100; stopping compilation (compiling source file Modele.cpp)
  ListaNotificari.cpp
  Locatar.cpp
  LocatarRepository.cpp
  LocatarRepositoryFile.cpp
  LocatarService.cpp
  QtWidgetsApplication2.cpp
  main.cpp
C:\Users\andre\Desktop\Qt1\6.0.3\msvc2019_64\include\QtCore\qglobal.h(379,31): error C7525: inline variables require at least '/std:c++17' (compiling source file main.cpp)
C:\Users\andre\Desktop\Qt1\6.0.3\msvc2019_64\include\QtCore\qglobal.h(1253,65): error C7525: inline variables require at least '/std:c++17' (compiling source file main.cpp)
C:\Users\andre\Desktop\Qt1\6.0.3\msvc2019_64\include\QtCore\qglobal.h(1254,70): error C7525: inline variables require at least '/std:c++17' (compiling source file main.cpp)
C:\Users\andre\Desktop\Qt1\6.0.3\msvc2019_64\include\QtCore\qglobal.h(1255,73): error C7525: inline variables require at least '/std:c++17' (compiling source file main.cpp)
  The contents of <variant> are available only with C++17 or later.
  The contents of <optional> are available only with C++17 or later.
C:\Users\andre\Desktop\Qt1\6.0.3\msvc2019_64\include\QtCore\qtypeinfo.h(58,23): error C7525: inline variables require at least '/std:c++17' (compiling source file main.cpp)
C:\Users\andre\Desktop\Qt1\6.0.3\msvc2019_64\include\QtCore\qtypeinfo.h(111,1): error C2429: language feature 'terse static assert' requires compiler flag '/std:c++17' (compiling source file main.cpp)
C:\Users\andre\Desktop\Qt1\6.0.3\msvc2019_64\include\QtCore\qtypeinfo.h(117): message : see reference to class template instantiation 'QTypeInfoMerger<T,Ts...>' being compiled (compiling source file main.cpp)
C:\Users\andre\Desktop\Qt1\6.0.3\msvc2019_64\include\QtCore\qtypeinfo.h(270,41): error C2039: 'optional': is not a member of 'std' (compiling source file main.cpp)
C:\Program Files (x86)\Microsoft Visual Studio\2019\Community\VC\Tools\MSVC\14.28.29910\include\tuple(21): message : see declaration of 'std' (compiling source file main.cpp)
C:\Users\andre\Desktop\Qt1\6.0.3\msvc2019_64\include\QtCore\qtypeinfo.h(270,1): error C2065: 'optional': undeclared identifier (compiling source file main.cpp)
C:\Users\andre\Desktop\Qt1\6.0.3\msvc2019_64\include\QtCore\qtypeinfo.h(270,1): error C2974: 'QTypeTraits::detail::expand_operator_equal_tuple': invalid template argument for 'T', type expected (compiling source file main.cpp)
C:\Users\andre\Desktop\Qt1\6.0.3\msvc2019_64\include\QtCore\qtypeinfo.h(268): message : see declaration of 'QTypeTraits::detail::expand_operator_equal_tuple' (compiling source file main.cpp)
C:\Users\andre\Desktop\Qt1\6.0.3\msvc2019_64\include\QtCore\qtypeinfo.h(270,1): error C2988: unrecognizable template declaration/definition (compiling source file main.cpp)
C:\Users\andre\Desktop\Qt1\6.0.3\msvc2019_64\include\QtCore\qtypeinfo.h(270,1): error C2143: syntax error: missing ';' before '>' (compiling source file main.cpp)
C:\Users\andre\Desktop\Qt1\6.0.3\msvc2019_64\include\QtCore\qtypeinfo.h(270,1): error C2059: syntax error: '>' (compiling source file main.cpp)
C:\Users\andre\Desktop\Qt1\6.0.3\msvc2019_64\include\QtCore\qtypeinfo.h(270,75): error C2065: 'T': undeclared identifier (compiling source file main.cpp)
C:\Users\andre\Desktop\Qt1\6.0.3\msvc2019_64\include\QtCore\qtypeinfo.h(270,56): error C2923: 'QTypeTraits::detail::has_operator_equal': 'T' is not a valid template type argument for parameter '<unnamed-symbol>' (compiling source file main.cpp)
C:\Users\andre\Desktop\Qt1\6.0.3\msvc2019_64\include\QtCore\qtypeinfo.h(270,56): error C2976: 'QTypeTraits::detail::has_operator_equal': too few template arguments (compiling source file main.cpp)
C:\Users\andre\Desktop\Qt1\6.0.3\msvc2019_64\include\QtCore\qtypeinfo.h(239): message : see declaration of 'QTypeTraits::detail::has_operator_equal' (compiling source file main.cpp)
C:\Users\andre\Desktop\Qt1\6.0.3\msvc2019_64\include\QtCore\qtypeinfo.h(270,56): error C2059: syntax error: 'function-style cast' (compiling source file main.cpp)
C:\Users\andre\Desktop\Qt1\6.0.3\msvc2019_64\include\QtCore\qtypeinfo.h(270,78): error C2143: syntax error: missing ';' before '{' (compiling source file main.cpp)
C:\Users\andre\Desktop\Qt1\6.0.3\msvc2019_64\include\QtCore\qtypeinfo.h(270,78): error C2447: '{': missing function header (old-style formal list?) (compiling source file main.cpp)
C:\Users\andre\Desktop\Qt1\6.0.3\msvc2019_64\include\QtCore\qtypeinfo.h(276,41): error C2039: 'variant': is not a member of 'std' (compiling source file main.cpp)
C:\Program Files (x86)\Microsoft Visual Studio\2019\Community\VC\Tools\MSVC\14.28.29910\include\tuple(21): message : see declaration of 'std' (compiling source file main.cpp)
C:\Users\andre\Desktop\Qt1\6.0.3\msvc2019_64\include\QtCore\qtypeinfo.h(276,1): error C2065: 'variant': undeclared identifier (compiling source file main.cpp)
C:\Users\andre\Desktop\Qt1\6.0.3\msvc2019_64\include\QtCore\qtypeinfo.h(276,1): error C2974: 'QTypeTraits::detail::expand_operator_equal_tuple': invalid template argument for 'T', type expected (compiling source file main.cpp)
C:\Users\andre\Desktop\Qt1\6.0.3\msvc2019_64\include\QtCore\qtypeinfo.h(268): message : see declaration of 'QTypeTraits::detail::expand_operator_equal_tuple' (compiling source file main.cpp)
C:\Users\andre\Desktop\Qt1\6.0.3\msvc2019_64\include\QtCore\qtypeinfo.h(276,1): error C2988: unrecognizable template declaration/definition (compiling source file main.cpp)
C:\Users\andre\Desktop\Qt1\6.0.3\msvc2019_64\include\QtCore\qtypeinfo.h(276,1): error C2143: syntax error: missing ';' before '>' (compiling source file main.cpp)
C:\Users\andre\Desktop\Qt1\6.0.3\msvc2019_64\include\QtCore\qtypeinfo.h(276,1): error C3855: 'QTypeTraits::detail::expand_operator_equal_tuple': template parameter 'T' is incompatible with the declaration (compiling source file main.cpp)
C:\Users\andre\Desktop\Qt1\6.0.3\msvc2019_64\include\QtCore\qtypeinfo.h(276,1): error C2059: syntax error: '>' (compiling source file main.cpp)
C:\Users\andre\Desktop\Qt1\6.0.3\msvc2019_64\include\QtCore\qtypeinfo.h(276,90): error C2065: 'T': undeclared identifier (compiling source file main.cpp)
C:\Users\andre\Desktop\Qt1\6.0.3\msvc2019_64\include\QtCore\qtypeinfo.h(276,94): error C3544: 'T': parameter pack expects a type template argument (compiling source file main.cpp)
C:\Users\andre\Desktop\Qt1\6.0.3\msvc2019_64\include\QtCore\qtypeinfo.h(276,96): error C2059: syntax error: '{' (compiling source file main.cpp)
C:\Users\andre\Desktop\Qt1\6.0.3\msvc2019_64\include\QtCore\qtypeinfo.h(276,96): error C2143: syntax error: missing ';' before '{' (compiling source file main.cpp)
C:\Users\andre\Desktop\Qt1\6.0.3\msvc2019_64\include\QtCore\qtypeinfo.h(276,96): error C2447: '{': missing function header (old-style formal list?) (compiling source file main.cpp)
C:\Users\andre\Desktop\Qt1\6.0.3\msvc2019_64\include\QtCore\qtypeinfo.h(309,45): error C2039: 'variant': is not a member of 'std' (compiling source file main.cpp)
C:\Program Files (x86)\Microsoft Visual Studio\2019\Community\VC\Tools\MSVC\14.28.29910\include\tuple(21): message : see declaration of 'std' (compiling source file main.cpp)
C:\Users\andre\Desktop\Qt1\6.0.3\msvc2019_64\include\QtCore\qtypeinfo.h(309,1): error C2065: 'variant': undeclared identifier (compiling source file main.cpp)
C:\Users\andre\Desktop\Qt1\6.0.3\msvc2019_64\include\QtCore\qtypeinfo.h(309,1): error C2974: 'QTypeTraits::detail::expand_operator_less_than_tuple': invalid template argument for 'T', type expected (compiling source file main.cpp)
C:\Users\andre\Desktop\Qt1\6.0.3\msvc2019_64\include\QtCore\qtypeinfo.h(303): message : see declaration of 'QTypeTraits::detail::expand_operator_less_than_tuple' (compiling source file main.cpp)
C:\Users\andre\Desktop\Qt1\6.0.3\msvc2019_64\include\QtCore\qtypeinfo.h(309,1): error C2988: unrecognizable template declaration/definition (compiling source file main.cpp)
C:\Users\andre\Desktop\Qt1\6.0.3\msvc2019_64\include\QtCore\qtypeinfo.h(309,1): error C2143: syntax error: missing ';' before '>' (compiling source file main.cpp)
C:\Users\andre\Desktop\Qt1\6.0.3\msvc2019_64\include\QtCore\qtypeinfo.h(309,1): error C3855: 'QTypeTraits::detail::expand_operator_less_than_tuple': template parameter 'T' is incompatible with the declaration (compiling source file main.cpp)
C:\Users\andre\Desktop\Qt1\6.0.3\msvc2019_64\include\QtCore\qtypeinfo.h(309,1): error C2059: syntax error: '>' (compiling source file main.cpp)
C:\Users\andre\Desktop\Qt1\6.0.3\msvc2019_64\include\QtCore\qtypeinfo.h(309,98): error C2065: 'T': undeclared identifier (compiling source file main.cpp)
C:\Users\andre\Desktop\Qt1\6.0.3\msvc2019_64\include\QtCore\qtypeinfo.h(309,102): error C3544: 'T': parameter pack expects a type template argument (compiling source file main.cpp)
C:\Users\andre\Desktop\Qt1\6.0.3\msvc2019_64\include\QtCore\qtypeinfo.h(309,104): error C2059: syntax error: '{' (compiling source file main.cpp)
C:\Users\andre\Desktop\Qt1\6.0.3\msvc2019_64\include\QtCore\qtypeinfo.h(309,104): error C2143: syntax error: missing ';' before '{' (compiling source file main.cpp)
C:\Users\andre\Desktop\Qt1\6.0.3\msvc2019_64\include\QtCore\qtypeinfo.h(309,104): error C2447: '{': missing function header (old-style formal list?) (compiling source file main.cpp)
C:\Users\andre\Desktop\Qt1\6.0.3\msvc2019_64\include\QtCore\qtypeinfo.h(321,23): error C7525: inline variables require at least '/std:c++17' (compiling source file main.cpp)
C:\Users\andre\Desktop\Qt1\6.0.3\msvc2019_64\include\QtCore\qtypeinfo.h(326,23): error C7525: inline variables require at least '/std:c++17' (compiling source file main.cpp)
C:\Users\andre\Desktop\Qt1\6.0.3\msvc2019_64\include\QtCore\qtypeinfo.h(331,23): error C7525: inline variables require at least '/std:c++17' (compiling source file main.cpp)
C:\Users\andre\Desktop\Qt1\6.0.3\msvc2019_64\include\QtCore\qtypeinfo.h(354,23): error C7525: inline variables require at least '/std:c++17' (compiling source file main.cpp)
C:\Users\andre\Desktop\Qt1\6.0.3\msvc2019_64\include\QtCore\qtypeinfo.h(362,23): error C7525: inline variables require at least '/std:c++17' (compiling source file main.cpp)
C:\Users\andre\Desktop\Qt1\6.0.3\msvc2019_64\include\QtCore\qtypeinfo.h(365,23): error C7525: inline variables require at least '/std:c++17' (compiling source file main.cpp)
C:\Users\andre\Desktop\Qt1\6.0.3\msvc2019_64\include\QtCore\qglobal.h(379,31): error C7525: inline variables require at least '/std:c++17' (compiling source file QtWidgetsApplication2.cpp)
C:\Users\andre\Desktop\Qt1\6.0.3\msvc2019_64\include\QtCore\qglobal.h(1253,65): error C7525: inline variables require at least '/std:c++17' (compiling source file QtWidgetsApplication2.cpp)
C:\Users\andre\Desktop\Qt1\6.0.3\msvc2019_64\include\QtCore\qglobal.h(1254,70): error C7525: inline variables require at least '/std:c++17' (compiling source file QtWidgetsApplication2.cpp)
C:\Users\andre\Desktop\Qt1\6.0.3\msvc2019_64\include\QtCore\qglobal.h(1255,73): error C7525: inline variables require at least '/std:c++17' (compiling source file QtWidgetsApplication2.cpp)
  The contents of <variant> are available only with C++17 or later.
  The contents of <optional> are available only with C++17 or later.
C:\Users\andre\Desktop\Qt1\6.0.3\msvc2019_64\include\QtCore\qtypeinfo.h(58,23): error C7525: inline variables require at least '/std:c++17' (compiling source file QtWidgetsApplication2.cpp)
C:\Users\andre\Desktop\Qt1\6.0.3\msvc2019_64\include\QtCore\qtypeinfo.h(111,1): error C2429: language feature 'terse static assert' requires compiler flag '/std:c++17' (compiling source file QtWidgetsApplication2.cpp)
C:\Users\andre\Desktop\Qt1\6.0.3\msvc2019_64\include\QtCore\qtypeinfo.h(117): message : see reference to class template instantiation 'QTypeInfoMerger<T,Ts...>' being compiled (compiling source file QtWidgetsApplication2.cpp)
C:\Users\andre\Desktop\Qt1\6.0.3\msvc2019_64\include\QtCore\qnamespace.h(1608,7): warning C5051: attribute 'maybe_unused' requires at least '/std:c++17'; ignored (compiling source file main.cpp)
C:\Users\andre\Desktop\Qt1\6.0.3\msvc2019_64\include\QtCore\qnamespace.h(1608,61): error C7525: inline variables require at least '/std:c++17' (compiling source file main.cpp)
C:\Users\andre\Desktop\Qt1\6.0.3\msvc2019_64\include\QtCore\qtypeinfo.h(270,41): error C2039: 'optional': is not a member of 'std' (compiling source file QtWidgetsApplication2.cpp)
C:\Program Files (x86)\Microsoft Visual Studio\2019\Community\VC\Tools\MSVC\14.28.29910\include\tuple(21): message : see declaration of 'std' (compiling source file QtWidgetsApplication2.cpp)
C:\Users\andre\Desktop\Qt1\6.0.3\msvc2019_64\include\QtCore\qtypeinfo.h(270,1): error C2065: 'optional': undeclared identifier (compiling source file QtWidgetsApplication2.cpp)
C:\Users\andre\Desktop\Qt1\6.0.3\msvc2019_64\include\QtCore\qtypeinfo.h(270,1): error C2974: 'QTypeTraits::detail::expand_operator_equal_tuple': invalid template argument for 'T', type expected (compiling source file QtWidgetsApplication2.cpp)
C:\Users\andre\Desktop\Qt1\6.0.3\msvc2019_64\include\QtCore\qtypeinfo.h(268): message : see declaration of 'QTypeTraits::detail::expand_operator_equal_tuple' (compiling source file QtWidgetsApplication2.cpp)
C:\Users\andre\Desktop\Qt1\6.0.3\msvc2019_64\include\QtCore\qtypeinfo.h(270,1): error C2988: unrecognizable template declaration/definition (compiling source file QtWidgetsApplication2.cpp)
C:\Users\andre\Desktop\Qt1\6.0.3\msvc2019_64\include\QtCore\qtypeinfo.h(270,1): error C2143: syntax error: missing ';' before '>' (compiling source file QtWidgetsApplication2.cpp)
C:\Users\andre\Desktop\Qt1\6.0.3\msvc2019_64\include\QtCore\qtypeinfo.h(270,1): error C2059: syntax error: '>' (compiling source file QtWidgetsApplication2.cpp)
C:\Users\andre\Desktop\Qt1\6.0.3\msvc2019_64\include\QtCore\qtypeinfo.h(270,75): error C2065: 'T': undeclared identifier (compiling source file QtWidgetsApplication2.cpp)
C:\Users\andre\Desktop\Qt1\6.0.3\msvc2019_64\include\QtCore\qtypeinfo.h(270,56): error C2923: 'QTypeTraits::detail::has_operator_equal': 'T' is not a valid template type argument for parameter '<unnamed-symbol>' (compiling source file QtWidgetsApplication2.cpp)
C:\Users\andre\Desktop\Qt1\6.0.3\msvc2019_64\include\QtCore\qtypeinfo.h(270,56): error C2976: 'QTypeTraits::detail::has_operator_equal': too few template arguments (compiling source file QtWidgetsApplication2.cpp)
C:\Users\andre\Desktop\Qt1\6.0.3\msvc2019_64\include\QtCore\qtypeinfo.h(239): message : see declaration of 'QTypeTraits::detail::has_operator_equal' (compiling source file QtWidgetsApplication2.cpp)
C:\Users\andre\Desktop\Qt1\6.0.3\msvc2019_64\include\QtCore\qtypeinfo.h(270,56): error C2059: syntax error: 'function-style cast' (compiling source file QtWidgetsApplication2.cpp)
C:\Users\andre\Desktop\Qt1\6.0.3\msvc2019_64\include\QtCore\qtypeinfo.h(270,78): error C2143: syntax error: missing ';' before '{' (compiling source file QtWidgetsApplication2.cpp)
C:\Users\andre\Desktop\Qt1\6.0.3\msvc2019_64\include\QtCore\qtypeinfo.h(270,78): error C2447: '{': missing function header (old-style formal list?) (compiling source file QtWidgetsApplication2.cpp)
C:\Users\andre\Desktop\Qt1\6.0.3\msvc2019_64\include\QtCore\qtypeinfo.h(276,41): error C2039: 'variant': is not a member of 'std' (compiling source file QtWidgetsApplication2.cpp)
C:\Program Files (x86)\Microsoft Visual Studio\2019\Community\VC\Tools\MSVC\14.28.29910\include\tuple(21): message : see declaration of 'std' (compiling source file QtWidgetsApplication2.cpp)
C:\Users\andre\Desktop\Qt1\6.0.3\msvc2019_64\include\QtCore\qtypeinfo.h(276,1): error C2065: 'variant': undeclared identifier (compiling source file QtWidgetsApplication2.cpp)
C:\Users\andre\Desktop\Qt1\6.0.3\msvc2019_64\include\QtCore\qtypeinfo.h(276,1): error C2974: 'QTypeTraits::detail::expand_operator_equal_tuple': invalid template argument for 'T', type expected (compiling source file QtWidgetsApplication2.cpp)
C:\Users\andre\Desktop\Qt1\6.0.3\msvc2019_64\include\QtCore\qtypeinfo.h(268): message : see declaration of 'QTypeTraits::detail::expand_operator_equal_tuple' (compiling source file QtWidgetsApplication2.cpp)
C:\Users\andre\Desktop\Qt1\6.0.3\msvc2019_64\include\QtCore\qtypeinfo.h(276,1): error C2988: unrecognizable template declaration/definition (compiling source file QtWidgetsApplication2.cpp)
C:\Users\andre\Desktop\Qt1\6.0.3\msvc2019_64\include\QtCore\qtypeinfo.h(276,1): error C2143: syntax error: missing ';' before '>' (compiling source file QtWidgetsApplication2.cpp)
C:\Users\andre\Desktop\Qt1\6.0.3\msvc2019_64\include\QtCore\qtypeinfo.h(276,1): error C3855: 'QTypeTraits::detail::expand_operator_equal_tuple': template parameter 'T' is incompatible with the declaration (compiling source file QtWidgetsApplication2.cpp)
C:\Users\andre\Desktop\Qt1\6.0.3\msvc2019_64\include\QtCore\qtypeinfo.h(276,1): error C2059: syntax error: '>' (compiling source file QtWidgetsApplication2.cpp)
C:\Users\andre\Desktop\Qt1\6.0.3\msvc2019_64\include\QtCore\qtypeinfo.h(276,90): error C2065: 'T': undeclared identifier (compiling source file QtWidgetsApplication2.cpp)
C:\Users\andre\Desktop\Qt1\6.0.3\msvc2019_64\include\QtCore\qtypeinfo.h(276,94): error C3544: 'T': parameter pack expects a type template argument (compiling source file QtWidgetsApplication2.cpp)
C:\Users\andre\Desktop\Qt1\6.0.3\msvc2019_64\include\QtCore\qtypeinfo.h(276,96): error C2059: syntax error: '{' (compiling source file QtWidgetsApplication2.cpp)
C:\Users\andre\Desktop\Qt1\6.0.3\msvc2019_64\include\QtCore\qtypeinfo.h(276,96): error C2143: syntax error: missing ';' before '{' (compiling source file QtWidgetsApplication2.cpp)
C:\Users\andre\Desktop\Qt1\6.0.3\msvc2019_64\include\QtCore\qtypeinfo.h(276,96): error C2447: '{': missing function header (old-style formal list?) (compiling source file QtWidgetsApplication2.cpp)
C:\Users\andre\Desktop\Qt1\6.0.3\msvc2019_64\include\QtCore\qtypeinfo.h(309,45): error C2039: 'variant': is not a member of 'std' (compiling source file QtWidgetsApplication2.cpp)
C:\Program Files (x86)\Microsoft Visual Studio\2019\Community\VC\Tools\MSVC\14.28.29910\include\tuple(21): message : see declaration of 'std' (compiling source file QtWidgetsApplication2.cpp)
C:\Users\andre\Desktop\Qt1\6.0.3\msvc2019_64\include\QtCore\qtypeinfo.h(309,1): error C2065: 'variant': undeclared identifier (compiling source file QtWidgetsApplication2.cpp)
C:\Users\andre\Desktop\Qt1\6.0.3\msvc2019_64\include\QtCore\qtypeinfo.h(309,1): error C2974: 'QTypeTraits::detail::expand_operator_less_than_tuple': invalid template argument for 'T', type expected (compiling source file QtWidgetsApplication2.cpp)
C:\Users\andre\Desktop\Qt1\6.0.3\msvc2019_64\include\QtCore\qtypeinfo.h(303): message : see declaration of 'QTypeTraits::detail::expand_operator_less_than_tuple' (compiling source file QtWidgetsApplication2.cpp)
C:\Users\andre\Desktop\Qt1\6.0.3\msvc2019_64\include\QtCore\qtypeinfo.h(309,1): error C2988: unrecognizable template declaration/definition (compiling source file QtWidgetsApplication2.cpp)
C:\Users\andre\Desktop\Qt1\6.0.3\msvc2019_64\include\QtCore\qtypeinfo.h(309,1): error C2143: syntax error: missing ';' before '>' (compiling source file QtWidgetsApplication2.cpp)
C:\Users\andre\Desktop\Qt1\6.0.3\msvc2019_64\include\QtCore\qtypeinfo.h(309,1): error C3855: 'QTypeTraits::detail::expand_operator_less_than_tuple': template parameter 'T' is incompatible with the declaration (compiling source file QtWidgetsApplication2.cpp)
C:\Users\andre\Desktop\Qt1\6.0.3\msvc2019_64\include\QtCore\qtypeinfo.h(309,1): error C2059: syntax error: '>' (compiling source file QtWidgetsApplication2.cpp)
C:\Users\andre\Desktop\Qt1\6.0.3\msvc2019_64\include\QtCore\qtypeinfo.h(309,98): error C2065: 'T': undeclared identifier (compiling source file QtWidgetsApplication2.cpp)
C:\Users\andre\Desktop\Qt1\6.0.3\msvc2019_64\include\QtCore\qtypeinfo.h(309,102): error C3544: 'T': parameter pack expects a type template argument (compiling source file QtWidgetsApplication2.cpp)
C:\Users\andre\Desktop\Qt1\6.0.3\msvc2019_64\include\QtCore\qtypeinfo.h(309,104): error C2059: syntax error: '{' (compiling source file QtWidgetsApplication2.cpp)
C:\Users\andre\Desktop\Qt1\6.0.3\msvc2019_64\include\QtCore\qtypeinfo.h(309,104): error C2143: syntax error: missing ';' before '{' (compiling source file QtWidgetsApplication2.cpp)
C:\Users\andre\Desktop\Qt1\6.0.3\msvc2019_64\include\QtCore\qtypeinfo.h(309,104): error C2447: '{': missing function header (old-style formal list?) (compiling source file QtWidgetsApplication2.cpp)
C:\Users\andre\Desktop\Qt1\6.0.3\msvc2019_64\include\QtCore\qtypeinfo.h(321,23): error C7525: inline variables require at least '/std:c++17' (compiling source file QtWidgetsApplication2.cpp)
C:\Users\andre\Desktop\Qt1\6.0.3\msvc2019_64\include\QtCore\qtypeinfo.h(326,23): error C7525: inline variables require at least '/std:c++17' (compiling source file QtWidgetsApplication2.cpp)
C:\Users\andre\Desktop\Qt1\6.0.3\msvc2019_64\include\QtCore\qtypeinfo.h(331,23): error C7525: inline variables require at least '/std:c++17' (compiling source file QtWidgetsApplication2.cpp)
C:\Users\andre\Desktop\Qt1\6.0.3\msvc2019_64\include\QtCore\qtypeinfo.h(354,23): error C7525: inline variables require at least '/std:c++17' (compiling source file QtWidgetsApplication2.cpp)
C:\Users\andre\Desktop\Qt1\6.0.3\msvc2019_64\include\QtCore\qtypeinfo.h(362,23): error C7525: inline variables require at least '/std:c++17' (compiling source file QtWidgetsApplication2.cpp)
C:\Users\andre\Desktop\Qt1\6.0.3\msvc2019_64\include\QtCore\qtypeinfo.h(365,23): error C7525: inline variables require at least '/std:c++17' (compiling source file QtWidgetsApplication2.cpp)
C:\Users\andre\Desktop\Qt1\6.0.3\msvc2019_64\include\QtCore\qbytearrayview.h(55): error C2065: 'byte': undeclared identifier (compiling source file main.cpp)
C:\Users\andre\Desktop\Qt1\6.0.3\msvc2019_64\include\QtCore\qbytearrayview.h(59): message : see reference to class template instantiation 'QtPrivate::IsCompatibleByteTypeHelper<Byte>' being compiled (compiling source file main.cpp)
C:\Users\andre\Desktop\Qt1\6.0.3\msvc2019_64\include\QtCore\qbytearrayview.h(59,35): error C2923: 'std::is_same_v': 'byte' is not a valid template type argument for parameter '<unnamed-symbol>' (compiling source file main.cpp)
C:\Users\andre\Desktop\Qt1\6.0.3\msvc2019_64\include\QtCore\qbytearrayview.h(55): error C2062: type 'unknown-type' unexpected (compiling source file main.cpp)
C:\Users\andre\Desktop\Qt1\6.0.3\msvc2019_64\include\QtCore\qbytearrayview.h(59,63): error C3770: 'unknown-type': is not a valid base class (compiling source file main.cpp)
C:\Users\andre\Desktop\Qt1\6.0.3\msvc2019_64\include\QtCore\qbytearrayview.h(153,32): error C3615: constexpr function 'QByteArrayView::lengthHelperCharArray' cannot result in a constant expression (compiling source file main.cpp)
C:\Users\andre\Desktop\Qt1\6.0.3\msvc2019_64\include\QtCore\qbytearrayview.h(155,53): message : failure was caused by call of undefined function or one not declared 'constexpr' (compiling source file main.cpp)
C:\Users\andre\Desktop\Qt1\6.0.3\msvc2019_64\include\QtCore\qbytearrayview.h(155,53): message : see usage of 'std::_Narrow_char_traits<char,int>::find' (compiling source file main.cpp)
C:\Users\andre\Desktop\Qt1\6.0.3\msvc2019_64\include\QtCore\qbytearrayview.h(157,39): message : failure was caused by call of undefined function or one not declared 'constexpr' (compiling source file main.cpp)
C:\Users\andre\Desktop\Qt1\6.0.3\msvc2019_64\include\QtCore\qbytearrayview.h(157,39): message : see usage of 'std::distance' (compiling source file main.cpp)
C:\Users\andre\Desktop\Qt1\6.0.3\msvc2019_64\include\QtCore\qbytearrayview.h(59,56): error C2039: 'byte': is not a member of 'std' (compiling source file main.cpp)
C:\Program Files (x86)\Microsoft Visual Studio\2019\Community\VC\Tools\MSVC\14.28.29910\include\string(24): message : see declaration of 'std' (compiling source file main.cpp)
C:\Users\andre\Desktop\Qt1\6.0.3\msvc2019_64\include\QtCore\qbytearrayview.h(64): message : see reference to class template instantiation 'QtPrivate::IsCompatibleByteTypeHelper<char>' being compiled (compiling source file main.cpp)
C:\Users\andre\Desktop\Qt1\6.0.3\msvc2019_64\include\QtCore\qbytearrayview.h(228): message : see reference to class template instantiation 'QtPrivate::IsCompatibleByteType<const QByteArrayView::value_type>' being compiled (compiling source file main.cpp)
C:\Users\andre\Desktop\Qt1\6.0.3\msvc2019_64\include\QtCore\qbytearrayview.h(172): message : see reference to alias template instantiation 'QByteArrayView::if_compatible_byte<const QByteArrayView::value_type>' being compiled (compiling source file main.cpp)
C:\Users\andre\Desktop\Qt1\6.0.3\msvc2019_64\include\QtCore\qbytearrayview.h(228,5): error C2440: '<function-style-cast>': cannot convert from 'initializer list' to 'QByteArrayView' (compiling source file main.cpp)
C:\Users\andre\Desktop\Qt1\6.0.3\msvc2019_64\include\QtCore\qbytearrayview.h(228,5): message : No constructor could take the source type, or constructor overload resolution was ambiguous (compiling source file main.cpp)
C:\Users\andre\Desktop\Qt1\6.0.3\msvc2019_64\include\QtCore\qbytearrayview.h(227,44): error C3615: constexpr function 'QByteArrayView::first' cannot result in a constant expression (compiling source file main.cpp)
C:\Users\andre\Desktop\Qt1\6.0.3\msvc2019_64\include\QtCore\qbytearrayview.h(228): message : failure was caused by control reaching the end of a constexpr function (compiling source file main.cpp)
C:\Users\andre\Desktop\Qt1\6.0.3\msvc2019_64\include\QtCore\qbytearrayview.h(230,5): error C2440: '<function-style-cast>': cannot convert from 'initializer list' to 'QByteArrayView' (compiling source file main.cpp)
C:\Users\andre\Desktop\Qt1\6.0.3\msvc2019_64\include\QtCore\qbytearrayview.h(230,5): message : No constructor could take the source type, or constructor overload resolution was ambiguous (compiling source file main.cpp)
C:\Users\andre\Desktop\Qt1\6.0.3\msvc2019_64\include\QtCore\qbytearrayview.h(229,44): error C3615: constexpr function 'QByteArrayView::last' cannot result in a constant expression (compiling source file main.cpp)
C:\Users\andre\Desktop\Qt1\6.0.3\msvc2019_64\include\QtCore\qbytearrayview.h(230): message : failure was caused by control reaching the end of a constexpr function (compiling source file main.cpp)
C:\Users\andre\Desktop\Qt1\6.0.3\msvc2019_64\include\QtCore\qbytearrayview.h(232,5): error C2440: '<function-style-cast>': cannot convert from 'initializer list' to 'QByteArrayView' (compiling source file main.cpp)
C:\Users\andre\Desktop\Qt1\6.0.3\msvc2019_64\include\QtCore\qbytearrayview.h(232,5): message : No constructor could take the source type, or constructor overload resolution was ambiguous (compiling source file main.cpp)
C:\Users\andre\Desktop\Qt1\6.0.3\msvc2019_64\include\QtCore\qbytearrayview.h(231,44): error C3615: constexpr function 'QByteArrayView::sliced' cannot result in a constant expression (compiling source file main.cpp)
C:\Users\andre\Desktop\Qt1\6.0.3\msvc2019_64\include\QtCore\qbytearrayview.h(232): message : failure was caused by control reaching the end of a constexpr function (compiling source file main.cpp)
C:\Users\andre\Desktop\Qt1\6.0.3\msvc2019_64\include\QtCore\qbytearrayview.h(234,5): error C2440: '<function-style-cast>': cannot convert from 'initializer list' to 'QByteArrayView' (compiling source file main.cpp)
C:\Users\andre\Desktop\Qt1\6.0.3\msvc2019_64\include\QtCore\qbytearrayview.h(234,5): message : No constructor could take the source type, or constructor overload resolution was ambiguous (compiling source file main.cpp)
C:\Users\andre\Desktop\Qt1\6.0.3\msvc2019_64\include\QtCore\qbytearrayview.h(233,44): error C3615: constexpr function 'QByteArrayView::sliced' cannot result in a constant expression (compiling source file main.cpp)
C:\Users\andre\Desktop\Qt1\6.0.3\msvc2019_64\include\QtCore\qbytearrayview.h(234): message : failure was caused by control reaching the end of a constexpr function (compiling source file main.cpp)
C:\Users\andre\Desktop\Qt1\6.0.3\msvc2019_64\include\QtCore\qbytearrayview.h(256,5): error C2440: '<function-style-cast>': cannot convert from 'initializer list' to 'QByteArrayView' (compiling source file main.cpp)
C:\Users\andre\Desktop\Qt1\6.0.3\msvc2019_64\include\QtCore\qbytearrayview.h(256,5): message : No constructor could take the source type, or constructor overload resolution was ambiguous (compiling source file main.cpp)
C:\Users\andre\Desktop\Qt1\6.0.3\msvc2019_64\include\QtCore\qbytearrayview.h(256,5): error C2660: 'QtPrivate::findByteArray': function does not take 2 arguments (compiling source file main.cpp)
C:\Users\andre\Desktop\Qt1\6.0.3\msvc2019_64\include\QtCore\qbytearrayalgorithms.h(62,11): message : see declaration of 'QtPrivate::findByteArray' (compiling source file main.cpp)
C:\Users\andre\Desktop\Qt1\6.0.3\msvc2019_64\include\QtCore\qbytearrayview.h(266,5): error C2440: '<function-style-cast>': cannot convert from 'initializer list' to 'QByteArrayView' (compiling source file main.cpp)
C:\Users\andre\Desktop\Qt1\6.0.3\msvc2019_64\include\QtCore\qbytearrayview.h(266,5): message : No constructor could take the source type, or constructor overload resolution was ambiguous (compiling source file main.cpp)
C:\Users\andre\Desktop\Qt1\6.0.3\msvc2019_64\include\QtCore\qbytearrayview.h(266,5): error C2660: 'QtPrivate::lastIndexOf': function does not take 2 arguments (compiling source file main.cpp)
C:\Users\andre\Desktop\Qt1\6.0.3\msvc2019_64\include\QtCore\qbytearrayalgorithms.h(65,11): message : see declaration of 'QtPrivate::lastIndexOf' (compiling source file main.cpp)
C:\Users\andre\Desktop\Qt1\6.0.3\msvc2019_64\include\QtCore\qbytearrayview.h(271,5): error C2440: '<function-style-cast>': cannot convert from 'initializer list' to 'QByteArrayView' (compiling source file main.cpp)
C:\Users\andre\Desktop\Qt1\6.0.3\msvc2019_64\include\QtCore\qbytearrayview.h(271,5): message : No constructor could take the source type, or constructor overload resolution was ambiguous (compiling source file main.cpp)
C:\Users\andre\Desktop\Qt1\6.0.3\msvc2019_64\include\QtCore\qbytearrayview.h(271,5): error C2660: 'QtPrivate::count': function does not take 1 arguments (compiling source file main.cpp)
C:\Users\andre\Desktop\Qt1\6.0.3\msvc2019_64\include\QtCore\qbytearrayalgorithms.h(68,11): message : see declaration of 'QtPrivate::count' (compiling source file main.cpp)
C:\Users\andre\Desktop\Qt1\6.0.3\msvc2019_64\include\QtCore\qbytearrayview.h(280,52): error C3615: constexpr function 'QByteArrayView::rbegin' cannot result in a constant expression (compiling source file main.cpp)
C:\Users\andre\Desktop\Qt1\6.0.3\msvc2019_64\include\QtCore\qbytearrayview.h(280,108): message : failure was caused by call of undefined function or one not declared 'constexpr' (compiling source file main.cpp)
C:\Users\andre\Desktop\Qt1\6.0.3\msvc2019_64\include\QtCore\qbytearrayview.h(280,108): message : see usage of 'std::reverse_iterator<QByteArrayView::iterator>::reverse_iterator' (compiling source file main.cpp)
C:\Users\andre\Desktop\Qt1\6.0.3\msvc2019_64\include\QtCore\qbytearrayview.h(281,52): error C3615: constexpr function 'QByteArrayView::rend' cannot result in a constant expression (compiling source file main.cpp)
C:\Users\andre\Desktop\Qt1\6.0.3\msvc2019_64\include\QtCore\qbytearrayview.h(281,108): message : failure was caused by call of undefined function or one not declared 'constexpr' (compiling source file main.cpp)
C:\Users\andre\Desktop\Qt1\6.0.3\msvc2019_64\include\QtCore\qbytearrayview.h(281,108): message : see usage of 'std::reverse_iterator<QByteArrayView::iterator>::reverse_iterator' (compiling source file main.cpp)
C:\Users\andre\Desktop\Qt1\6.0.3\msvc2019_64\include\QtCore\qbytearray.h(120,41): error C2440: '<function-style-cast>': cannot convert from 'initializer list' to 'QByteArrayView' (compiling source file main.cpp)
C:\Users\andre\Desktop\Qt1\6.0.3\msvc2019_64\include\QtCore\qbytearray.h(120,41): message : No constructor could take the source type, or constructor overload resolution was ambiguous (compiling source file main.cpp)
C:\Users\andre\Desktop\Qt1\6.0.3\msvc2019_64\include\QtCore\qbytearray.h(280,5): error C2440: '<function-style-cast>': cannot convert from 'initializer list' to 'QByteArrayView' (compiling source file main.cpp)
C:\Users\andre\Desktop\Qt1\6.0.3\msvc2019_64\include\QtCore\qbytearray.h(280,5): message : No constructor could take the source type, or constructor overload resolution was ambiguous (compiling source file main.cpp)
C:\Users\andre\Desktop\Qt1\6.0.3\msvc2019_64\include\QtCore\qbytearray.h(280,5): error C2661: 'QByteArray::insert': no overloaded function takes 1 arguments (compiling source file main.cpp)
C:\Users\andre\Desktop\Qt1\6.0.3\msvc2019_64\include\QtCore\qbytearray.h(283,5): error C2440: '<function-style-cast>': cannot convert from 'initializer list' to 'QByteArrayView' (compiling source file main.cpp)
C:\Users\andre\Desktop\Qt1\6.0.3\msvc2019_64\include\QtCore\qbytearray.h(283,5): message : No constructor could take the source type, or constructor overload resolution was ambiguous (compiling source file main.cpp)
C:\Users\andre\Desktop\Qt1\6.0.3\msvc2019_64\include\QtCore\qbytearray.h(283,5): error C2661: 'QByteArray::insert': no overloaded function takes 1 arguments (compiling source file main.cpp)
C:\Users\andre\Desktop\Qt1\6.0.3\msvc2019_64\include\QtCore\qbytearray.h(285,5): error C2440: '<function-style-cast>': cannot convert from 'initializer list' to 'QByteArrayView' (compiling source file main.cpp)
C:\Users\andre\Desktop\Qt1\6.0.3\msvc2019_64\include\QtCore\qbytearray.h(285,5): message : No constructor could take the source type, or constructor overload resolution was ambiguous (compiling source file main.cpp)
C:\Users\andre\Desktop\Qt1\6.0.3\msvc2019_64\include\QtCore\qbytearray.h(285,5): error C2661: 'QByteArray::insert': no overloaded function takes 1 arguments (compiling source file main.cpp)
C:\Users\andre\Desktop\Qt1\6.0.3\msvc2019_64\include\QtCore\qbytearray.h(293,5): error C2440: '<function-style-cast>': cannot convert from 'initializer list' to 'QByteArrayView' (compiling source file main.cpp)
C:\Users\andre\Desktop\Qt1\6.0.3\msvc2019_64\include\QtCore\qbytearray.h(293,5): message : No constructor could take the source type, or constructor overload resolution was ambiguous (compiling source file main.cpp)
C:\Users\andre\Desktop\Qt1\6.0.3\msvc2019_64\include\QtCore\qbytearray.h(295,5): error C2440: '<function-style-cast>': cannot convert from 'initializer list' to 'QByteArrayView' (compiling source file main.cpp)
C:\Users\andre\Desktop\Qt1\6.0.3\msvc2019_64\include\QtCore\qbytearray.h(295,5): message : No constructor could take the source type, or constructor overload resolution was ambiguous (compiling source file main.cpp)
C:\Users\andre\Desktop\Qt1\6.0.3\msvc2019_64\include\QtCore\qbytearray.h(302,5): error C2440: '<function-style-cast>': cannot convert from 'const char *' to 'QByteArrayView' (compiling source file main.cpp)
C:\Users\andre\Desktop\Qt1\6.0.3\msvc2019_64\include\QtCore\qbytearray.h(302,5): message : No constructor could take the source type, or constructor overload resolution was ambiguous (compiling source file main.cpp)
C:\Users\andre\Desktop\Qt1\6.0.3\msvc2019_64\include\QtCore\qbytearray.h(302,5): error C2661: 'QByteArray::insert': no overloaded function takes 1 arguments (compiling source file main.cpp)
C:\Program Files (x86)\Microsoft Visual Studio\2019\Community\VC\Tools\MSVC\14.28.29910\include\type_traits(62,61): error C2039: 'value': is not a member of 'QtPrivate::IsCompatibleByteArrayPointer<const char *>' (compiling source file main.cpp)
C:\Users\andre\Desktop\Qt1\6.0.3\msvc2019_64\include\QtCore\qbytearrayview.h(129): message : see declaration of 'QtPrivate::IsCompatibleByteArrayPointer<const char *>' (compiling source file main.cpp)
C:\Program Files (x86)\Microsoft Visual Studio\2019\Community\VC\Tools\MSVC\14.28.29910\include\type_traits(67): message : see reference to class template instantiation 'std::conjunction<QtPrivate::IsCompatibleByteArrayPointer<const char *>,std::is_convertible<qsizetype,qsizetype>,QtPrivate::IsCompatibleByteType<const QByteArrayView::value_type>,std::is_convertible<bool,bool>,std::negation<std::is_same<QByteArray,QByteArray>>,std::negation<std::is_array<QByteArray>>,std::negation<std::is_same<QByteArray,QByteArrayView>>>' being compiled (compiling source file main.cpp)
C:\Program Files (x86)\Microsoft Visual Studio\2019\Community\VC\Tools\MSVC\14.28.29910\include\type_traits(62): message : see reference to variable template 'const bool conjunction_v<QtPrivate::IsCompatibleByteArrayPointer<char const *>,std::is_convertible<__int64,__int64>,QtPrivate::IsCompatibleByteType<char>,std::is_convertible<bool,bool>,std::negation<std::is_same<QByteArray,QByteArray> >,std::negation<std::is_array<QByteArray> >,std::negation<std::is_same<QByteArray,QByteArrayView> > >' being compiled (compiling source file main.cpp)
C:\Users\andre\Desktop\Qt1\6.0.3\msvc2019_64\include\QtCore\qbytearrayview.h(199): message : see reference to alias template instantiation 'QByteArrayView::if_compatible_container<QByteArray>' being compiled (compiling source file main.cpp)
C:\Program Files (x86)\Microsoft Visual Studio\2019\Community\VC\Tools\MSVC\14.28.29910\include\type_traits(62,92): error C2065: 'value': undeclared identifier (compiling source file main.cpp)
C:\Program Files (x86)\Microsoft Visual Studio\2019\Community\VC\Tools\MSVC\14.28.29910\include\type_traits(62,92): error C2975: '_First_value': invalid template argument for 'std::_Conjunction', expected compile-time constant expression (compiling source file main.cpp)
C:\Program Files (x86)\Microsoft Visual Studio\2019\Community\VC\Tools\MSVC\14.28.29910\include\type_traits(48): message : see declaration of '_First_value' (compiling source file main.cpp)
C:\Program Files (x86)\Microsoft Visual Studio\2019\Community\VC\Tools\MSVC\14.28.29910\include\type_traits(67,69): error C2039: 'value': is not a member of 'std::conjunction<QtPrivate::IsCompatibleByteArrayPointer<const char *>,std::is_convertible<qsizetype,qsizetype>,QtPrivate::IsCompatibleByteType<const QByteArrayView::value_type>,std::is_convertible<bool,bool>,std::negation<std::is_same<QByteArray,QByteArray>>,std::negation<std::is_array<QByteArray>>,std::negation<std::is_same<QByteArray,QByteArrayView>>>' (compiling source file main.cpp)
C:\Program Files (x86)\Microsoft Visual Studio\2019\Community\VC\Tools\MSVC\14.28.29910\include\type_traits(67): message : see declaration of 'std::conjunction<QtPrivate::IsCompatibleByteArrayPointer<const char *>,std::is_convertible<qsizetype,qsizetype>,QtPrivate::IsCompatibleByteType<const QByteArrayView::value_type>,std::is_convertible<bool,bool>,std::negation<std::is_same<QByteArray,QByteArray>>,std::negation<std::is_array<QByteArray>>,std::negation<std::is_same<QByteArray,QByteArrayView>>>' (compiling source file main.cpp)
C:\Program Files (x86)\Microsoft Visual Studio\2019\Community\VC\Tools\MSVC\14.28.29910\include\type_traits(67,44): error C2065: 'value': undeclared identifier (compiling source file main.cpp)
C:\Program Files (x86)\Microsoft Visual Studio\2019\Community\VC\Tools\MSVC\14.28.29910\include\type_traits(67,44): error C2131: expression did not evaluate to a constant (compiling source file main.cpp)
C:\Program Files (x86)\Microsoft Visual Studio\2019\Community\VC\Tools\MSVC\14.28.29910\include\type_traits(67,44): message : a non-constant (sub-)expression was encountered (compiling source file main.cpp)
C:\Users\andre\Desktop\Qt1\6.0.3\msvc2019_64\include\QtCore\qbytearray.h(304,5): error C2440: '<function-style-cast>': cannot convert from 'const QByteArray' to 'QByteArrayView' (compiling source file main.cpp)
C:\Users\andre\Desktop\Qt1\6.0.3\msvc2019_64\include\QtCore\qbytearray.h(304,5): message : No constructor could take the source type, or constructor overload resolution was ambiguous (compiling source file main.cpp)
C:\Users\andre\Desktop\Qt1\6.0.3\msvc2019_64\include\QtCore\qbytearray.h(304,5): error C2661: 'QByteArray::insert': no overloaded function takes 1 arguments (compiling source file main.cpp)
C:\Users\andre\Desktop\Qt1\6.0.3\msvc2019_64\include\QtCore\qbytearray.h(307,5): error C2440: '<function-style-cast>': cannot convert from 'initializer list' to 'QByteArrayView' (compiling source file main.cpp)
C:\Users\andre\Desktop\Qt1\6.0.3\msvc2019_64\include\QtCore\qbytearray.h(307,5): message : No constructor could take the source type, or constructor overload resolution was ambiguous (compiling source file main.cpp)
C:\Users\andre\Desktop\Qt1\6.0.3\msvc2019_64\include\QtCore\qbytearray.h(307,5): error C2661: 'QByteArray::insert': no overloaded function takes 1 arguments (compiling source file main.cpp)
C:\Users\andre\Desktop\Qt1\6.0.3\msvc2019_64\include\QtCore\qbytearray.h(309,5): error C2440: '<function-style-cast>': cannot convert from 'initializer list' to 'QByteArrayView' (compiling source file main.cpp)
C:\Users\andre\Desktop\Qt1\6.0.3\msvc2019_64\include\QtCore\qbytearray.h(309,5): message : No constructor could take the source type, or constructor overload resolution was ambiguous (compiling source file main.cpp)
C:\Users\andre\Desktop\Qt1\6.0.3\msvc2019_64\include\QtCore\qbytearray.h(309,5): error C2661: 'QByteArray::insert': no overloaded function takes 1 arguments (compiling source file main.cpp)
C:\Users\andre\Desktop\Qt1\6.0.3\msvc2019_64\include\QtCore\qbytearray.h(314,5): error C2440: '<function-style-cast>': cannot convert from 'initializer list' to 'QByteArrayView' (compiling source file main.cpp)
C:\Users\andre\Desktop\Qt1\6.0.3\msvc2019_64\include\QtCore\qbytearray.h(314,5): message : No constructor could take the source type, or constructor overload resolution was ambiguous (compiling source file main.cpp)
C:\Users\andre\Desktop\Qt1\6.0.3\msvc2019_64\include\QtCore\qbytearray.h(317,5): error C2440: '<function-style-cast>': cannot convert from 'initializer list' to 'QByteArrayView' (compiling source file main.cpp)
C:\Users\andre\Desktop\Qt1\6.0.3\msvc2019_64\include\QtCore\qbytearray.h(317,5): message : No constructor could take the source type, or constructor overload resolution was ambiguous (compiling source file main.cpp)
C:\Users\andre\Desktop\Qt1\6.0.3\msvc2019_64\include\QtCore\qbytearray.h(319,5): error C2440: '<function-style-cast>': cannot convert from 'initializer list' to 'QByteArrayView' (compiling source file main.cpp)
C:\Users\andre\Desktop\Qt1\6.0.3\msvc2019_64\include\QtCore\qbytearray.h(319,5): message : No constructor could take the source type, or constructor overload resolution was ambiguous (compiling source file main.cpp)
C:\Users\andre\Desktop\Qt1\6.0.3\msvc2019_64\include\QtCore\qbytearray.h(319,5): error C2661: 'QByteArray::replace': no overloaded function takes 1 arguments (compiling source file main.cpp)
C:\Users\andre\Desktop\Qt1\6.0.3\msvc2019_64\include\QtCore\qbytearray.h(345,5): error C2440: '<function-style-cast>': cannot convert from 'const QByteArray' to 'QByteArrayView' (compiling source file main.cpp)
C:\Users\andre\Desktop\Qt1\6.0.3\msvc2019_64\include\QtCore\qbytearray.h(345,5): message : No constructor could take the source type, or constructor overload resolution was ambiguous (compiling source file main.cpp)
C:\Users\andre\Desktop\Qt1\6.0.3\msvc2019_64\include\QtCore\qnamespace.h(1608,7): warning C5051: attribute 'maybe_unused' requires at least '/std:c++17'; ignored (compiling source file QtWidgetsApplication2.cpp)
C:\Users\andre\Desktop\Qt1\6.0.3\msvc2019_64\include\QtCore\qbytearray.h(347,5): error C2664: 'int QtPrivate::compareMemory(QByteArrayView,QByteArrayView)': cannot convert argument 1 from 'const QByteArray' to 'QByteArrayView' (compiling source file main.cpp)
C:\Users\andre\Desktop\Qt1\6.0.3\msvc2019_64\include\QtCore\qbytearray.h(347,44): message : No user-defined-conversion operator available that can perform this conversion, or the operator cannot be called (compiling source file main.cpp)
C:\Users\andre\Desktop\Qt1\6.0.3\msvc2019_64\include\QtCore\qnamespace.h(1608,61): error C7525: inline variables require at least '/std:c++17' (compiling source file QtWidgetsApplication2.cpp)
C:\Users\andre\Desktop\Qt1\6.0.3\msvc2019_64\include\QtCore\qbytearrayalgorithms.h(70,33): message : see declaration of 'QtPrivate::compareMemory' (compiling source file main.cpp)
C:\Users\andre\Desktop\Qt1\6.0.3\msvc2019_64\include\QtCore\qbytearray.h(349,5): error C2664: 'int QtPrivate::compareMemory(QByteArrayView,QByteArrayView)': cannot convert argument 1 from 'const char *' to 'QByteArrayView' (compiling source file main.cpp)
C:\Users\andre\Desktop\Qt1\6.0.3\msvc2019_64\include\QtCore\qbytearray.h(349,5): fatal error C1003: error count exceeds 100; stopping compilation (compiling source file main.cpp)
C:\Users\andre\Desktop\Qt1\6.0.3\msvc2019_64\include\QtCore\qbytearrayview.h(55): error C2065: 'byte': undeclared identifier (compiling source file QtWidgetsApplication2.cpp)
C:\Users\andre\Desktop\Qt1\6.0.3\msvc2019_64\include\QtCore\qbytearrayview.h(59): message : see reference to class template instantiation 'QtPrivate::IsCompatibleByteTypeHelper<Byte>' being compiled (compiling source file QtWidgetsApplication2.cpp)
C:\Users\andre\Desktop\Qt1\6.0.3\msvc2019_64\include\QtCore\qbytearrayview.h(59,35): error C2923: 'std::is_same_v': 'byte' is not a valid template type argument for parameter '<unnamed-symbol>' (compiling source file QtWidgetsApplication2.cpp)
C:\Users\andre\Desktop\Qt1\6.0.3\msvc2019_64\include\QtCore\qbytearrayview.h(55): error C2062: type 'unknown-type' unexpected (compiling source file QtWidgetsApplication2.cpp)
C:\Users\andre\Desktop\Qt1\6.0.3\msvc2019_64\include\QtCore\qbytearrayview.h(59,63): error C3770: 'unknown-type': is not a valid base class (compiling source file QtWidgetsApplication2.cpp)
C:\Users\andre\Desktop\Qt1\6.0.3\msvc2019_64\include\QtCore\qbytearrayview.h(153,32): error C3615: constexpr function 'QByteArrayView::lengthHelperCharArray' cannot result in a constant expression (compiling source file QtWidgetsApplication2.cpp)
C:\Users\andre\Desktop\Qt1\6.0.3\msvc2019_64\include\QtCore\qbytearrayview.h(155,53): message : failure was caused by call of undefined function or one not declared 'constexpr' (compiling source file QtWidgetsApplication2.cpp)
C:\Users\andre\Desktop\Qt1\6.0.3\msvc2019_64\include\QtCore\qbytearrayview.h(155,53): message : see usage of 'std::_Narrow_char_traits<char,int>::find' (compiling source file QtWidgetsApplication2.cpp)
C:\Users\andre\Desktop\Qt1\6.0.3\msvc2019_64\include\QtCore\qbytearrayview.h(157,39): message : failure was caused by call of undefined function or one not declared 'constexpr' (compiling source file QtWidgetsApplication2.cpp)
C:\Users\andre\Desktop\Qt1\6.0.3\msvc2019_64\include\QtCore\qbytearrayview.h(157,39): message : see usage of 'std::distance' (compiling source file QtWidgetsApplication2.cpp)
C:\Users\andre\Desktop\Qt1\6.0.3\msvc2019_64\include\QtCore\qbytearrayview.h(59,56): error C2039: 'byte': is not a member of 'std' (compiling source file QtWidgetsApplication2.cpp)
C:\Program Files (x86)\Microsoft Visual Studio\2019\Community\VC\Tools\MSVC\14.28.29910\include\string(24): message : see declaration of 'std' (compiling source file QtWidgetsApplication2.cpp)
C:\Users\andre\Desktop\Qt1\6.0.3\msvc2019_64\include\QtCore\qbytearrayview.h(64): message : see reference to class template instantiation 'QtPrivate::IsCompatibleByteTypeHelper<char>' being compiled (compiling source file QtWidgetsApplication2.cpp)
C:\Users\andre\Desktop\Qt1\6.0.3\msvc2019_64\include\QtCore\qbytearrayview.h(228): message : see reference to class template instantiation 'QtPrivate::IsCompatibleByteType<const QByteArrayView::value_type>' being compiled (compiling source file QtWidgetsApplication2.cpp)
C:\Users\andre\Desktop\Qt1\6.0.3\msvc2019_64\include\QtCore\qbytearrayview.h(172): message : see reference to alias template instantiation 'QByteArrayView::if_compatible_byte<const QByteArrayView::value_type>' being compiled (compiling source file QtWidgetsApplication2.cpp)
C:\Users\andre\Desktop\Qt1\6.0.3\msvc2019_64\include\QtCore\qbytearrayview.h(228,5): error C2440: '<function-style-cast>': cannot convert from 'initializer list' to 'QByteArrayView' (compiling source file QtWidgetsApplication2.cpp)
C:\Users\andre\Desktop\Qt1\6.0.3\msvc2019_64\include\QtCore\qbytearrayview.h(228,5): message : No constructor could take the source type, or constructor overload resolution was ambiguous (compiling source file QtWidgetsApplication2.cpp)
C:\Users\andre\Desktop\Qt1\6.0.3\msvc2019_64\include\QtCore\qbytearrayview.h(227,44): error C3615: constexpr function 'QByteArrayView::first' cannot result in a constant expression (compiling source file QtWidgetsApplication2.cpp)
C:\Users\andre\Desktop\Qt1\6.0.3\msvc2019_64\include\QtCore\qbytearrayview.h(228): message : failure was caused by control reaching the end of a constexpr function (compiling source file QtWidgetsApplication2.cpp)
C:\Users\andre\Desktop\Qt1\6.0.3\msvc2019_64\include\QtCore\qbytearrayview.h(230,5): error C2440: '<function-style-cast>': cannot convert from 'initializer list' to 'QByteArrayView' (compiling source file QtWidgetsApplication2.cpp)
C:\Users\andre\Desktop\Qt1\6.0.3\msvc2019_64\include\QtCore\qbytearrayview.h(230,5): message : No constructor could take the source type, or constructor overload resolution was ambiguous (compiling source file QtWidgetsApplication2.cpp)
C:\Users\andre\Desktop\Qt1\6.0.3\msvc2019_64\include\QtCore\qbytearrayview.h(229,44): error C3615: constexpr function 'QByteArrayView::last' cannot result in a constant expression (compiling source file QtWidgetsApplication2.cpp)
C:\Users\andre\Desktop\Qt1\6.0.3\msvc2019_64\include\QtCore\qbytearrayview.h(230): message : failure was caused by control reaching the end of a constexpr function (compiling source file QtWidgetsApplication2.cpp)
C:\Users\andre\Desktop\Qt1\6.0.3\msvc2019_64\include\QtCore\qbytearrayview.h(232,5): error C2440: '<function-style-cast>': cannot convert from 'initializer list' to 'QByteArrayView' (compiling source file QtWidgetsApplication2.cpp)
C:\Users\andre\Desktop\Qt1\6.0.3\msvc2019_64\include\QtCore\qbytearrayview.h(232,5): message : No constructor could take the source type, or constructor overload resolution was ambiguous (compiling source file QtWidgetsApplication2.cpp)
C:\Users\andre\Desktop\Qt1\6.0.3\msvc2019_64\include\QtCore\qbytearrayview.h(231,44): error C3615: constexpr function 'QByteArrayView::sliced' cannot result in a constant expression (compiling source file QtWidgetsApplication2.cpp)
C:\Users\andre\Desktop\Qt1\6.0.3\msvc2019_64\include\QtCore\qbytearrayview.h(232): message : failure was caused by control reaching the end of a constexpr function (compiling source file QtWidgetsApplication2.cpp)
C:\Users\andre\Desktop\Qt1\6.0.3\msvc2019_64\include\QtCore\qbytearrayview.h(234,5): error C2440: '<function-style-cast>': cannot convert from 'initializer list' to 'QByteArrayView' (compiling source file QtWidgetsApplication2.cpp)
C:\Users\andre\Desktop\Qt1\6.0.3\msvc2019_64\include\QtCore\qbytearrayview.h(234,5): message : No constructor could take the source type, or constructor overload resolution was ambiguous (compiling source file QtWidgetsApplication2.cpp)
C:\Users\andre\Desktop\Qt1\6.0.3\msvc2019_64\include\QtCore\qbytearrayview.h(233,44): error C3615: constexpr function 'QByteArrayView::sliced' cannot result in a constant expression (compiling source file QtWidgetsApplication2.cpp)
C:\Users\andre\Desktop\Qt1\6.0.3\msvc2019_64\include\QtCore\qbytearrayview.h(234): message : failure was caused by control reaching the end of a constexpr function (compiling source file QtWidgetsApplication2.cpp)
C:\Users\andre\Desktop\Qt1\6.0.3\msvc2019_64\include\QtCore\qbytearrayview.h(256,5): error C2440: '<function-style-cast>': cannot convert from 'initializer list' to 'QByteArrayView' (compiling source file QtWidgetsApplication2.cpp)
C:\Users\andre\Desktop\Qt1\6.0.3\msvc2019_64\include\QtCore\qbytearrayview.h(256,5): message : No constructor could take the source type, or constructor overload resolution was ambiguous (compiling source file QtWidgetsApplication2.cpp)
C:\Users\andre\Desktop\Qt1\6.0.3\msvc2019_64\include\QtCore\qbytearrayview.h(256,5): error C2660: 'QtPrivate::findByteArray': function does not take 2 arguments (compiling source file QtWidgetsApplication2.cpp)
C:\Users\andre\Desktop\Qt1\6.0.3\msvc2019_64\include\QtCore\qbytearrayalgorithms.h(62,11): message : see declaration of 'QtPrivate::findByteArray' (compiling source file QtWidgetsApplication2.cpp)
C:\Users\andre\Desktop\Qt1\6.0.3\msvc2019_64\include\QtCore\qbytearrayview.h(266,5): error C2440: '<function-style-cast>': cannot convert from 'initializer list' to 'QByteArrayView' (compiling source file QtWidgetsApplication2.cpp)
C:\Users\andre\Desktop\Qt1\6.0.3\msvc2019_64\include\QtCore\qbytearrayview.h(266,5): message : No constructor could take the source type, or constructor overload resolution was ambiguous (compiling source file QtWidgetsApplication2.cpp)
C:\Users\andre\Desktop\Qt1\6.0.3\msvc2019_64\include\QtCore\qbytearrayview.h(266,5): error C2660: 'QtPrivate::lastIndexOf': function does not take 2 arguments (compiling source file QtWidgetsApplication2.cpp)
C:\Users\andre\Desktop\Qt1\6.0.3\msvc2019_64\include\QtCore\qbytearrayalgorithms.h(65,11): message : see declaration of 'QtPrivate::lastIndexOf' (compiling source file QtWidgetsApplication2.cpp)
C:\Users\andre\Desktop\Qt1\6.0.3\msvc2019_64\include\QtCore\qbytearrayview.h(271,5): error C2440: '<function-style-cast>': cannot convert from 'initializer list' to 'QByteArrayView' (compiling source file QtWidgetsApplication2.cpp)
C:\Users\andre\Desktop\Qt1\6.0.3\msvc2019_64\include\QtCore\qbytearrayview.h(271,5): message : No constructor could take the source type, or constructor overload resolution was ambiguous (compiling source file QtWidgetsApplication2.cpp)
C:\Users\andre\Desktop\Qt1\6.0.3\msvc2019_64\include\QtCore\qbytearrayview.h(271,5): error C2660: 'QtPrivate::count': function does not take 1 arguments (compiling source file QtWidgetsApplication2.cpp)
C:\Users\andre\Desktop\Qt1\6.0.3\msvc2019_64\include\QtCore\qbytearrayalgorithms.h(68,11): message : see declaration of 'QtPrivate::count' (compiling source file QtWidgetsApplication2.cpp)
C:\Users\andre\Desktop\Qt1\6.0.3\msvc2019_64\include\QtCore\qbytearrayview.h(280,52): error C3615: constexpr function 'QByteArrayView::rbegin' cannot result in a constant expression (compiling source file QtWidgetsApplication2.cpp)
C:\Users\andre\Desktop\Qt1\6.0.3\msvc2019_64\include\QtCore\qbytearrayview.h(280,108): message : failure was caused by call of undefined function or one not declared 'constexpr' (compiling source file QtWidgetsApplication2.cpp)
C:\Users\andre\Desktop\Qt1\6.0.3\msvc2019_64\include\QtCore\qbytearrayview.h(280,108): message : see usage of 'std::reverse_iterator<QByteArrayView::iterator>::reverse_iterator' (compiling source file QtWidgetsApplication2.cpp)
C:\Users\andre\Desktop\Qt1\6.0.3\msvc2019_64\include\QtCore\qbytearrayview.h(281,52): error C3615: constexpr function 'QByteArrayView::rend' cannot result in a constant expression (compiling source file QtWidgetsApplication2.cpp)
C:\Users\andre\Desktop\Qt1\6.0.3\msvc2019_64\include\QtCore\qbytearrayview.h(281,108): message : failure was caused by call of undefined function or one not declared 'constexpr' (compiling source file QtWidgetsApplication2.cpp)
C:\Users\andre\Desktop\Qt1\6.0.3\msvc2019_64\include\QtCore\qbytearrayview.h(281,108): message : see usage of 'std::reverse_iterator<QByteArrayView::iterator>::reverse_iterator' (compiling source file QtWidgetsApplication2.cpp)
C:\Users\andre\Desktop\Qt1\6.0.3\msvc2019_64\include\QtCore\qbytearray.h(120,41): error C2440: '<function-style-cast>': cannot convert from 'initializer list' to 'QByteArrayView' (compiling source file QtWidgetsApplication2.cpp)
C:\Users\andre\Desktop\Qt1\6.0.3\msvc2019_64\include\QtCore\qbytearray.h(120,41): message : No constructor could take the source type, or constructor overload resolution was ambiguous (compiling source file QtWidgetsApplication2.cpp)
C:\Users\andre\Desktop\Qt1\6.0.3\msvc2019_64\include\QtCore\qbytearray.h(280,5): error C2440: '<function-style-cast>': cannot convert from 'initializer list' to 'QByteArrayView' (compiling source file QtWidgetsApplication2.cpp)
C:\Users\andre\Desktop\Qt1\6.0.3\msvc2019_64\include\QtCore\qbytearray.h(280,5): message : No constructor could take the source type, or constructor overload resolution was ambiguous (compiling source file QtWidgetsApplication2.cpp)
C:\Users\andre\Desktop\Qt1\6.0.3\msvc2019_64\include\QtCore\qbytearray.h(280,5): error C2661: 'QByteArray::insert': no overloaded function takes 1 arguments (compiling source file QtWidgetsApplication2.cpp)
C:\Users\andre\Desktop\Qt1\6.0.3\msvc2019_64\include\QtCore\qbytearray.h(283,5): error C2440: '<function-style-cast>': cannot convert from 'initializer list' to 'QByteArrayView' (compiling source file QtWidgetsApplication2.cpp)
C:\Users\andre\Desktop\Qt1\6.0.3\msvc2019_64\include\QtCore\qbytearray.h(283,5): message : No constructor could take the source type, or constructor overload resolution was ambiguous (compiling source file QtWidgetsApplication2.cpp)
C:\Users\andre\Desktop\Qt1\6.0.3\msvc2019_64\include\QtCore\qbytearray.h(283,5): error C2661: 'QByteArray::insert': no overloaded function takes 1 arguments (compiling source file QtWidgetsApplication2.cpp)
C:\Users\andre\Desktop\Qt1\6.0.3\msvc2019_64\include\QtCore\qbytearray.h(285,5): error C2440: '<function-style-cast>': cannot convert from 'initializer list' to 'QByteArrayView' (compiling source file QtWidgetsApplication2.cpp)
C:\Users\andre\Desktop\Qt1\6.0.3\msvc2019_64\include\QtCore\qbytearray.h(285,5): message : No constructor could take the source type, or constructor overload resolution was ambiguous (compiling source file QtWidgetsApplication2.cpp)
C:\Users\andre\Desktop\Qt1\6.0.3\msvc2019_64\include\QtCore\qbytearray.h(285,5): error C2661: 'QByteArray::insert': no overloaded function takes 1 arguments (compiling source file QtWidgetsApplication2.cpp)
C:\Users\andre\Desktop\Qt1\6.0.3\msvc2019_64\include\QtCore\qbytearray.h(293,5): error C2440: '<function-style-cast>': cannot convert from 'initializer list' to 'QByteArrayView' (compiling source file QtWidgetsApplication2.cpp)
C:\Users\andre\Desktop\Qt1\6.0.3\msvc2019_64\include\QtCore\qbytearray.h(293,5): message : No constructor could take the source type, or constructor overload resolution was ambiguous (compiling source file QtWidgetsApplication2.cpp)
C:\Users\andre\Desktop\Qt1\6.0.3\msvc2019_64\include\QtCore\qbytearray.h(295,5): error C2440: '<function-style-cast>': cannot convert from 'initializer list' to 'QByteArrayView' (compiling source file QtWidgetsApplication2.cpp)
C:\Users\andre\Desktop\Qt1\6.0.3\msvc2019_64\include\QtCore\qbytearray.h(295,5): message : No constructor could take the source type, or constructor overload resolution was ambiguous (compiling source file QtWidgetsApplication2.cpp)
C:\Users\andre\Desktop\Qt1\6.0.3\msvc2019_64\include\QtCore\qbytearray.h(302,5): error C2440: '<function-style-cast>': cannot convert from 'const char *' to 'QByteArrayView' (compiling source file QtWidgetsApplication2.cpp)
C:\Users\andre\Desktop\Qt1\6.0.3\msvc2019_64\include\QtCore\qbytearray.h(302,5): message : No constructor could take the source type, or constructor overload resolution was ambiguous (compiling source file QtWidgetsApplication2.cpp)
C:\Users\andre\Desktop\Qt1\6.0.3\msvc2019_64\include\QtCore\qbytearray.h(302,5): error C2661: 'QByteArray::insert': no overloaded function takes 1 arguments (compiling source file QtWidgetsApplication2.cpp)
C:\Program Files (x86)\Microsoft Visual Studio\2019\Community\VC\Tools\MSVC\14.28.29910\include\type_traits(62,61): error C2039: 'value': is not a member of 'QtPrivate::IsCompatibleByteArrayPointer<const char *>' (compiling source file QtWidgetsApplication2.cpp)
C:\Users\andre\Desktop\Qt1\6.0.3\msvc2019_64\include\QtCore\qbytearrayview.h(129): message : see declaration of 'QtPrivate::IsCompatibleByteArrayPointer<const char *>' (compiling source file QtWidgetsApplication2.cpp)
C:\Program Files (x86)\Microsoft Visual Studio\2019\Community\VC\Tools\MSVC\14.28.29910\include\type_traits(67): message : see reference to class template instantiation 'std::conjunction<QtPrivate::IsCompatibleByteArrayPointer<const char *>,std::is_convertible<qsizetype,qsizetype>,QtPrivate::IsCompatibleByteType<const QByteArrayView::value_type>,std::is_convertible<bool,bool>,std::negation<std::is_same<QByteArray,QByteArray>>,std::negation<std::is_array<QByteArray>>,std::negation<std::is_same<QByteArray,QByteArrayView>>>' being compiled (compiling source file QtWidgetsApplication2.cpp)
C:\Program Files (x86)\Microsoft Visual Studio\2019\Community\VC\Tools\MSVC\14.28.29910\include\type_traits(62): message : see reference to variable template 'const bool conjunction_v<QtPrivate::IsCompatibleByteArrayPointer<char const *>,std::is_convertible<__int64,__int64>,QtPrivate::IsCompatibleByteType<char>,std::is_convertible<bool,bool>,std::negation<std::is_same<QByteArray,QByteArray> >,std::negation<std::is_array<QByteArray> >,std::negation<std::is_same<QByteArray,QByteArrayView> > >' being compiled (compiling source file QtWidgetsApplication2.cpp)
C:\Users\andre\Desktop\Qt1\6.0.3\msvc2019_64\include\QtCore\qbytearrayview.h(199): message : see reference to alias template instantiation 'QByteArrayView::if_compatible_container<QByteArray>' being compiled (compiling source file QtWidgetsApplication2.cpp)
C:\Program Files (x86)\Microsoft Visual Studio\2019\Community\VC\Tools\MSVC\14.28.29910\include\type_traits(62,92): error C2065: 'value': undeclared identifier (compiling source file QtWidgetsApplication2.cpp)
C:\Program Files (x86)\Microsoft Visual Studio\2019\Community\VC\Tools\MSVC\14.28.29910\include\type_traits(62,92): error C2975: '_First_value': invalid template argument for 'std::_Conjunction', expected compile-time constant expression (compiling source file QtWidgetsApplication2.cpp)
C:\Program Files (x86)\Microsoft Visual Studio\2019\Community\VC\Tools\MSVC\14.28.29910\include\type_traits(48): message : see declaration of '_First_value' (compiling source file QtWidgetsApplication2.cpp)
C:\Program Files (x86)\Microsoft Visual Studio\2019\Community\VC\Tools\MSVC\14.28.29910\include\type_traits(67,69): error C2039: 'value': is not a member of 'std::conjunction<QtPrivate::IsCompatibleByteArrayPointer<const char *>,std::is_convertible<qsizetype,qsizetype>,QtPrivate::IsCompatibleByteType<const QByteArrayView::value_type>,std::is_convertible<bool,bool>,std::negation<std::is_same<QByteArray,QByteArray>>,std::negation<std::is_array<QByteArray>>,std::negation<std::is_same<QByteArray,QByteArrayView>>>' (compiling source file QtWidgetsApplication2.cpp)
C:\Program Files (x86)\Microsoft Visual Studio\2019\Community\VC\Tools\MSVC\14.28.29910\include\type_traits(67): message : see declaration of 'std::conjunction<QtPrivate::IsCompatibleByteArrayPointer<const char *>,std::is_convertible<qsizetype,qsizetype>,QtPrivate::IsCompatibleByteType<const QByteArrayView::value_type>,std::is_convertible<bool,bool>,std::negation<std::is_same<QByteArray,QByteArray>>,std::negation<std::is_array<QByteArray>>,std::negation<std::is_same<QByteArray,QByteArrayView>>>' (compiling source file QtWidgetsApplication2.cpp)
C:\Program Files (x86)\Microsoft Visual Studio\2019\Community\VC\Tools\MSVC\14.28.29910\include\type_traits(67,44): error C2065: 'value': undeclared identifier (compiling source file QtWidgetsApplication2.cpp)
C:\Program Files (x86)\Microsoft Visual Studio\2019\Community\VC\Tools\MSVC\14.28.29910\include\type_traits(67,44): error C2131: expression did not evaluate to a constant (compiling source file QtWidgetsApplication2.cpp)
C:\Program Files (x86)\Microsoft Visual Studio\2019\Community\VC\Tools\MSVC\14.28.29910\include\type_traits(67,44): message : a non-constant (sub-)expression was encountered (compiling source file QtWidgetsApplication2.cpp)
C:\Users\andre\Desktop\Qt1\6.0.3\msvc2019_64\include\QtCore\qbytearray.h(304,5): error C2440: '<function-style-cast>': cannot convert from 'const QByteArray' to 'QByteArrayView' (compiling source file QtWidgetsApplication2.cpp)
C:\Users\andre\Desktop\Qt1\6.0.3\msvc2019_64\include\QtCore\qbytearray.h(304,5): message : No constructor could take the source type, or constructor overload resolution was ambiguous (compiling source file QtWidgetsApplication2.cpp)
C:\Users\andre\Desktop\Qt1\6.0.3\msvc2019_64\include\QtCore\qbytearray.h(304,5): error C2661: 'QByteArray::insert': no overloaded function takes 1 arguments (compiling source file QtWidgetsApplication2.cpp)
C:\Users\andre\Desktop\Qt1\6.0.3\msvc2019_64\include\QtCore\qbytearray.h(307,5): error C2440: '<function-style-cast>': cannot convert from 'initializer list' to 'QByteArrayView' (compiling source file QtWidgetsApplication2.cpp)
C:\Users\andre\Desktop\Qt1\6.0.3\msvc2019_64\include\QtCore\qbytearray.h(307,5): message : No constructor could take the source type, or constructor overload resolution was ambiguous (compiling source file QtWidgetsApplication2.cpp)
C:\Users\andre\Desktop\Qt1\6.0.3\msvc2019_64\include\QtCore\qbytearray.h(307,5): error C2661: 'QByteArray::insert': no overloaded function takes 1 arguments (compiling source file QtWidgetsApplication2.cpp)
C:\Users\andre\Desktop\Qt1\6.0.3\msvc2019_64\include\QtCore\qbytearray.h(309,5): error C2440: '<function-style-cast>': cannot convert from 'initializer list' to 'QByteArrayView' (compiling source file QtWidgetsApplication2.cpp)
C:\Users\andre\Desktop\Qt1\6.0.3\msvc2019_64\include\QtCore\qbytearray.h(309,5): message : No constructor could take the source type, or constructor overload resolution was ambiguous (compiling source file QtWidgetsApplication2.cpp)
C:\Users\andre\Desktop\Qt1\6.0.3\msvc2019_64\include\QtCore\qbytearray.h(309,5): error C2661: 'QByteArray::insert': no overloaded function takes 1 arguments (compiling source file QtWidgetsApplication2.cpp)
C:\Users\andre\Desktop\Qt1\6.0.3\msvc2019_64\include\QtCore\qbytearray.h(314,5): error C2440: '<function-style-cast>': cannot convert from 'initializer list' to 'QByteArrayView' (compiling source file QtWidgetsApplication2.cpp)
C:\Users\andre\Desktop\Qt1\6.0.3\msvc2019_64\include\QtCore\qbytearray.h(314,5): message : No constructor could take the source type, or constructor overload resolution was ambiguous (compiling source file QtWidgetsApplication2.cpp)
C:\Users\andre\Desktop\Qt1\6.0.3\msvc2019_64\include\QtCore\qbytearray.h(317,5): error C2440: '<function-style-cast>': cannot convert from 'initializer list' to 'QByteArrayView' (compiling source file QtWidgetsApplication2.cpp)
C:\Users\andre\Desktop\Qt1\6.0.3\msvc2019_64\include\QtCore\qbytearray.h(317,5): message : No constructor could take the source type, or constructor overload resolution was ambiguous (compiling source file QtWidgetsApplication2.cpp)
C:\Users\andre\Desktop\Qt1\6.0.3\msvc2019_64\include\QtCore\qbytearray.h(319,5): error C2440: '<function-style-cast>': cannot convert from 'initializer list' to 'QByteArrayView' (compiling source file QtWidgetsApplication2.cpp)
C:\Users\andre\Desktop\Qt1\6.0.3\msvc2019_64\include\QtCore\qbytearray.h(319,5): message : No constructor could take the source type, or constructor overload resolution was ambiguous (compiling source file QtWidgetsApplication2.cpp)
C:\Users\andre\Desktop\Qt1\6.0.3\msvc2019_64\include\QtCore\qbytearray.h(319,5): error C2661: 'QByteArray::replace': no overloaded function takes 1 arguments (compiling source file QtWidgetsApplication2.cpp)
C:\Users\andre\Desktop\Qt1\6.0.3\msvc2019_64\include\QtCore\qbytearray.h(345,5): error C2440: '<function-style-cast>': cannot convert from 'const QByteArray' to 'QByteArrayView' (compiling source file QtWidgetsApplication2.cpp)
C:\Users\andre\Desktop\Qt1\6.0.3\msvc2019_64\include\QtCore\qbytearray.h(345,5): message : No constructor could take the source type, or constructor overload resolution was ambiguous (compiling source file QtWidgetsApplication2.cpp)
C:\Users\andre\Desktop\Qt1\6.0.3\msvc2019_64\include\QtCore\qbytearray.h(347,5): error C2664: 'int QtPrivate::compareMemory(QByteArrayView,QByteArrayView)': cannot convert argument 1 from 'const QByteArray' to 'QByteArrayView' (compiling source file QtWidgetsApplication2.cpp)
C:\Users\andre\Desktop\Qt1\6.0.3\msvc2019_64\include\QtCore\qbytearray.h(347,44): message : No user-defined-conversion operator available that can perform this conversion, or the operator cannot be called (compiling source file QtWidgetsApplication2.cpp)
C:\Users\andre\Desktop\Qt1\6.0.3\msvc2019_64\include\QtCore\qbytearrayalgorithms.h(70,33): message : see declaration of 'QtPrivate::compareMemory' (compiling source file QtWidgetsApplication2.cpp)
C:\Users\andre\Desktop\Qt1\6.0.3\msvc2019_64\include\QtCore\qbytearray.h(349,5): error C2664: 'int QtPrivate::compareMemory(QByteArrayView,QByteArrayView)': cannot convert argument 1 from 'const char *' to 'QByteArrayView' (compiling source file QtWidgetsApplication2.cpp)
C:\Users\andre\Desktop\Qt1\6.0.3\msvc2019_64\include\QtCore\qbytearray.h(349,5): fatal error C1003: error count exceeds 100; stopping compilation (compiling source file QtWidgetsApplication2.cpp)
